#
# There is insufficient memory for the Java Runtime Environment to continue.
# Native memory allocation (malloc) failed to allocate 4463376 bytes for Chunk::new
# Possible reasons:
#   The system is out of physical RAM or swap space
#   The process is running with CompressedOops enabled, and the Java Heap may be blocking the growth of the native heap
# Possible solutions:
#   Reduce memory load on the system
#   Increase physical memory or swap space
#   Check if swap backing store is full
#   Decrease Java heap size (-Xmx/-Xms)
#   Decrease number of Java threads
#   Decrease Java thread stack sizes (-Xss)
#   Set larger code cache with -XX:ReservedCodeCacheSize=
#   JVM is running with Unscaled Compressed Oops mode in which the Java heap is
#     placed in the first 4GB address space. The Java Heap base address is the
#     maximum limit for the native heap growth. Please use -XX:HeapBaseMinAddress
#     to set the Java Heap base and to place the Java Heap above 4GB virtual address.
# This output file may be truncated or incomplete.
#
#  Out of Memory Error (arena.cpp:189), pid=6740, tid=1320
#
# JRE version: OpenJDK Runtime Environment Temurin-17.0.4.1+1 (17.0.4.1+1) (build 17.0.4.1+1)
# Java VM: OpenJDK 64-Bit Server VM Temurin-17.0.4.1+1 (17.0.4.1+1, mixed mode, tiered, compressed oops, compressed class ptrs, parallel gc, windows-amd64)
# No core dump will be written. Minidumps are not enabled by default on client versions of Windows
#

---------------  S U M M A R Y ------------

Command Line: --add-modules=ALL-SYSTEM --add-opens=java.base/java.util=ALL-UNNAMED --add-opens=java.base/java.lang=ALL-UNNAMED --add-opens=java.base/sun.nio.fs=ALL-UNNAMED -Declipse.application=org.eclipse.jdt.ls.core.id1 -Dosgi.bundles.defaultStartLevel=4 -Declipse.product=org.eclipse.jdt.ls.core.product -Djava.import.generatesMetadataFilesAtProjectRoot=false -Dfile.encoding=utf8 -XX:+UseParallelGC -XX:GCTimeRatio=4 -XX:AdaptiveSizePolicyWeight=90 -Dsun.zip.disableMemoryMapping=true -Xmx1G -Xms100m -Xlog:jni+resolve=off -javaagent:c:\Users\thali\.vscode\extensions\redhat.java-1.12.0-win32-x64\lombok\lombok-1.18.24.jar -XX:+HeapDumpOnOutOfMemoryError -XX:HeapDumpPath=c:\Users\thali\AppData\Roaming\Code\User\workspaceStorage\311d4b22935f93f5c5fd771867236701\redhat.java c:\Users\thali\.vscode\extensions\redhat.java-1.12.0-win32-x64\server\plugins\org.eclipse.equinox.launcher_1.6.400.v20210924-0641.jar -configuration c:\Users\thali\AppData\Roaming\Code\User\globalStorage\redhat.java\1.12.0\config_win -data c:\Users\thali\AppData\Roaming\Code\User\workspaceStorage\311d4b22935f93f5c5fd771867236701\redhat.java\jdt_ws

Host: 11th Gen Intel(R) Core(TM) i3-1115G4 @ 3.00GHz, 4 cores, 3G,  Windows 11 , 64 bit Build 22621 (10.0.22621.755)
Time: Tue Nov 29 11:41:04 2022 Hora Padrão da Bahia elapsed time: 24.283716 seconds (0d 0h 0m 24s)

---------------  T H R E A D  ---------------

Current thread (0x000001f6640462d0):  JavaThread "C2 CompilerThread0" daemon [_thread_in_native, id=1320, stack(0x0000000665e00000,0x0000000665f00000)]


Current CompileTask:
C2:  24283 7170       4       org.eclipse.jdt.internal.compiler.lookup.BinaryTypeBinding::createMethod (1719 bytes)

Stack: [0x0000000665e00000,0x0000000665f00000]
Native frames: (J=compiled Java code, j=interpreted, Vv=VM code, C=native code)
V  [jvm.dll+0x67731a]
V  [jvm.dll+0x832284]
V  [jvm.dll+0x833a2e]
V  [jvm.dll+0x834093]
V  [jvm.dll+0x245775]
V  [jvm.dll+0xabd7b]
V  [jvm.dll+0xac30c]
V  [jvm.dll+0x363a97]
V  [jvm.dll+0x1bbf38]
V  [jvm.dll+0x2187d9]
V  [jvm.dll+0x217aa1]
V  [jvm.dll+0x1a3f8d]
V  [jvm.dll+0x227498]
V  [jvm.dll+0x2255e5]
V  [jvm.dll+0x7e7e9b]
V  [jvm.dll+0x7e240a]
V  [jvm.dll+0x6761a5]
C  [ucrtbase.dll+0x29363]
C  [KERNEL32.DLL+0x1244d]
C  [ntdll.dll+0x5dfb8]


---------------  P R O C E S S  ---------------

Threads class SMR info:
_java_thread_list=0x000001f665ffec60, length=28, elements={
0x000001f64e2a2510, 0x000001f664011040, 0x000001f664013430, 0x000001f66403cf20,
0x000001f66403d8e0, 0x000001f664042960, 0x000001f664045630, 0x000001f6640462d0,
0x000001f665a2c4d0, 0x000001f665a311a0, 0x000001f64e3612c0, 0x000001f665bd5400,
0x000001f6663105c0, 0x000001f66646e460, 0x000001f66646eee0, 0x000001f6662bdf60,
0x000001f66753a0c0, 0x000001f667537a40, 0x000001f667536bd0, 0x000001f667537570,
0x000001f667536700, 0x000001f667539bf0, 0x000001f6675370a0, 0x000001f667537f10,
0x000001f6675383e0, 0x000001f6675388b0, 0x000001f667539250, 0x000001f66639fa80
}

Java Threads: ( => current thread )
  0x000001f64e2a2510 JavaThread "main" [_thread_blocked, id=8240, stack(0x0000000665400000,0x0000000665500000)]
  0x000001f664011040 JavaThread "Reference Handler" daemon [_thread_blocked, id=12360, stack(0x0000000665800000,0x0000000665900000)]
  0x000001f664013430 JavaThread "Finalizer" daemon [_thread_blocked, id=10748, stack(0x0000000665900000,0x0000000665a00000)]
  0x000001f66403cf20 JavaThread "Signal Dispatcher" daemon [_thread_blocked, id=12048, stack(0x0000000665a00000,0x0000000665b00000)]
  0x000001f66403d8e0 JavaThread "Attach Listener" daemon [_thread_blocked, id=12100, stack(0x0000000665b00000,0x0000000665c00000)]
  0x000001f664042960 JavaThread "Service Thread" daemon [_thread_blocked, id=13732, stack(0x0000000665c00000,0x0000000665d00000)]
  0x000001f664045630 JavaThread "Monitor Deflation Thread" daemon [_thread_blocked, id=7224, stack(0x0000000665d00000,0x0000000665e00000)]
=>0x000001f6640462d0 JavaThread "C2 CompilerThread0" daemon [_thread_in_native, id=1320, stack(0x0000000665e00000,0x0000000665f00000)]
  0x000001f665a2c4d0 JavaThread "C1 CompilerThread0" daemon [_thread_blocked, id=13964, stack(0x0000000665f00000,0x0000000666000000)]
  0x000001f665a311a0 JavaThread "Sweeper thread" daemon [_thread_blocked, id=12932, stack(0x0000000666000000,0x0000000666100000)]
  0x000001f64e3612c0 JavaThread "Common-Cleaner" daemon [_thread_blocked, id=12632, stack(0x0000000666100000,0x0000000666200000)]
  0x000001f665bd5400 JavaThread "Notification Thread" daemon [_thread_blocked, id=11492, stack(0x0000000666200000,0x0000000666300000)]
  0x000001f6663105c0 JavaThread "Active Thread: Equinox Container: 297e9b36-54e9-460e-801a-96cedc2336ee" [_thread_blocked, id=5844, stack(0x0000000666700000,0x0000000666800000)]
  0x000001f66646e460 JavaThread "Framework Event Dispatcher: Equinox Container: 297e9b36-54e9-460e-801a-96cedc2336ee" daemon [_thread_blocked, id=10952, stack(0x0000000666800000,0x0000000666900000)]
  0x000001f66646eee0 JavaThread "Start Level: Equinox Container: 297e9b36-54e9-460e-801a-96cedc2336ee" daemon [_thread_blocked, id=8236, stack(0x0000000666900000,0x0000000666a00000)]
  0x000001f6662bdf60 JavaThread "SCR Component Actor" daemon [_thread_blocked, id=13068, stack(0x0000000666a00000,0x0000000666b00000)]
  0x000001f66753a0c0 JavaThread "Bundle File Closer" daemon [_thread_blocked, id=5008, stack(0x0000000666c00000,0x0000000666d00000)]
  0x000001f667537a40 JavaThread "Worker-JM" [_thread_blocked, id=13944, stack(0x0000000666d00000,0x0000000666e00000)]
  0x000001f667536bd0 JavaThread "Worker-0" [_thread_blocked, id=944, stack(0x0000000666e00000,0x0000000666f00000)]
  0x000001f667537570 JavaThread "Worker-1" [_thread_blocked, id=4012, stack(0x0000000666f00000,0x0000000667000000)]
  0x000001f667536700 JavaThread "Worker-2: Initialize workspace" [_thread_blocked, id=3620, stack(0x0000000667000000,0x0000000667100000)]
  0x000001f667539bf0 JavaThread "Java indexing" daemon [_thread_blocked, id=10404, stack(0x0000000667100000,0x0000000667200000)]
  0x000001f6675370a0 JavaThread "JNA Cleaner" daemon [_thread_blocked, id=10416, stack(0x0000000667200000,0x0000000667300000)]
  0x000001f667537f10 JavaThread "pool-2-thread-1" [_thread_blocked, id=13868, stack(0x0000000667300000,0x0000000667400000)]
  0x000001f6675383e0 JavaThread "pool-1-thread-1" [_thread_blocked, id=14204, stack(0x0000000666b00000,0x0000000666c00000)]
  0x000001f6675388b0 JavaThread "Worker-3" [_thread_blocked, id=12728, stack(0x0000000667400000,0x0000000667500000)]
  0x000001f667539250 JavaThread "Worker-4" [_thread_blocked, id=10244, stack(0x0000000667500000,0x0000000667600000)]
  0x000001f66639fa80 JavaThread "ForkJoinPool.commonPool-worker-1" daemon [_thread_in_native, id=1004, stack(0x0000000667600000,0x0000000667700000)]

Other Threads:
  0x000001f663f18f10 VMThread "VM Thread" [stack: 0x0000000665700000,0x0000000665800000] [id=11424]
  0x000001f665cf4120 WatcherThread [stack: 0x0000000666300000,0x0000000666400000] [id=11208]
  0x000001f64e2b94b0 GCTaskThread "GC Thread#0" [stack: 0x0000000665600000,0x0000000665700000] [id=6868]
  0x000001f66631b300 GCTaskThread "GC Thread#1" [stack: 0x0000000666400000,0x0000000666500000] [id=2404]
  0x000001f665d86490 GCTaskThread "GC Thread#2" [stack: 0x0000000666500000,0x0000000666600000] [id=4336]
  0x000001f665d86740 GCTaskThread "GC Thread#3" [stack: 0x0000000666600000,0x0000000666700000] [id=11428]

Threads with active compile tasks:
C2 CompilerThread0    24310 7170       4       org.eclipse.jdt.internal.compiler.lookup.BinaryTypeBinding::createMethod (1719 bytes)

VM state: not at safepoint (normal execution)

VM Mutex/Monitor currently owned by a thread: None

Heap address: 0x00000000c0000000, size: 1024 MB, Compressed Oops mode: 32-bit

CDS archive(s) not mapped
Compressed class space mapped at: 0x0000000100000000-0x0000000140000000, reserved size: 1073741824
Narrow klass base: 0x0000000000000000, Narrow klass shift: 3, Narrow klass range: 0x140000000

GC Precious Log:
 CPUs: 4 total, 4 available
 Memory: 3818M
 Large Page Support: Disabled
 NUMA Support: Disabled
 Compressed Oops: Enabled (32-bit)
 Alignments: Space 512K, Generation 512K, Heap 2M
 Heap Min Capacity: 100M
 Heap Initial Capacity: 100M
 Heap Max Capacity: 1G
 Pre-touch: Disabled
 Parallel Workers: 4

Heap:
 PSYoungGen      total 24064K, used 20093K [0x00000000eab00000, 0x00000000ec480000, 0x0000000100000000)
  eden space 20992K, 95% used [0x00000000eab00000,0x00000000ebe9f4a0,0x00000000ebf80000)
  from space 3072K, 0% used [0x00000000ec000000,0x00000000ec000000,0x00000000ec300000)
  to   space 1024K, 0% used [0x00000000ec380000,0x00000000ec380000,0x00000000ec480000)
 ParOldGen       total 68608K, used 40322K [0x00000000c0000000, 0x00000000c4300000, 0x00000000eab00000)
  object space 68608K, 58% used [0x00000000c0000000,0x00000000c2760960,0x00000000c4300000)
 Metaspace       used 61744K, committed 62912K, reserved 1105920K
  class space    used 6692K, committed 7232K, reserved 1048576K

Card table byte_map: [0x000001f6618f0000,0x000001f661b00000] _byte_map_base: 0x000001f6612f0000

Marking Bits: (ParMarkBitMap*) 0x00007ff9f13c2cc0
 Begin Bits: [0x000001f661c60000, 0x000001f662c60000)
 End Bits:   [0x000001f662c60000, 0x000001f663c60000)

Polling page: 0x000001f64e370000

Metaspace:

Usage:
  Non-class:     53.76 MB used.
      Class:      6.54 MB used.
       Both:     60.30 MB used.

Virtual space:
  Non-class space:       56.00 MB reserved,      54.38 MB ( 97%) committed,  7 nodes.
      Class space:        1.00 GB reserved,       7.06 MB ( <1%) committed,  1 nodes.
             Both:        1.05 GB reserved,      61.44 MB (  6%) committed. 

Chunk freelists:
   Non-Class:  1.67 MB
       Class:  823.00 KB
        Both:  2.48 MB

MaxMetaspaceSize: unlimited
CompressedClassSpaceSize: 1.00 GB
Initial GC threshold: 21.00 MB
Current GC threshold: 97.31 MB
CDS: off
MetaspaceReclaimPolicy: balanced
 - commit_granule_bytes: 65536.
 - commit_granule_words: 8192.
 - virtual_space_node_default_size: 1048576.
 - enlarge_chunks_in_place: 1.
 - new_chunks_are_fully_committed: 0.
 - uncommit_free_chunks: 1.
 - use_allocation_guard: 0.
 - handle_deallocations: 1.


Internal statistics:

num_allocs_failed_limit: 11.
num_arena_births: 648.
num_arena_deaths: 14.
num_vsnodes_births: 8.
num_vsnodes_deaths: 0.
num_space_committed: 983.
num_space_uncommitted: 0.
num_chunks_returned_to_freelist: 25.
num_chunks_taken_from_freelist: 2991.
num_chunk_merges: 15.
num_chunk_splits: 1981.
num_chunks_enlarged: 1227.
num_purges: 2.
num_inconsistent_stats: 0.

CodeHeap 'non-profiled nmethods': size=120000Kb used=3370Kb max_used=3370Kb free=116629Kb
 bounds [0x000001f65a1d0000, 0x000001f65a520000, 0x000001f661700000]
CodeHeap 'profiled nmethods': size=120000Kb used=14298Kb max_used=14298Kb free=105701Kb
 bounds [0x000001f652ca0000, 0x000001f653aa0000, 0x000001f65a1d0000]
CodeHeap 'non-nmethods': size=5760Kb used=1343Kb max_used=1373Kb free=4416Kb
 bounds [0x000001f652700000, 0x000001f652970000, 0x000001f652ca0000]
 total_blobs=7169 nmethods=6492 adapters=589
 compilation: enabled
              stopped_count=0, restarted_count=0
 full_count=0

Compilation events (20 events):
Event: 24.253 Thread 0x000001f665a2c4d0 7342       2       com.sun.org.apache.xerces.internal.impl.dtd.XMLSimpleType::<init> (5 bytes)
Event: 24.253 Thread 0x000001f665a2c4d0 nmethod 7342 0x000001f653440e10 code [0x000001f653440fa0, 0x000001f653441098]
Event: 24.256 Thread 0x000001f665a2c4d0 7343       2       org.mapstruct.ap.shaded.freemarker.core.FMParser::jj_save (78 bytes)
Event: 24.256 Thread 0x000001f665a2c4d0 nmethod 7343 0x000001f653a88a90 code [0x000001f653a88c40, 0x000001f653a88e98]
Event: 24.256 Thread 0x000001f665a2c4d0 7344       2       org.mapstruct.ap.shaded.freemarker.core.TemplateObject::<init> (5 bytes)
Event: 24.256 Thread 0x000001f665a2c4d0 nmethod 7344 0x000001f6536b2a90 code [0x000001f6536b2c20, 0x000001f6536b2d18]
Event: 24.256 Thread 0x000001f665a2c4d0 7345   !   2       org.mapstruct.ap.shaded.freemarker.core.FMParserTokenManager::getNextToken (620 bytes)
Event: 24.260 Thread 0x000001f665a2c4d0 nmethod 7345 0x000001f653a89010 code [0x000001f653a89300, 0x000001f653a89f78]
Event: 24.260 Thread 0x000001f665a2c4d0 7346       2       org.mapstruct.ap.shaded.freemarker.core.TemplateElement::isLeaf (32 bytes)
Event: 24.261 Thread 0x000001f665a2c4d0 nmethod 7346 0x000001f653a8a810 code [0x000001f653a8a9a0, 0x000001f653a8ab08]
Event: 24.261 Thread 0x000001f665a2c4d0 7347       2       org.mapstruct.ap.shaded.freemarker.core.TemplateElement::previousSibling (76 bytes)
Event: 24.261 Thread 0x000001f665a2c4d0 nmethod 7347 0x000001f653a8ab90 code [0x000001f653a8ad80, 0x000001f653a8b0a8]
Event: 24.276 Thread 0x000001f665a2c4d0 7348       1       org.eclipse.core.runtime.QualifiedName::getLocalName (5 bytes)
Event: 24.276 Thread 0x000001f665a2c4d0 nmethod 7348 0x000001f65a51a290 code [0x000001f65a51a420, 0x000001f65a51a4f8]
Event: 24.276 Thread 0x000001f665a2c4d0 7349  s    2       org.eclipse.core.internal.filesystem.InternalFileSystemCore::getFileSystemRegistry (154 bytes)
Event: 24.277 Thread 0x000001f665a2c4d0 nmethod 7349 0x000001f653a8b210 code [0x000001f653a8b4a0, 0x000001f653a8bdb8]
Event: 24.278 Thread 0x000001f665a2c4d0 7350       2       java.nio.file.Path::of (119 bytes)
Event: 24.279 Thread 0x000001f665a2c4d0 nmethod 7350 0x000001f653a8c510 code [0x000001f653a8c7c0, 0x000001f653a8ce98]
Event: 24.279 Thread 0x000001f665a2c4d0 7351       2       sun.nio.fs.WindowsUriSupport::fromUri (312 bytes)
Event: 24.281 Thread 0x000001f665a2c4d0 nmethod 7351 0x000001f653a8d310 code [0x000001f653a8d6a0, 0x000001f653a8e5e8]

GC Heap History (20 events):
Event: 18.689 GC heap before
{Heap before GC invocations=25 (full 2):
 PSYoungGen      total 21504K, used 21494K [0x00000000eab00000, 0x00000000ec180000, 0x0000000100000000)
  eden space 20992K, 100% used [0x00000000eab00000,0x00000000ebf80000,0x00000000ebf80000)
  from space 512K, 98% used [0x00000000ec100000,0x00000000ec17da78,0x00000000ec180000)
  to   space 1024K, 0% used [0x00000000ebf80000,0x00000000ebf80000,0x00000000ec080000)
 ParOldGen       total 68608K, used 33254K [0x00000000c0000000, 0x00000000c4300000, 0x00000000eab00000)
  object space 68608K, 48% used [0x00000000c0000000,0x00000000c2079970,0x00000000c4300000)
 Metaspace       used 52849K, committed 53760K, reserved 1097728K
  class space    used 5676K, committed 6080K, reserved 1048576K
}
Event: 18.692 GC heap after
{Heap after GC invocations=25 (full 2):
 PSYoungGen      total 22016K, used 1017K [0x00000000eab00000, 0x00000000ec480000, 0x0000000100000000)
  eden space 20992K, 0% used [0x00000000eab00000,0x00000000eab00000,0x00000000ebf80000)
  from space 1024K, 99% used [0x00000000ebf80000,0x00000000ec07e758,0x00000000ec080000)
  to   space 2560K, 0% used [0x00000000ec200000,0x00000000ec200000,0x00000000ec480000)
 ParOldGen       total 68608K, used 34085K [0x00000000c0000000, 0x00000000c4300000, 0x00000000eab00000)
  object space 68608K, 49% used [0x00000000c0000000,0x00000000c2149530,0x00000000c4300000)
 Metaspace       used 52849K, committed 53760K, reserved 1097728K
  class space    used 5676K, committed 6080K, reserved 1048576K
}
Event: 18.876 GC heap before
{Heap before GC invocations=26 (full 2):
 PSYoungGen      total 22016K, used 22009K [0x00000000eab00000, 0x00000000ec480000, 0x0000000100000000)
  eden space 20992K, 100% used [0x00000000eab00000,0x00000000ebf80000,0x00000000ebf80000)
  from space 1024K, 99% used [0x00000000ebf80000,0x00000000ec07e758,0x00000000ec080000)
  to   space 2560K, 0% used [0x00000000ec200000,0x00000000ec200000,0x00000000ec480000)
 ParOldGen       total 68608K, used 34085K [0x00000000c0000000, 0x00000000c4300000, 0x00000000eab00000)
  object space 68608K, 49% used [0x00000000c0000000,0x00000000c2149530,0x00000000c4300000)
 Metaspace       used 52876K, committed 53824K, reserved 1097728K
  class space    used 5676K, committed 6080K, reserved 1048576K
}
Event: 18.878 GC heap after
{Heap after GC invocations=26 (full 2):
 PSYoungGen      total 22016K, used 700K [0x00000000eab00000, 0x00000000ec300000, 0x0000000100000000)
  eden space 20992K, 0% used [0x00000000eab00000,0x00000000eab00000,0x00000000ebf80000)
  from space 1024K, 68% used [0x00000000ec200000,0x00000000ec2af270,0x00000000ec300000)
  to   space 1536K, 0% used [0x00000000ec000000,0x00000000ec000000,0x00000000ec180000)
 ParOldGen       total 68608K, used 34941K [0x00000000c0000000, 0x00000000c4300000, 0x00000000eab00000)
  object space 68608K, 50% used [0x00000000c0000000,0x00000000c221f770,0x00000000c4300000)
 Metaspace       used 52876K, committed 53824K, reserved 1097728K
  class space    used 5676K, committed 6080K, reserved 1048576K
}
Event: 19.534 GC heap before
{Heap before GC invocations=27 (full 2):
 PSYoungGen      total 22016K, used 21692K [0x00000000eab00000, 0x00000000ec300000, 0x0000000100000000)
  eden space 20992K, 100% used [0x00000000eab00000,0x00000000ebf80000,0x00000000ebf80000)
  from space 1024K, 68% used [0x00000000ec200000,0x00000000ec2af270,0x00000000ec300000)
  to   space 1536K, 0% used [0x00000000ec000000,0x00000000ec000000,0x00000000ec180000)
 ParOldGen       total 68608K, used 34941K [0x00000000c0000000, 0x00000000c4300000, 0x00000000eab00000)
  object space 68608K, 50% used [0x00000000c0000000,0x00000000c221f770,0x00000000c4300000)
 Metaspace       used 54557K, committed 55552K, reserved 1105920K
  class space    used 5851K, committed 6272K, reserved 1048576K
}
Event: 19.537 GC heap after
{Heap after GC invocations=27 (full 2):
 PSYoungGen      total 22528K, used 375K [0x00000000eab00000, 0x00000000ec280000, 0x0000000100000000)
  eden space 20992K, 0% used [0x00000000eab00000,0x00000000eab00000,0x00000000ebf80000)
  from space 1536K, 24% used [0x00000000ec000000,0x00000000ec05df50,0x00000000ec180000)
  to   space 1024K, 0% used [0x00000000ec180000,0x00000000ec180000,0x00000000ec280000)
 ParOldGen       total 68608K, used 34965K [0x00000000c0000000, 0x00000000c4300000, 0x00000000eab00000)
  object space 68608K, 50% used [0x00000000c0000000,0x00000000c2225770,0x00000000c4300000)
 Metaspace       used 54557K, committed 55552K, reserved 1105920K
  class space    used 5851K, committed 6272K, reserved 1048576K
}
Event: 20.123 GC heap before
{Heap before GC invocations=28 (full 2):
 PSYoungGen      total 22528K, used 21367K [0x00000000eab00000, 0x00000000ec280000, 0x0000000100000000)
  eden space 20992K, 100% used [0x00000000eab00000,0x00000000ebf80000,0x00000000ebf80000)
  from space 1536K, 24% used [0x00000000ec000000,0x00000000ec05df50,0x00000000ec180000)
  to   space 1024K, 0% used [0x00000000ec180000,0x00000000ec180000,0x00000000ec280000)
 ParOldGen       total 68608K, used 34965K [0x00000000c0000000, 0x00000000c4300000, 0x00000000eab00000)
  object space 68608K, 50% used [0x00000000c0000000,0x00000000c2225770,0x00000000c4300000)
 Metaspace       used 55296K, committed 56320K, reserved 1105920K
  class space    used 5910K, committed 6336K, reserved 1048576K
}
Event: 20.127 GC heap after
{Heap after GC invocations=28 (full 2):
 PSYoungGen      total 22016K, used 640K [0x00000000eab00000, 0x00000000ec280000, 0x0000000100000000)
  eden space 20992K, 0% used [0x00000000eab00000,0x00000000eab00000,0x00000000ebf80000)
  from space 1024K, 62% used [0x00000000ec180000,0x00000000ec220000,0x00000000ec280000)
  to   space 1024K, 0% used [0x00000000ec080000,0x00000000ec080000,0x00000000ec180000)
 ParOldGen       total 68608K, used 35292K [0x00000000c0000000, 0x00000000c4300000, 0x00000000eab00000)
  object space 68608K, 51% used [0x00000000c0000000,0x00000000c2277130,0x00000000c4300000)
 Metaspace       used 55296K, committed 56320K, reserved 1105920K
  class space    used 5910K, committed 6336K, reserved 1048576K
}
Event: 20.787 GC heap before
{Heap before GC invocations=29 (full 2):
 PSYoungGen      total 22016K, used 21632K [0x00000000eab00000, 0x00000000ec280000, 0x0000000100000000)
  eden space 20992K, 100% used [0x00000000eab00000,0x00000000ebf80000,0x00000000ebf80000)
  from space 1024K, 62% used [0x00000000ec180000,0x00000000ec220000,0x00000000ec280000)
  to   space 1024K, 0% used [0x00000000ec080000,0x00000000ec080000,0x00000000ec180000)
 ParOldGen       total 68608K, used 35292K [0x00000000c0000000, 0x00000000c4300000, 0x00000000eab00000)
  object space 68608K, 51% used [0x00000000c0000000,0x00000000c2277130,0x00000000c4300000)
 Metaspace       used 55849K, committed 56896K, reserved 1105920K
  class space    used 5973K, committed 6400K, reserved 1048576K
}
Event: 20.791 GC heap after
{Heap after GC invocations=29 (full 2):
 PSYoungGen      total 22016K, used 1017K [0x00000000eab00000, 0x00000000ec580000, 0x0000000100000000)
  eden space 20992K, 0% used [0x00000000eab00000,0x00000000eab00000,0x00000000ebf80000)
  from space 1024K, 99% used [0x00000000ec080000,0x00000000ec17e5d0,0x00000000ec180000)
  to   space 3072K, 0% used [0x00000000ec280000,0x00000000ec280000,0x00000000ec580000)
 ParOldGen       total 68608K, used 36867K [0x00000000c0000000, 0x00000000c4300000, 0x00000000eab00000)
  object space 68608K, 53% used [0x00000000c0000000,0x00000000c2400d70,0x00000000c4300000)
 Metaspace       used 55849K, committed 56896K, reserved 1105920K
  class space    used 5973K, committed 6400K, reserved 1048576K
}
Event: 21.203 GC heap before
{Heap before GC invocations=30 (full 2):
 PSYoungGen      total 22016K, used 22009K [0x00000000eab00000, 0x00000000ec580000, 0x0000000100000000)
  eden space 20992K, 100% used [0x00000000eab00000,0x00000000ebf80000,0x00000000ebf80000)
  from space 1024K, 99% used [0x00000000ec080000,0x00000000ec17e5d0,0x00000000ec180000)
  to   space 3072K, 0% used [0x00000000ec280000,0x00000000ec280000,0x00000000ec580000)
 ParOldGen       total 68608K, used 36867K [0x00000000c0000000, 0x00000000c4300000, 0x00000000eab00000)
  object space 68608K, 53% used [0x00000000c0000000,0x00000000c2400d70,0x00000000c4300000)
 Metaspace       used 56308K, committed 57344K, reserved 1105920K
  class space    used 6021K, committed 6464K, reserved 1048576K
}
Event: 21.213 GC heap after
{Heap after GC invocations=30 (full 2):
 PSYoungGen      total 24064K, used 3045K [0x00000000eab00000, 0x00000000ec580000, 0x0000000100000000)
  eden space 20992K, 0% used [0x00000000eab00000,0x00000000eab00000,0x00000000ebf80000)
  from space 3072K, 99% used [0x00000000ec280000,0x00000000ec579418,0x00000000ec580000)
  to   space 1024K, 0% used [0x00000000ec080000,0x00000000ec080000,0x00000000ec180000)
 ParOldGen       total 68608K, used 38153K [0x00000000c0000000, 0x00000000c4300000, 0x00000000eab00000)
  object space 68608K, 55% used [0x00000000c0000000,0x00000000c25426f0,0x00000000c4300000)
 Metaspace       used 56308K, committed 57344K, reserved 1105920K
  class space    used 6021K, committed 6464K, reserved 1048576K
}
Event: 21.631 GC heap before
{Heap before GC invocations=31 (full 2):
 PSYoungGen      total 24064K, used 24037K [0x00000000eab00000, 0x00000000ec580000, 0x0000000100000000)
  eden space 20992K, 100% used [0x00000000eab00000,0x00000000ebf80000,0x00000000ebf80000)
  from space 3072K, 99% used [0x00000000ec280000,0x00000000ec579418,0x00000000ec580000)
  to   space 1024K, 0% used [0x00000000ec080000,0x00000000ec080000,0x00000000ec180000)
 ParOldGen       total 68608K, used 38153K [0x00000000c0000000, 0x00000000c4300000, 0x00000000eab00000)
  object space 68608K, 55% used [0x00000000c0000000,0x00000000c25426f0,0x00000000c4300000)
 Metaspace       used 57113K, committed 58112K, reserved 1105920K
  class space    used 6099K, committed 6528K, reserved 1048576K
}
Event: 21.639 GC heap after
{Heap after GC invocations=31 (full 2):
 PSYoungGen      total 22016K, used 1011K [0x00000000eab00000, 0x00000000ec880000, 0x0000000100000000)
  eden space 20992K, 0% used [0x00000000eab00000,0x00000000eab00000,0x00000000ebf80000)
  from space 1024K, 98% used [0x00000000ec080000,0x00000000ec17cfc8,0x00000000ec180000)
  to   space 4608K, 0% used [0x00000000ec400000,0x00000000ec400000,0x00000000ec880000)
 ParOldGen       total 68608K, used 41527K [0x00000000c0000000, 0x00000000c4300000, 0x00000000eab00000)
  object space 68608K, 60% used [0x00000000c0000000,0x00000000c288ddf0,0x00000000c4300000)
 Metaspace       used 57113K, committed 58112K, reserved 1105920K
  class space    used 6099K, committed 6528K, reserved 1048576K
}
Event: 22.479 GC heap before
{Heap before GC invocations=32 (full 2):
 PSYoungGen      total 22016K, used 22003K [0x00000000eab00000, 0x00000000ec880000, 0x0000000100000000)
  eden space 20992K, 100% used [0x00000000eab00000,0x00000000ebf80000,0x00000000ebf80000)
  from space 1024K, 98% used [0x00000000ec080000,0x00000000ec17cfc8,0x00000000ec180000)
  to   space 4608K, 0% used [0x00000000ec400000,0x00000000ec400000,0x00000000ec880000)
 ParOldGen       total 68608K, used 41527K [0x00000000c0000000, 0x00000000c4300000, 0x00000000eab00000)
  object space 68608K, 60% used [0x00000000c0000000,0x00000000c288ddf0,0x00000000c4300000)
 Metaspace       used 58772K, committed 59776K, reserved 1105920K
  class space    used 6280K, committed 6720K, reserved 1048576K
}
Event: 22.484 GC heap after
{Heap after GC invocations=32 (full 2):
 PSYoungGen      total 23040K, used 1794K [0x00000000eab00000, 0x00000000ec600000, 0x0000000100000000)
  eden space 20992K, 0% used [0x00000000eab00000,0x00000000eab00000,0x00000000ebf80000)
  from space 2048K, 87% used [0x00000000ec400000,0x00000000ec5c0a70,0x00000000ec600000)
  to   space 3072K, 0% used [0x00000000ec000000,0x00000000ec000000,0x00000000ec300000)
 ParOldGen       total 68608K, used 42511K [0x00000000c0000000, 0x00000000c4300000, 0x00000000eab00000)
  object space 68608K, 61% used [0x00000000c0000000,0x00000000c2983cd8,0x00000000c4300000)
 Metaspace       used 58772K, committed 59776K, reserved 1105920K
  class space    used 6280K, committed 6720K, reserved 1048576K
}
Event: 22.511 GC heap before
{Heap before GC invocations=33 (full 2):
 PSYoungGen      total 23040K, used 3682K [0x00000000eab00000, 0x00000000ec600000, 0x0000000100000000)
  eden space 20992K, 8% used [0x00000000eab00000,0x00000000eacd7de8,0x00000000ebf80000)
  from space 2048K, 87% used [0x00000000ec400000,0x00000000ec5c0a70,0x00000000ec600000)
  to   space 3072K, 0% used [0x00000000ec000000,0x00000000ec000000,0x00000000ec300000)
 ParOldGen       total 68608K, used 42511K [0x00000000c0000000, 0x00000000c4300000, 0x00000000eab00000)
  object space 68608K, 61% used [0x00000000c0000000,0x00000000c2983cd8,0x00000000c4300000)
 Metaspace       used 58818K, committed 59776K, reserved 1105920K
  class space    used 6285K, committed 6720K, reserved 1048576K
}
Event: 22.517 GC heap after
{Heap after GC invocations=33 (full 2):
 PSYoungGen      total 24064K, used 191K [0x00000000eab00000, 0x00000000ec480000, 0x0000000100000000)
  eden space 20992K, 0% used [0x00000000eab00000,0x00000000eab00000,0x00000000ebf80000)
  from space 3072K, 6% used [0x00000000ec000000,0x00000000ec02fc40,0x00000000ec300000)
  to   space 1024K, 0% used [0x00000000ec380000,0x00000000ec380000,0x00000000ec480000)
 ParOldGen       total 68608K, used 44180K [0x00000000c0000000, 0x00000000c4300000, 0x00000000eab00000)
  object space 68608K, 64% used [0x00000000c0000000,0x00000000c2b253c0,0x00000000c4300000)
 Metaspace       used 58818K, committed 59776K, reserved 1105920K
  class space    used 6285K, committed 6720K, reserved 1048576K
}
Event: 22.517 GC heap before
{Heap before GC invocations=34 (full 3):
 PSYoungGen      total 24064K, used 191K [0x00000000eab00000, 0x00000000ec480000, 0x0000000100000000)
  eden space 20992K, 0% used [0x00000000eab00000,0x00000000eab00000,0x00000000ebf80000)
  from space 3072K, 6% used [0x00000000ec000000,0x00000000ec02fc40,0x00000000ec300000)
  to   space 1024K, 0% used [0x00000000ec380000,0x00000000ec380000,0x00000000ec480000)
 ParOldGen       total 68608K, used 44180K [0x00000000c0000000, 0x00000000c4300000, 0x00000000eab00000)
  object space 68608K, 64% used [0x00000000c0000000,0x00000000c2b253c0,0x00000000c4300000)
 Metaspace       used 58818K, committed 59776K, reserved 1105920K
  class space    used 6285K, committed 6720K, reserved 1048576K
}
Event: 22.742 GC heap after
{Heap after GC invocations=34 (full 3):
 PSYoungGen      total 24064K, used 0K [0x00000000eab00000, 0x00000000ec480000, 0x0000000100000000)
  eden space 20992K, 0% used [0x00000000eab00000,0x00000000eab00000,0x00000000ebf80000)
  from space 3072K, 0% used [0x00000000ec000000,0x00000000ec000000,0x00000000ec300000)
  to   space 1024K, 0% used [0x00000000ec380000,0x00000000ec380000,0x00000000ec480000)
 ParOldGen       total 68608K, used 40322K [0x00000000c0000000, 0x00000000c4300000, 0x00000000eab00000)
  object space 68608K, 58% used [0x00000000c0000000,0x00000000c2760960,0x00000000c4300000)
 Metaspace       used 58818K, committed 59776K, reserved 1105920K
  class space    used 6285K, committed 6720K, reserved 1048576K
}

Deoptimization events (20 events):
Event: 24.102 Thread 0x000001f66639fa80 Uncommon trap: trap_request=0xffffffde fr.pc=0x000001f65a3f29e8 relative=0x00000000000005a8
Event: 24.102 Thread 0x000001f66639fa80 Uncommon trap: reason=class_check action=maybe_recompile pc=0x000001f65a3f29e8 method=java.lang.AbstractStringBuilder.<init>(Ljava/lang/String;)V @ 58 c2
Event: 24.102 Thread 0x000001f66639fa80 DEOPT PACKING pc=0x000001f65a3f29e8 sp=0x00000006676fcc70
Event: 24.102 Thread 0x000001f66639fa80 DEOPT UNPACKING pc=0x000001f652755923 sp=0x00000006676fcc50 mode 2
Event: 24.102 Thread 0x000001f66639fa80 Uncommon trap: trap_request=0xffffffde fr.pc=0x000001f65a3f29e8 relative=0x00000000000005a8
Event: 24.102 Thread 0x000001f66639fa80 Uncommon trap: reason=class_check action=maybe_recompile pc=0x000001f65a3f29e8 method=java.lang.AbstractStringBuilder.<init>(Ljava/lang/String;)V @ 58 c2
Event: 24.102 Thread 0x000001f66639fa80 DEOPT PACKING pc=0x000001f65a3f29e8 sp=0x00000006676fcc40
Event: 24.102 Thread 0x000001f66639fa80 DEOPT UNPACKING pc=0x000001f652755923 sp=0x00000006676fcc20 mode 2
Event: 24.102 Thread 0x000001f66639fa80 Uncommon trap: trap_request=0xffffffde fr.pc=0x000001f65a3f29e8 relative=0x00000000000005a8
Event: 24.102 Thread 0x000001f66639fa80 Uncommon trap: reason=class_check action=maybe_recompile pc=0x000001f65a3f29e8 method=java.lang.AbstractStringBuilder.<init>(Ljava/lang/String;)V @ 58 c2
Event: 24.102 Thread 0x000001f66639fa80 DEOPT PACKING pc=0x000001f65a3f29e8 sp=0x00000006676fcc70
Event: 24.102 Thread 0x000001f66639fa80 DEOPT UNPACKING pc=0x000001f652755923 sp=0x00000006676fcc50 mode 2
Event: 24.275 Thread 0x000001f6675388b0 Uncommon trap: trap_request=0xffffffc6 fr.pc=0x000001f65a31d180 relative=0x00000000000001e0
Event: 24.275 Thread 0x000001f6675388b0 Uncommon trap: reason=bimorphic_or_optimized_type_check action=maybe_recompile pc=0x000001f65a31d180 method=java.util.Collections.eq(Ljava/lang/Object;Ljava/lang/Object;)Z @ 18 c2
Event: 24.275 Thread 0x000001f6675388b0 DEOPT PACKING pc=0x000001f65a31d180 sp=0x00000006674fe1a0
Event: 24.275 Thread 0x000001f6675388b0 DEOPT UNPACKING pc=0x000001f652755923 sp=0x00000006674fe0e0 mode 2
Event: 24.276 Thread 0x000001f6675388b0 Uncommon trap: trap_request=0xffffffc6 fr.pc=0x000001f65a31d180 relative=0x00000000000001e0
Event: 24.276 Thread 0x000001f6675388b0 Uncommon trap: reason=bimorphic_or_optimized_type_check action=maybe_recompile pc=0x000001f65a31d180 method=java.util.Collections.eq(Ljava/lang/Object;Ljava/lang/Object;)Z @ 18 c2
Event: 24.276 Thread 0x000001f6675388b0 DEOPT PACKING pc=0x000001f65a31d180 sp=0x00000006674fe300
Event: 24.276 Thread 0x000001f6675388b0 DEOPT UNPACKING pc=0x000001f652755923 sp=0x00000006674fe240 mode 2

Classes unloaded (7 events):
Event: 4.882 Thread 0x000001f663f18f10 Unloading class 0x0000000100218800 'java/lang/invoke/LambdaForm$MH+0x0000000100218800'
Event: 4.882 Thread 0x000001f663f18f10 Unloading class 0x0000000100218400 'java/lang/invoke/LambdaForm$MH+0x0000000100218400'
Event: 4.882 Thread 0x000001f663f18f10 Unloading class 0x0000000100218000 'java/lang/invoke/LambdaForm$MH+0x0000000100218000'
Event: 4.882 Thread 0x000001f663f18f10 Unloading class 0x0000000100217800 'java/lang/invoke/LambdaForm$MH+0x0000000100217800'
Event: 4.882 Thread 0x000001f663f18f10 Unloading class 0x0000000100217400 'java/lang/invoke/LambdaForm$BMH+0x0000000100217400'
Event: 4.882 Thread 0x000001f663f18f10 Unloading class 0x0000000100217000 'java/lang/invoke/LambdaForm$DMH+0x0000000100217000'
Event: 4.882 Thread 0x000001f663f18f10 Unloading class 0x0000000100214400 'java/lang/invoke/LambdaForm$DMH+0x0000000100214400'

Classes redefined (0 events):
No events

Internal exceptions (20 events):
Event: 23.201 Thread 0x000001f66639fa80 Exception <a 'java/lang/ClassCastException'{0x00000000eb4f2268}> (0x00000000eb4f2268) 
thrown [s\src\hotspot\share\runtime\sharedRuntime.cpp, line 628]
Event: 23.201 Thread 0x000001f66639fa80 Exception <a 'java/lang/ClassCastException'{0x00000000eb4f2978}> (0x00000000eb4f2978) 
thrown [s\src\hotspot\share\runtime\sharedRuntime.cpp, line 628]
Event: 23.201 Thread 0x000001f66639fa80 Exception <a 'java/lang/ClassCastException'{0x00000000eb4f3088}> (0x00000000eb4f3088) 
thrown [s\src\hotspot\share\runtime\sharedRuntime.cpp, line 628]
Event: 23.201 Thread 0x000001f66639fa80 Exception <a 'java/lang/ClassCastException'{0x00000000eb4f3798}> (0x00000000eb4f3798) 
thrown [s\src\hotspot\share\runtime\sharedRuntime.cpp, line 628]
Event: 23.201 Thread 0x000001f66639fa80 Exception <a 'java/lang/ClassCastException'{0x00000000eb4f3ea8}> (0x00000000eb4f3ea8) 
thrown [s\src\hotspot\share\runtime\sharedRuntime.cpp, line 628]
Event: 23.201 Thread 0x000001f66639fa80 Exception <a 'java/lang/ClassCastException'{0x00000000eb4f45b8}> (0x00000000eb4f45b8) 
thrown [s\src\hotspot\share\runtime\sharedRuntime.cpp, line 628]
Event: 23.201 Thread 0x000001f66639fa80 Exception <a 'java/lang/ClassCastException'{0x00000000eb4f4cc8}> (0x00000000eb4f4cc8) 
thrown [s\src\hotspot\share\runtime\sharedRuntime.cpp, line 628]
Event: 23.201 Thread 0x000001f66639fa80 Exception <a 'java/lang/ClassCastException'{0x00000000eb4f53d8}> (0x00000000eb4f53d8) 
thrown [s\src\hotspot\share\runtime\sharedRuntime.cpp, line 628]
Event: 23.201 Thread 0x000001f66639fa80 Exception <a 'java/lang/ClassCastException'{0x00000000eb4f5ae8}> (0x00000000eb4f5ae8) 
thrown [s\src\hotspot\share\runtime\sharedRuntime.cpp, line 628]
Event: 23.201 Thread 0x000001f66639fa80 Exception <a 'java/lang/ClassCastException'{0x00000000eb4f61f8}> (0x00000000eb4f61f8) 
thrown [s\src\hotspot\share\runtime\sharedRuntime.cpp, line 628]
Event: 23.201 Thread 0x000001f66639fa80 Exception <a 'java/lang/ClassCastException'{0x00000000eb4f6908}> (0x00000000eb4f6908) 
thrown [s\src\hotspot\share\runtime\sharedRuntime.cpp, line 628]
Event: 23.202 Thread 0x000001f66639fa80 Exception <a 'java/lang/ClassCastException'{0x00000000eb4f7018}> (0x00000000eb4f7018) 
thrown [s\src\hotspot\share\runtime\sharedRuntime.cpp, line 628]
Event: 23.202 Thread 0x000001f66639fa80 Exception <a 'java/lang/ClassCastException'{0x00000000eb4f7728}> (0x00000000eb4f7728) 
thrown [s\src\hotspot\share\runtime\sharedRuntime.cpp, line 628]
Event: 23.202 Thread 0x000001f66639fa80 Exception <a 'java/lang/ClassCastException'{0x00000000eb4f7e38}> (0x00000000eb4f7e38) 
thrown [s\src\hotspot\share\runtime\sharedRuntime.cpp, line 628]
Event: 23.202 Thread 0x000001f66639fa80 Exception <a 'java/lang/ClassCastException'{0x00000000eb4f8548}> (0x00000000eb4f8548) 
thrown [s\src\hotspot\share\runtime\sharedRuntime.cpp, line 628]
Event: 23.202 Thread 0x000001f66639fa80 Exception <a 'java/lang/ClassCastException'{0x00000000eb4f8c58}> (0x00000000eb4f8c58) 
thrown [s\src\hotspot\share\runtime\sharedRuntime.cpp, line 628]
Event: 23.202 Thread 0x000001f66639fa80 Exception <a 'java/lang/ClassCastException'{0x00000000eb4f9368}> (0x00000000eb4f9368) 
thrown [s\src\hotspot\share\runtime\sharedRuntime.cpp, line 628]
Event: 23.202 Thread 0x000001f66639fa80 Exception <a 'java/lang/ClassCastException'{0x00000000eb4f9c88}> (0x00000000eb4f9c88) 
thrown [s\src\hotspot\share\runtime\sharedRuntime.cpp, line 628]
Event: 23.203 Thread 0x000001f66639fa80 Exception <a 'java/lang/ClassCastException'{0x00000000eb4fc278}> (0x00000000eb4fc278) 
thrown [s\src\hotspot\share\runtime\sharedRuntime.cpp, line 628]
Event: 23.203 Thread 0x000001f66639fa80 Exception <a 'java/lang/ClassCastException'{0x00000000eb4fcc30}> (0x00000000eb4fcc30) 
thrown [s\src\hotspot\share\runtime\sharedRuntime.cpp, line 628]

VM Operations (20 events):
Event: 21.602 Executing VM operation: HandshakeAllThreads
Event: 21.602 Executing VM operation: HandshakeAllThreads done
Event: 21.631 Executing VM operation: ParallelGCFailedAllocation
Event: 21.639 Executing VM operation: ParallelGCFailedAllocation done
Event: 21.767 Executing VM operation: HandshakeAllThreads
Event: 21.767 Executing VM operation: HandshakeAllThreads done
Event: 22.412 Executing VM operation: ICBufferFull
Event: 22.412 Executing VM operation: ICBufferFull done
Event: 22.479 Executing VM operation: ParallelGCFailedAllocation
Event: 22.484 Executing VM operation: ParallelGCFailedAllocation done
Event: 22.511 Executing VM operation: CollectForMetadataAllocation
Event: 22.743 Executing VM operation: CollectForMetadataAllocation done
Event: 22.743 Executing VM operation: CollectForMetadataAllocation
Event: 22.743 Executing VM operation: CollectForMetadataAllocation done
Event: 23.276 Executing VM operation: HandshakeAllThreads
Event: 23.276 Executing VM operation: HandshakeAllThreads done
Event: 24.232 Executing VM operation: HandshakeAllThreads
Event: 24.232 Executing VM operation: HandshakeAllThreads done
Event: 24.232 Executing VM operation: Cleanup
Event: 24.233 Executing VM operation: Cleanup done

Events (20 events):
Event: 23.273 loading class java/beans/FeatureDescriptor
Event: 23.273 loading class java/beans/FeatureDescriptor done
Event: 23.273 loading class java/beans/PropertyDescriptor done
Event: 23.273 loading class java/beans/IndexedPropertyDescriptor done
Event: 23.275 loading class java/security/AccessControlException
Event: 23.275 loading class java/security/AccessControlException done
Event: 23.395 loading class javax/swing/tree/TreeNode
Event: 23.396 loading class javax/swing/tree/TreeNode done
Event: 24.191 loading class java/math/MathContext
Event: 24.211 loading class java/math/MathContext done
Event: 24.224 loading class org/xml/sax/SAXNotRecognizedException
Event: 24.224 loading class org/xml/sax/SAXNotRecognizedException done
Event: 24.224 loading class org/xml/sax/SAXNotSupportedException
Event: 24.224 loading class org/xml/sax/SAXNotSupportedException done
Event: 24.225 loading class com/sun/org/apache/xerces/internal/util/URI
Event: 24.227 loading class com/sun/org/apache/xerces/internal/util/URI done
Event: 24.233 loading class com/sun/org/apache/xerces/internal/xni/XNIException
Event: 24.235 loading class com/sun/org/apache/xerces/internal/xni/XNIException done
Event: 24.235 loading class com/sun/org/apache/xerces/internal/xni/parser/XMLParseException
Event: 24.235 loading class com/sun/org/apache/xerces/internal/xni/parser/XMLParseException done


Dynamic libraries:
0x00007ff639d60000 - 0x00007ff639d6e000 	c:\Users\thali\.vscode\extensions\redhat.java-1.12.0-win32-x64\jre\17.0.4.1-win32-x86_64\bin\java.exe
0x00007ffa4f190000 - 0x00007ffa4f3a4000 	C:\WINDOWS\SYSTEM32\ntdll.dll
0x00007ffa4d110000 - 0x00007ffa4d1d2000 	C:\WINDOWS\System32\KERNEL32.DLL
0x00007ffa4c6e0000 - 0x00007ffa4ca7d000 	C:\WINDOWS\System32\KERNELBASE.dll
0x00007ffa4ce40000 - 0x00007ffa4cf51000 	C:\WINDOWS\System32\ucrtbase.dll
0x00007ffa22e90000 - 0x00007ffa22ea8000 	c:\Users\thali\.vscode\extensions\redhat.java-1.12.0-win32-x64\jre\17.0.4.1-win32-x86_64\bin\jli.dll
0x00007ffa4efa0000 - 0x00007ffa4f14a000 	C:\WINDOWS\System32\USER32.dll
0x00007ffa4cf60000 - 0x00007ffa4cf86000 	C:\WINDOWS\System32\win32u.dll
0x00007ffa4e300000 - 0x00007ffa4e329000 	C:\WINDOWS\System32\GDI32.dll
0x00007ffa4cbf0000 - 0x00007ffa4cd02000 	C:\WINDOWS\System32\gdi32full.dll
0x00007ffa4c640000 - 0x00007ffa4c6da000 	C:\WINDOWS\System32\msvcp_win.dll
0x00007ffa36710000 - 0x00007ffa36729000 	c:\Users\thali\.vscode\extensions\redhat.java-1.12.0-win32-x64\jre\17.0.4.1-win32-x86_64\bin\VCRUNTIME140.dll
0x00007ffa35e50000 - 0x00007ffa360de000 	C:\WINDOWS\WinSxS\amd64_microsoft.windows.common-controls_6595b64144ccf1df_6.0.22621.608_none_a9444ca7c10bb01d\COMCTL32.dll
0x00007ffa4cfb0000 - 0x00007ffa4d057000 	C:\WINDOWS\System32\msvcrt.dll
0x00007ffa4eed0000 - 0x00007ffa4ef02000 	C:\WINDOWS\System32\IMM32.DLL
0x00007ffa44910000 - 0x00007ffa4491c000 	c:\Users\thali\.vscode\extensions\redhat.java-1.12.0-win32-x64\jre\17.0.4.1-win32-x86_64\bin\vcruntime140_1.dll
0x00007ffa0a630000 - 0x00007ffa0a6c1000 	c:\Users\thali\.vscode\extensions\redhat.java-1.12.0-win32-x64\jre\17.0.4.1-win32-x86_64\bin\msvcp140.dll
0x00007ff9f0840000 - 0x00007ff9f1486000 	c:\Users\thali\.vscode\extensions\redhat.java-1.12.0-win32-x64\jre\17.0.4.1-win32-x86_64\bin\server\jvm.dll
0x00007ffa4e1d0000 - 0x00007ffa4e27e000 	C:\WINDOWS\System32\ADVAPI32.dll
0x00007ffa4ec60000 - 0x00007ffa4ed04000 	C:\WINDOWS\System32\sechost.dll
0x00007ffa4e6d0000 - 0x00007ffa4e7e5000 	C:\WINDOWS\System32\RPCRT4.dll
0x00007ffa4eb50000 - 0x00007ffa4eb58000 	C:\WINDOWS\System32\PSAPI.DLL
0x00007ffa3e860000 - 0x00007ffa3e869000 	C:\WINDOWS\SYSTEM32\WSOCK32.dll
0x00007ffa4e280000 - 0x00007ffa4e2f1000 	C:\WINDOWS\System32\WS2_32.dll
0x00007ffa4a070000 - 0x00007ffa4a0a4000 	C:\WINDOWS\SYSTEM32\WINMM.dll
0x00007ffa3f6c0000 - 0x00007ffa3f6ca000 	C:\WINDOWS\SYSTEM32\VERSION.dll
0x00007ffa4b700000 - 0x00007ffa4b718000 	C:\WINDOWS\SYSTEM32\kernel.appcore.dll
0x00007ffa3e770000 - 0x00007ffa3e77a000 	c:\Users\thali\.vscode\extensions\redhat.java-1.12.0-win32-x64\jre\17.0.4.1-win32-x86_64\bin\jimage.dll
0x00007ffa49e00000 - 0x00007ffa4a02e000 	C:\WINDOWS\SYSTEM32\DBGHELP.DLL
0x00007ffa4e340000 - 0x00007ffa4e6ca000 	C:\WINDOWS\System32\combase.dll
0x00007ffa4e0f0000 - 0x00007ffa4e1c7000 	C:\WINDOWS\System32\OLEAUT32.dll
0x00007ffa4a030000 - 0x00007ffa4a062000 	C:\WINDOWS\SYSTEM32\dbgcore.DLL
0x00007ffa4c5c0000 - 0x00007ffa4c63b000 	C:\WINDOWS\System32\bcryptPrimitives.dll
0x00007ffa3e5d0000 - 0x00007ffa3e5de000 	c:\Users\thali\.vscode\extensions\redhat.java-1.12.0-win32-x64\jre\17.0.4.1-win32-x86_64\bin\instrument.dll
0x00007ffa11ba0000 - 0x00007ffa11bc5000 	c:\Users\thali\.vscode\extensions\redhat.java-1.12.0-win32-x64\jre\17.0.4.1-win32-x86_64\bin\java.dll
0x00007ffa13e40000 - 0x00007ffa13e58000 	c:\Users\thali\.vscode\extensions\redhat.java-1.12.0-win32-x64\jre\17.0.4.1-win32-x86_64\bin\zip.dll
0x00007ffa4d1e0000 - 0x00007ffa4d9c0000 	C:\WINDOWS\System32\SHELL32.dll
0x00007ffa4a5c0000 - 0x00007ffa4ae85000 	C:\WINDOWS\SYSTEM32\windows.storage.dll
0x00007ffa4a480000 - 0x00007ffa4a5be000 	C:\WINDOWS\SYSTEM32\wintypes.dll
0x00007ffa4edd0000 - 0x00007ffa4eec1000 	C:\WINDOWS\System32\SHCORE.dll
0x00007ffa4e090000 - 0x00007ffa4e0ee000 	C:\WINDOWS\System32\shlwapi.dll
0x00007ffa4c4f0000 - 0x00007ffa4c511000 	C:\WINDOWS\SYSTEM32\profapi.dll
0x00007ffa134f0000 - 0x00007ffa13509000 	C:\Users\thali\.vscode\extensions\redhat.java-1.12.0-win32-x64\jre\17.0.4.1-win32-x86_64\bin\net.dll
0x00007ffa43920000 - 0x00007ffa43a4f000 	C:\WINDOWS\SYSTEM32\WINHTTP.dll
0x00007ffa4bb80000 - 0x00007ffa4bbe9000 	C:\WINDOWS\system32\mswsock.dll
0x00007ffa12630000 - 0x00007ffa12645000 	C:\Users\thali\.vscode\extensions\redhat.java-1.12.0-win32-x64\jre\17.0.4.1-win32-x86_64\bin\nio.dll
0x00007ffa3e4b0000 - 0x00007ffa3e4c0000 	c:\Users\thali\.vscode\extensions\redhat.java-1.12.0-win32-x64\jre\17.0.4.1-win32-x86_64\bin\verify.dll
0x00007ffa0dd90000 - 0x00007ffa0ddce000 	C:\Users\thali\AppData\Roaming\Code\User\globalStorage\redhat.java\1.12.0\config_win\org.eclipse.equinox.launcher\org.eclipse.equinox.launcher.win32.win32.x86_64_1.2.600.v20220720-1916\eclipse_11700.dll
0x00007ffa4d9d0000 - 0x00007ffa4db6c000 	C:\WINDOWS\System32\ole32.dll
0x00007ffa4bdc0000 - 0x00007ffa4bddb000 	C:\WINDOWS\SYSTEM32\CRYPTSP.dll
0x00007ffa4b670000 - 0x00007ffa4b6a5000 	C:\WINDOWS\system32\rsaenh.dll
0x00007ffa4bc70000 - 0x00007ffa4bc98000 	C:\WINDOWS\SYSTEM32\USERENV.dll
0x00007ffa4bf80000 - 0x00007ffa4bfa8000 	C:\WINDOWS\SYSTEM32\bcrypt.dll
0x00007ffa4bde0000 - 0x00007ffa4bdec000 	C:\WINDOWS\SYSTEM32\CRYPTBASE.dll
0x00007ffa4b150000 - 0x00007ffa4b17d000 	C:\WINDOWS\SYSTEM32\IPHLPAPI.DLL
0x00007ffa4dc00000 - 0x00007ffa4dc09000 	C:\WINDOWS\System32\NSI.dll
0x00007ffa41c90000 - 0x00007ffa41ca9000 	C:\WINDOWS\SYSTEM32\dhcpcsvc6.DLL
0x00007ffa41c70000 - 0x00007ffa41c8f000 	C:\WINDOWS\SYSTEM32\dhcpcsvc.DLL
0x00007ffa4b1c0000 - 0x00007ffa4b2b2000 	C:\WINDOWS\SYSTEM32\DNSAPI.dll
0x00007ffa2c7e0000 - 0x00007ffa2c820000 	C:\Users\thali\AppData\Local\Temp\jna-110323370\jna9371754197401476260.dll

dbghelp: loaded successfully - version: 4.0.5 - missing functions: none
symbol engine: initialized successfully - sym options: 0x614 - pdb path: .;c:\Users\thali\.vscode\extensions\redhat.java-1.12.0-win32-x64\jre\17.0.4.1-win32-x86_64\bin;C:\WINDOWS\SYSTEM32;C:\WINDOWS\WinSxS\amd64_microsoft.windows.common-controls_6595b64144ccf1df_6.0.22621.608_none_a9444ca7c10bb01d;c:\Users\thali\.vscode\extensions\redhat.java-1.12.0-win32-x64\jre\17.0.4.1-win32-x86_64\bin\server;C:\Users\thali\AppData\Roaming\Code\User\globalStorage\redhat.java\1.12.0\config_win\org.eclipse.equinox.launcher\org.eclipse.equinox.launcher.win32.win32.x86_64_1.2.600.v20220720-1916;C:\Users\thali\AppData\Local\Temp\jna-110323370

VM Arguments:
jvm_args: --add-modules=ALL-SYSTEM --add-opens=java.base/java.util=ALL-UNNAMED --add-opens=java.base/java.lang=ALL-UNNAMED --add-opens=java.base/sun.nio.fs=ALL-UNNAMED -Declipse.application=org.eclipse.jdt.ls.core.id1 -Dosgi.bundles.defaultStartLevel=4 -Declipse.product=org.eclipse.jdt.ls.core.product -Djava.import.generatesMetadataFilesAtProjectRoot=false -Dfile.encoding=utf8 -XX:+UseParallelGC -XX:GCTimeRatio=4 -XX:AdaptiveSizePolicyWeight=90 -Dsun.zip.disableMemoryMapping=true -Xmx1G -Xms100m -Xlog:jni+resolve=off -javaagent:c:\Users\thali\.vscode\extensions\redhat.java-1.12.0-win32-x64\lombok\lombok-1.18.24.jar -XX:+HeapDumpOnOutOfMemoryError -XX:HeapDumpPath=c:\Users\thali\AppData\Roaming\Code\User\workspaceStorage\311d4b22935f93f5c5fd771867236701\redhat.java 
java_command: c:\Users\thali\.vscode\extensions\redhat.java-1.12.0-win32-x64\server\plugins\org.eclipse.equinox.launcher_1.6.400.v20210924-0641.jar -configuration c:\Users\thali\AppData\Roaming\Code\User\globalStorage\redhat.java\1.12.0\config_win -data c:\Users\thali\AppData\Roaming\Code\User\workspaceStorage\311d4b22935f93f5c5fd771867236701\redhat.java\jdt_ws
java_class_path (initial): c:\Users\thali\.vscode\extensions\redhat.java-1.12.0-win32-x64\server\plugins\org.eclipse.equinox.launcher_1.6.400.v20210924-0641.jar
Launcher Type: SUN_STANDARD

[Global flags]
    uintx AdaptiveSizePolicyWeight                 = 90                                        {product} {command line}
     intx CICompilerCount                          = 3                                         {product} {ergonomic}
    uintx GCTimeRatio                              = 4                                         {product} {command line}
     bool HeapDumpOnOutOfMemoryError               = true                                   {manageable} {command line}
    ccstr HeapDumpPath                             = c:\Users\thali\AppData\Roaming\Code\User\workspaceStorage\311d4b22935f93f5c5fd771867236701\redhat.java         {manageable} {command line}
   size_t InitialHeapSize                          = 104857600                                 {product} {command line}
   size_t MaxHeapSize                              = 1073741824                                {product} {command line}
   size_t MaxNewSize                               = 357564416                                 {product} {ergonomic}
   size_t MinHeapDeltaBytes                        = 524288                                    {product} {ergonomic}
   size_t MinHeapSize                              = 104857600                                 {product} {command line}
   size_t NewSize                                  = 34603008                                  {product} {ergonomic}
    uintx NonNMethodCodeHeapSize                   = 5832780                                {pd product} {ergonomic}
    uintx NonProfiledCodeHeapSize                  = 122912730                              {pd product} {ergonomic}
   size_t OldSize                                  = 70254592                                  {product} {ergonomic}
    uintx ProfiledCodeHeapSize                     = 122912730                              {pd product} {ergonomic}
    uintx ReservedCodeCacheSize                    = 251658240                              {pd product} {ergonomic}
     bool SegmentedCodeCache                       = true                                      {product} {ergonomic}
   size_t SoftMaxHeapSize                          = 1073741824                             {manageable} {ergonomic}
     bool UseCompressedClassPointers               = true                           {product lp64_product} {ergonomic}
     bool UseCompressedOops                        = true                           {product lp64_product} {ergonomic}
     bool UseLargePagesIndividualAllocation        = false                                  {pd product} {ergonomic}
     bool UseParallelGC                            = true                                      {product} {command line}

Logging:
Log output configuration:
 #0: stdout all=warning,jni+resolve=off uptime,level,tags
 #1: stderr all=off uptime,level,tags

Environment Variables:
JAVA_HOME=C:\Users\thali\AppData\Local\Programs\Eclipse Adoptium\jdk-17.0.4.101-hotspot\
PATH=C:\WINDOWS\system32;C:\WINDOWS;C:\WINDOWS\System32\Wbem;C:\WINDOWS\System32\WindowsPowerShell\v1.0\;C:\WINDOWS\System32\OpenSSH\;C:\Program Files\Git\cmd;C:\Program Files\PuTTY\;C:\Program Files\dotnet\;C:\Program Files\nodejs\;C:\ProgramData\chocolatey\bin;C:\Ruby31-x64\bin;C:\Program Files\MySQL\MySQL Shell 8.0\bin\;C:\Users\thali\AppData\Local\Programs\Eclipse Adoptium\jdk-17.0.4.101-hotspot\bin;C:\Users\thali\AppData\Local\Microsoft\WindowsApps;;C:\Users\thali\.dotnet\tools;C:\Users\thali\AppData\Local\Programs\Microsoft VS Code\bin;C:\Users\thali\AppData\Roaming\npm
USERNAME=thali
OS=Windows_NT
PROCESSOR_IDENTIFIER=Intel64 Family 6 Model 140 Stepping 1, GenuineIntel
TMP=C:\Users\thali\AppData\Local\Temp
TEMP=C:\Users\thali\AppData\Local\Temp



---------------  S Y S T E M  ---------------

OS:
 Windows 11 , 64 bit Build 22621 (10.0.22621.755)
OS uptime: 5 days 0:02 hours
Hyper-V role detected

CPU: total 4 (initial active 4) (2 cores per cpu, 2 threads per core) family 6 model 140 stepping 1 microcode 0xa4, cx8, cmov, fxsr, ht, mmx, 3dnowpref, sse, sse2, sse3, ssse3, sse4.1, sse4.2, popcnt, lzcnt, tsc, tscinvbit, avx, avx2, aes, erms, clmul, bmi1, bmi2, adx, avx512f, avx512dq, avx512cd, avx512bw, avx512vl, sha, fma, vzeroupper, avx512_vpopcntdq, avx512_vpclmulqdq, avx512_vaes, avx512_vnni, clflush, clflushopt, clwb, avx512_vbmi2, avx512_vbmi, hv

Memory: 4k page, system-wide physical 3818M (111M free)
TotalPageFile size 7914M (AvailPageFile size 5M)
current process WorkingSet (physical memory assigned to process): 231M, peak: 259M
current process commit charge ("private bytes"): 316M, peak: 320M

vm_info: OpenJDK 64-Bit Server VM (17.0.4.1+1) for windows-amd64 JRE (17.0.4.1+1), built on Aug 17 2022 07:42:43 by "temurin" with MS VC++ 16.7 (VS2019)

END.
