#
# There is insufficient memory for the Java Runtime Environment to continue.
# Native memory allocation (malloc) failed to allocate 2951216 bytes for Chunk::new
# Possible reasons:
#   The system is out of physical RAM or swap space
#   The process is running with CompressedOops enabled, and the Java Heap may be blocking the growth of the native heap
# Possible solutions:
#   Reduce memory load on the system
#   Increase physical memory or swap space
#   Check if swap backing store is full
#   Decrease Java heap size (-Xmx/-Xms)
#   Decrease number of Java threads
#   Decrease Java thread stack sizes (-Xss)
#   Set larger code cache with -XX:ReservedCodeCacheSize=
#   JVM is running with Unscaled Compressed Oops mode in which the Java heap is
#     placed in the first 4GB address space. The Java Heap base address is the
#     maximum limit for the native heap growth. Please use -XX:HeapBaseMinAddress
#     to set the Java Heap base and to place the Java Heap above 4GB virtual address.
# This output file may be truncated or incomplete.
#
#  Out of Memory Error (arena.cpp:189), pid=8392, tid=11804
#
# JRE version: OpenJDK Runtime Environment Temurin-17.0.4.1+1 (17.0.4.1+1) (build 17.0.4.1+1)
# Java VM: OpenJDK 64-Bit Server VM Temurin-17.0.4.1+1 (17.0.4.1+1, mixed mode, tiered, compressed oops, compressed class ptrs, parallel gc, windows-amd64)
# No core dump will be written. Minidumps are not enabled by default on client versions of Windows
#

---------------  S U M M A R Y ------------

Command Line: --add-modules=ALL-SYSTEM --add-opens=java.base/java.util=ALL-UNNAMED --add-opens=java.base/java.lang=ALL-UNNAMED --add-opens=java.base/sun.nio.fs=ALL-UNNAMED -Declipse.application=org.eclipse.jdt.ls.core.id1 -Dosgi.bundles.defaultStartLevel=4 -Declipse.product=org.eclipse.jdt.ls.core.product -Djava.import.generatesMetadataFilesAtProjectRoot=false -Dfile.encoding=utf8 -DwatchParentProcess=false -XX:+UseParallelGC -XX:GCTimeRatio=4 -XX:AdaptiveSizePolicyWeight=90 -Dsun.zip.disableMemoryMapping=true -Xmx1G -Xms100m -Xlog:jni+resolve=off -javaagent:c:\Users\thali\.vscode\extensions\redhat.java-1.11.0-win32-x64\lombok\lombok-1.18.24.jar -XX:+HeapDumpOnOutOfMemoryError -XX:HeapDumpPath=c:\Users\thali\AppData\Roaming\Code\User\workspaceStorage\311d4b22935f93f5c5fd771867236701\redhat.java c:\Users\thali\.vscode\extensions\redhat.java-1.11.0-win32-x64\server\plugins\org.eclipse.equinox.launcher_1.6.400.v20210924-0641.jar -configuration c:\Users\thali\AppData\Roaming\Code\User\globalStorage\redhat.java\1.11.0\config_win -data c:\Users\thali\AppData\Roaming\Code\User\workspaceStorage\311d4b22935f93f5c5fd771867236701\redhat.java\jdt_ws

Host: 11th Gen Intel(R) Core(TM) i3-1115G4 @ 3.00GHz, 4 cores, 3G,  Windows 11 , 64 bit Build 22000 (10.0.22000.708)
Time: Wed Oct 19 20:57:33 2022 Hora Padrão da Bahia elapsed time: 65.452970 seconds (0d 0h 1m 5s)

---------------  T H R E A D  ---------------

Current thread (0x000002ba62ec70c0):  JavaThread "C2 CompilerThread0" daemon [_thread_in_native, id=11804, stack(0x000000d19c900000,0x000000d19ca00000)]


Current CompileTask:
C2:  65453 8329       4       org.objectweb.asm.ClassReader::readMethod (1066 bytes)

Stack: [0x000000d19c900000,0x000000d19ca00000]
Native frames: (J=compiled Java code, j=interpreted, Vv=VM code, C=native code)
V  [jvm.dll+0x67731a]
V  [jvm.dll+0x832284]
V  [jvm.dll+0x833a2e]
V  [jvm.dll+0x834093]
V  [jvm.dll+0x245775]
V  [jvm.dll+0xabd7b]
V  [jvm.dll+0xac30c]
V  [jvm.dll+0x363a42]
V  [jvm.dll+0x1bbf38]
V  [jvm.dll+0x2187d9]
V  [jvm.dll+0x217aa1]
V  [jvm.dll+0x1a3f8d]
V  [jvm.dll+0x227498]
V  [jvm.dll+0x2255e5]
V  [jvm.dll+0x7e7e9b]
V  [jvm.dll+0x7e240a]
V  [jvm.dll+0x6761a5]
C  [ucrtbase.dll+0x26c0c]
C  [KERNEL32.DLL+0x154e0]
C  [ntdll.dll+0x485b]


---------------  P R O C E S S  ---------------

Threads class SMR info:
_java_thread_list=0x000002ba66cdeb70, length=28, elements={
0x000002ba4d115440, 0x000002ba62e852d0, 0x000002ba62e85d90, 0x000002ba62e95aa0,
0x000002ba62e96760, 0x000002ba62e97020, 0x000002ba62ec6420, 0x000002ba62ec70c0,
0x000002ba62ec7cf0, 0x000002ba64960000, 0x000002ba64a1e000, 0x000002ba64bf3420,
0x000002ba65403a60, 0x000002ba64eddf50, 0x000002ba64ede420, 0x000002ba653e46d0,
0x000002ba6545ff00, 0x000002ba64efea40, 0x000002ba64b71080, 0x000002ba64b74a40,
0x000002ba64b71a20, 0x000002ba64b71ef0, 0x000002ba64b723c0, 0x000002ba69c1b130,
0x000002ba69c1efc0, 0x000002ba69c21170, 0x000002ba69c1ce10, 0x000002ba69c1f490
}

Java Threads: ( => current thread )
  0x000002ba4d115440 JavaThread "main" [_thread_blocked, id=1156, stack(0x000000d19bf00000,0x000000d19c000000)]
  0x000002ba62e852d0 JavaThread "Reference Handler" daemon [_thread_blocked, id=860, stack(0x000000d19c300000,0x000000d19c400000)]
  0x000002ba62e85d90 JavaThread "Finalizer" daemon [_thread_blocked, id=11908, stack(0x000000d19c400000,0x000000d19c500000)]
  0x000002ba62e95aa0 JavaThread "Signal Dispatcher" daemon [_thread_blocked, id=6116, stack(0x000000d19c500000,0x000000d19c600000)]
  0x000002ba62e96760 JavaThread "Attach Listener" daemon [_thread_blocked, id=8696, stack(0x000000d19c600000,0x000000d19c700000)]
  0x000002ba62e97020 JavaThread "Service Thread" daemon [_thread_blocked, id=9936, stack(0x000000d19c700000,0x000000d19c800000)]
  0x000002ba62ec6420 JavaThread "Monitor Deflation Thread" daemon [_thread_blocked, id=9556, stack(0x000000d19c800000,0x000000d19c900000)]
=>0x000002ba62ec70c0 JavaThread "C2 CompilerThread0" daemon [_thread_in_native, id=11804, stack(0x000000d19c900000,0x000000d19ca00000)]
  0x000002ba62ec7cf0 JavaThread "C1 CompilerThread0" daemon [_thread_blocked, id=244, stack(0x000000d19ca00000,0x000000d19cb00000)]
  0x000002ba64960000 JavaThread "Sweeper thread" daemon [_thread_blocked, id=10456, stack(0x000000d19cb00000,0x000000d19cc00000)]
  0x000002ba64a1e000 JavaThread "Common-Cleaner" daemon [_thread_blocked, id=9796, stack(0x000000d19cc00000,0x000000d19cd00000)]
  0x000002ba64bf3420 JavaThread "Notification Thread" daemon [_thread_blocked, id=10652, stack(0x000000d19cd00000,0x000000d19ce00000)]
  0x000002ba65403a60 JavaThread "Active Thread: Equinox Container: f20ada60-d84e-4727-8f1a-82a83756074e" [_thread_blocked, id=7644, stack(0x000000d19d200000,0x000000d19d300000)]
  0x000002ba64eddf50 JavaThread "Framework Event Dispatcher: Equinox Container: f20ada60-d84e-4727-8f1a-82a83756074e" daemon [_thread_blocked, id=10364, stack(0x000000d19d300000,0x000000d19d400000)]
  0x000002ba64ede420 JavaThread "Start Level: Equinox Container: f20ada60-d84e-4727-8f1a-82a83756074e" daemon [_thread_blocked, id=4080, stack(0x000000d19d400000,0x000000d19d500000)]
  0x000002ba653e46d0 JavaThread "SCR Component Actor" daemon [_thread_blocked, id=1908, stack(0x000000d19d500000,0x000000d19d600000)]
  0x000002ba6545ff00 JavaThread "Bundle File Closer" daemon [_thread_blocked, id=8876, stack(0x000000d19d700000,0x000000d19d800000)]
  0x000002ba64efea40 JavaThread "Worker-JM" [_thread_blocked, id=3672, stack(0x000000d19d800000,0x000000d19d900000)]
  0x000002ba64b71080 JavaThread "Worker-0" [_thread_blocked, id=7988, stack(0x000000d19d900000,0x000000d19da00000)]
  0x000002ba64b74a40 JavaThread "Worker-1" [_thread_blocked, id=7324, stack(0x000000d19da00000,0x000000d19db00000)]
  0x000002ba64b71a20 JavaThread "Java indexing" daemon [_thread_blocked, id=8880, stack(0x000000d19db00000,0x000000d19dc00000)]
  0x000002ba64b71ef0 JavaThread "Worker-2" [_thread_blocked, id=8752, stack(0x000000d19dc00000,0x000000d19dd00000)]
  0x000002ba64b723c0 JavaThread "pool-1-thread-1" [_thread_in_native, id=12180, stack(0x000000d19dd00000,0x000000d19de00000)]
  0x000002ba69c1b130 JavaThread "Worker-3" [_thread_blocked, id=2840, stack(0x000000d19e200000,0x000000d19e300000)]
  0x000002ba69c1efc0 JavaThread "Worker-4" [_thread_blocked, id=11096, stack(0x000000d19d600000,0x000000d19d700000)]
  0x000002ba69c21170 JavaThread "ForkJoinPool.commonPool-worker-1" daemon [_thread_blocked, id=2388, stack(0x000000d19df00000,0x000000d19e000000)]
  0x000002ba69c1ce10 JavaThread "ForkJoinPool.commonPool-worker-2" daemon [_thread_blocked, id=5640, stack(0x000000d19e000000,0x000000d19e100000)]
  0x000002ba69c1f490 JavaThread "ForkJoinPool.commonPool-worker-3" daemon [_thread_in_Java, id=7072, stack(0x000000d19e100000,0x000000d19e200000)]

Other Threads:
  0x000002ba62e6c820 VMThread "VM Thread" [stack: 0x000000d19c200000,0x000000d19c300000] [id=436]
  0x000002ba64bd0f80 WatcherThread [stack: 0x000000d19ce00000,0x000000d19cf00000] [id=7148]
  0x000002ba4d12abc0 GCTaskThread "GC Thread#0" [stack: 0x000000d19c100000,0x000000d19c200000] [id=7208]
  0x000002ba64e66ea0 GCTaskThread "GC Thread#1" [stack: 0x000000d19cf00000,0x000000d19d000000] [id=3432]
  0x000002ba64f375a0 GCTaskThread "GC Thread#2" [stack: 0x000000d19d000000,0x000000d19d100000] [id=11832]
  0x000002ba64f818f0 GCTaskThread "GC Thread#3" [stack: 0x000000d19d100000,0x000000d19d200000] [id=5544]

Threads with active compile tasks:
C2 CompilerThread0    65479 8329       4       org.objectweb.asm.ClassReader::readMethod (1066 bytes)

VM state: not at safepoint (normal execution)

VM Mutex/Monitor currently owned by a thread: None

Heap address: 0x00000000c0000000, size: 1024 MB, Compressed Oops mode: 32-bit

CDS archive(s) not mapped
Compressed class space mapped at: 0x0000000100000000-0x0000000140000000, reserved size: 1073741824
Narrow klass base: 0x0000000000000000, Narrow klass shift: 3, Narrow klass range: 0x140000000

GC Precious Log:
 CPUs: 4 total, 4 available
 Memory: 3818M
 Large Page Support: Disabled
 NUMA Support: Disabled
 Compressed Oops: Enabled (32-bit)
 Alignments: Space 512K, Generation 512K, Heap 2M
 Heap Min Capacity: 100M
 Heap Initial Capacity: 100M
 Heap Max Capacity: 1G
 Pre-touch: Disabled
 Parallel Workers: 4

Heap:
 PSYoungGen      total 16384K, used 12192K [0x00000000eab00000, 0x00000000ebd80000, 0x0000000100000000)
  eden space 15360K, 72% used [0x00000000eab00000,0x00000000eb5e9dc8,0x00000000eba00000)
  from space 1024K, 99% used [0x00000000ebc80000,0x00000000ebd7e530,0x00000000ebd80000)
  to   space 1536K, 0% used [0x00000000eba80000,0x00000000eba80000,0x00000000ebc00000)
 ParOldGen       total 119808K, used 91044K [0x00000000c0000000, 0x00000000c7500000, 0x00000000eab00000)
  object space 119808K, 75% used [0x00000000c0000000,0x00000000c58e9080,0x00000000c7500000)
 Metaspace       used 58112K, committed 59264K, reserved 1105920K
  class space    used 6155K, committed 6656K, reserved 1048576K

Card table byte_map: [0x000002ba60770000,0x000002ba60980000] _byte_map_base: 0x000002ba60170000

Marking Bits: (ParMarkBitMap*) 0x00007ffde5472cc0
 Begin Bits: [0x000002ba60ae0000, 0x000002ba61ae0000)
 End Bits:   [0x000002ba61ae0000, 0x000002ba62ae0000)

Polling page: 0x000002ba4d1f0000

Metaspace:

Usage:
  Non-class:     50.74 MB used.
      Class:      6.01 MB used.
       Both:     56.75 MB used.

Virtual space:
  Non-class space:       56.00 MB reserved,      51.38 MB ( 92%) committed,  7 nodes.
      Class space:        1.00 GB reserved,       6.50 MB ( <1%) committed,  1 nodes.
             Both:        1.05 GB reserved,      57.88 MB (  5%) committed. 

Chunk freelists:
   Non-Class:  0 bytes
       Class:  1.33 MB
        Both:  1.33 MB

MaxMetaspaceSize: unlimited
CompressedClassSpaceSize: 1.00 GB
Initial GC threshold: 21.00 MB
Current GC threshold: 91.81 MB
CDS: off
MetaspaceReclaimPolicy: balanced
 - commit_granule_bytes: 65536.
 - commit_granule_words: 8192.
 - virtual_space_node_default_size: 1048576.
 - enlarge_chunks_in_place: 1.
 - new_chunks_are_fully_committed: 0.
 - uncommit_free_chunks: 1.
 - use_allocation_guard: 0.
 - handle_deallocations: 1.


Internal statistics:

num_allocs_failed_limit: 6.
num_arena_births: 698.
num_arena_deaths: 14.
num_vsnodes_births: 8.
num_vsnodes_deaths: 0.
num_space_committed: 926.
num_space_uncommitted: 0.
num_chunks_returned_to_freelist: 20.
num_chunks_taken_from_freelist: 2969.
num_chunk_merges: 7.
num_chunk_splits: 1868.
num_chunks_enlarged: 1090.
num_purges: 2.
num_inconsistent_stats: 0.

CodeHeap 'non-profiled nmethods': size=120000Kb used=4725Kb max_used=4725Kb free=115274Kb
 bounds [0x000002ba59050000, 0x000002ba594f0000, 0x000002ba60580000]
CodeHeap 'profiled nmethods': size=120000Kb used=15567Kb max_used=15567Kb free=104432Kb
 bounds [0x000002ba51b20000, 0x000002ba52a60000, 0x000002ba59050000]
CodeHeap 'non-nmethods': size=5760Kb used=1316Kb max_used=1359Kb free=4443Kb
 bounds [0x000002ba51580000, 0x000002ba517f0000, 0x000002ba51b20000]
 total_blobs=8057 nmethods=7423 adapters=546
 compilation: enabled
              stopped_count=0, restarted_count=0
 full_count=0

Compilation events (20 events):
Event: 64.665 Thread 0x000002ba62ec7cf0 8333       3       org.objectweb.asm.Handler::putExceptionTable (63 bytes)
Event: 64.666 Thread 0x000002ba62ec7cf0 nmethod 8333 0x000002ba52a51990 code [0x000002ba52a51ba0, 0x000002ba52a51fc8]
Event: 64.681 Thread 0x000002ba62ec7cf0 8334       3       org.objectweb.asm.MethodWriter::visitLdcInsn (215 bytes)
Event: 64.683 Thread 0x000002ba62ec7cf0 nmethod 8334 0x000002ba52a52290 code [0x000002ba52a52500, 0x000002ba52a53088]
Event: 64.683 Thread 0x000002ba62ec7cf0 8335       3       org.objectweb.asm.SymbolTable::hash (19 bytes)
Event: 64.684 Thread 0x000002ba62ec7cf0 nmethod 8335 0x000002ba52a53510 code [0x000002ba52a536c0, 0x000002ba52a53858]
Event: 64.684 Thread 0x000002ba62ec7cf0 8336       3       org.objectweb.asm.ClassVisitor::visitInnerClass (20 bytes)
Event: 64.684 Thread 0x000002ba62ec7cf0 nmethod 8336 0x000002ba52a53990 code [0x000002ba52a53b40, 0x000002ba52a53d48]
Event: 64.684 Thread 0x000002ba62ec7cf0 8337       3       org.objectweb.asm.ClassWriter::visitInnerClass (130 bytes)
Event: 64.686 Thread 0x000002ba62ec7cf0 nmethod 8337 0x000002ba52a53e10 code [0x000002ba52a54060, 0x000002ba52a547c8]
Event: 64.690 Thread 0x000002ba62ec7cf0 8338       3       org.objectweb.asm.SymbolTable::hash (23 bytes)
Event: 64.691 Thread 0x000002ba62ec7cf0 nmethod 8338 0x000002ba52a54c10 code [0x000002ba52a54dc0, 0x000002ba52a54fa8]
Event: 64.731 Thread 0x000002ba62ec7cf0 8339       3       org.objectweb.asm.MethodVisitor::visitCode (15 bytes)
Event: 64.732 Thread 0x000002ba62ec7cf0 nmethod 8339 0x000002ba52a55110 code [0x000002ba52a552c0, 0x000002ba52a554c8]
Event: 64.734 Thread 0x000002ba62ec7cf0 8340       3       org.objectweb.asm.MethodVisitor::visitMaxs (17 bytes)
Event: 64.735 Thread 0x000002ba62ec7cf0 nmethod 8340 0x000002ba52a55590 code [0x000002ba52a55740, 0x000002ba52a55948]
Event: 64.737 Thread 0x000002ba62ec7cf0 8341       3       org.objectweb.asm.MethodVisitor::visitEnd (15 bytes)
Event: 64.737 Thread 0x000002ba62ec7cf0 nmethod 8341 0x000002ba52a55a10 code [0x000002ba52a55bc0, 0x000002ba52a55dc8]
Event: 64.764 Thread 0x000002ba62ec7cf0 8342       3       org.objectweb.asm.SymbolTable::addConstantDynamicOrInvokeDynamicReference (34 bytes)
Event: 64.765 Thread 0x000002ba62ec7cf0 nmethod 8342 0x000002ba52a55e90 code [0x000002ba52a56060, 0x000002ba52a562e8]

GC Heap History (20 events):
Event: 50.327 GC heap before
{Heap before GC invocations=46 (full 5):
 PSYoungGen      total 9216K, used 8928K [0x00000000eab00000, 0x00000000ebe00000, 0x0000000100000000)
  eden space 8704K, 100% used [0x00000000eab00000,0x00000000eb380000,0x00000000eb380000)
  from space 512K, 43% used [0x00000000ebd80000,0x00000000ebdb8000,0x00000000ebe00000)
  to   space 3584K, 0% used [0x00000000eb700000,0x00000000eb700000,0x00000000eba80000)
 ParOldGen       total 119808K, used 89687K [0x00000000c0000000, 0x00000000c7500000, 0x00000000eab00000)
  object space 119808K, 74% used [0x00000000c0000000,0x00000000c5795dd0,0x00000000c7500000)
 Metaspace       used 55340K, committed 56448K, reserved 1105920K
  class space    used 5849K, committed 6336K, reserved 1048576K
}
Event: 50.329 GC heap after
{Heap after GC invocations=46 (full 5):
 PSYoungGen      total 13312K, used 256K [0x00000000eab00000, 0x00000000ebe00000, 0x0000000100000000)
  eden space 9728K, 0% used [0x00000000eab00000,0x00000000eab00000,0x00000000eb480000)
  from space 3584K, 7% used [0x00000000eb700000,0x00000000eb740000,0x00000000eba80000)
  to   space 1024K, 0% used [0x00000000ebd00000,0x00000000ebd00000,0x00000000ebe00000)
 ParOldGen       total 119808K, used 89695K [0x00000000c0000000, 0x00000000c7500000, 0x00000000eab00000)
  object space 119808K, 74% used [0x00000000c0000000,0x00000000c5797dd0,0x00000000c7500000)
 Metaspace       used 55340K, committed 56448K, reserved 1105920K
  class space    used 5849K, committed 6336K, reserved 1048576K
}
Event: 51.033 GC heap before
{Heap before GC invocations=47 (full 5):
 PSYoungGen      total 13312K, used 9984K [0x00000000eab00000, 0x00000000ebe00000, 0x0000000100000000)
  eden space 9728K, 100% used [0x00000000eab00000,0x00000000eb480000,0x00000000eb480000)
  from space 3584K, 7% used [0x00000000eb700000,0x00000000eb740000,0x00000000eba80000)
  to   space 1024K, 0% used [0x00000000ebd00000,0x00000000ebd00000,0x00000000ebe00000)
 ParOldGen       total 119808K, used 89695K [0x00000000c0000000, 0x00000000c7500000, 0x00000000eab00000)
  object space 119808K, 74% used [0x00000000c0000000,0x00000000c5797dd0,0x00000000c7500000)
 Metaspace       used 55374K, committed 56448K, reserved 1105920K
  class space    used 5850K, committed 6336K, reserved 1048576K
}
Event: 51.035 GC heap after
{Heap after GC invocations=47 (full 5):
 PSYoungGen      total 11264K, used 192K [0x00000000eab00000, 0x00000000ebd80000, 0x0000000100000000)
  eden space 10752K, 0% used [0x00000000eab00000,0x00000000eab00000,0x00000000eb580000)
  from space 512K, 37% used [0x00000000ebd00000,0x00000000ebd30000,0x00000000ebd80000)
  to   space 512K, 0% used [0x00000000ebc80000,0x00000000ebc80000,0x00000000ebd00000)
 ParOldGen       total 119808K, used 89703K [0x00000000c0000000, 0x00000000c7500000, 0x00000000eab00000)
  object space 119808K, 74% used [0x00000000c0000000,0x00000000c5799dd0,0x00000000c7500000)
 Metaspace       used 55374K, committed 56448K, reserved 1105920K
  class space    used 5850K, committed 6336K, reserved 1048576K
}
Event: 51.399 GC heap before
{Heap before GC invocations=48 (full 5):
 PSYoungGen      total 11264K, used 10944K [0x00000000eab00000, 0x00000000ebd80000, 0x0000000100000000)
  eden space 10752K, 100% used [0x00000000eab00000,0x00000000eb580000,0x00000000eb580000)
  from space 512K, 37% used [0x00000000ebd00000,0x00000000ebd30000,0x00000000ebd80000)
  to   space 512K, 0% used [0x00000000ebc80000,0x00000000ebc80000,0x00000000ebd00000)
 ParOldGen       total 119808K, used 89703K [0x00000000c0000000, 0x00000000c7500000, 0x00000000eab00000)
  object space 119808K, 74% used [0x00000000c0000000,0x00000000c5799dd0,0x00000000c7500000)
 Metaspace       used 55377K, committed 56448K, reserved 1105920K
  class space    used 5850K, committed 6336K, reserved 1048576K
}
Event: 51.401 GC heap after
{Heap after GC invocations=48 (full 5):
 PSYoungGen      total 12288K, used 480K [0x00000000eab00000, 0x00000000ebd80000, 0x0000000100000000)
  eden space 11776K, 0% used [0x00000000eab00000,0x00000000eab00000,0x00000000eb680000)
  from space 512K, 93% used [0x00000000ebc80000,0x00000000ebcf83b0,0x00000000ebd00000)
  to   space 512K, 0% used [0x00000000ebd00000,0x00000000ebd00000,0x00000000ebd80000)
 ParOldGen       total 119808K, used 89759K [0x00000000c0000000, 0x00000000c7500000, 0x00000000eab00000)
  object space 119808K, 74% used [0x00000000c0000000,0x00000000c57a7dd0,0x00000000c7500000)
 Metaspace       used 55377K, committed 56448K, reserved 1105920K
  class space    used 5850K, committed 6336K, reserved 1048576K
}
Event: 62.075 GC heap before
{Heap before GC invocations=49 (full 5):
 PSYoungGen      total 12288K, used 12256K [0x00000000eab00000, 0x00000000ebd80000, 0x0000000100000000)
  eden space 11776K, 100% used [0x00000000eab00000,0x00000000eb680000,0x00000000eb680000)
  from space 512K, 93% used [0x00000000ebc80000,0x00000000ebcf83b0,0x00000000ebd00000)
  to   space 512K, 0% used [0x00000000ebd00000,0x00000000ebd00000,0x00000000ebd80000)
 ParOldGen       total 119808K, used 89759K [0x00000000c0000000, 0x00000000c7500000, 0x00000000eab00000)
  object space 119808K, 74% used [0x00000000c0000000,0x00000000c57a7dd0,0x00000000c7500000)
 Metaspace       used 55832K, committed 56960K, reserved 1105920K
  class space    used 5900K, committed 6400K, reserved 1048576K
}
Event: 62.107 GC heap after
{Heap after GC invocations=49 (full 5):
 PSYoungGen      total 12800K, used 500K [0x00000000eab00000, 0x00000000ebd80000, 0x0000000100000000)
  eden space 12288K, 0% used [0x00000000eab00000,0x00000000eab00000,0x00000000eb700000)
  from space 512K, 97% used [0x00000000ebd00000,0x00000000ebd7d398,0x00000000ebd80000)
  to   space 1024K, 0% used [0x00000000ebb80000,0x00000000ebb80000,0x00000000ebc80000)
 ParOldGen       total 119808K, used 89839K [0x00000000c0000000, 0x00000000c7500000, 0x00000000eab00000)
  object space 119808K, 74% used [0x00000000c0000000,0x00000000c57bbdd0,0x00000000c7500000)
 Metaspace       used 55832K, committed 56960K, reserved 1105920K
  class space    used 5900K, committed 6400K, reserved 1048576K
}
Event: 62.597 GC heap before
{Heap before GC invocations=50 (full 5):
 PSYoungGen      total 12800K, used 12788K [0x00000000eab00000, 0x00000000ebd80000, 0x0000000100000000)
  eden space 12288K, 100% used [0x00000000eab00000,0x00000000eb700000,0x00000000eb700000)
  from space 512K, 97% used [0x00000000ebd00000,0x00000000ebd7d398,0x00000000ebd80000)
  to   space 1024K, 0% used [0x00000000ebb80000,0x00000000ebb80000,0x00000000ebc80000)
 ParOldGen       total 119808K, used 89839K [0x00000000c0000000, 0x00000000c7500000, 0x00000000eab00000)
  object space 119808K, 74% used [0x00000000c0000000,0x00000000c57bbdd0,0x00000000c7500000)
 Metaspace       used 55918K, committed 57024K, reserved 1105920K
  class space    used 5907K, committed 6400K, reserved 1048576K
}
Event: 62.600 GC heap after
{Heap after GC invocations=50 (full 5):
 PSYoungGen      total 13824K, used 352K [0x00000000eab00000, 0x00000000ebd80000, 0x0000000100000000)
  eden space 12800K, 0% used [0x00000000eab00000,0x00000000eab00000,0x00000000eb780000)
  from space 1024K, 34% used [0x00000000ebb80000,0x00000000ebbd8000,0x00000000ebc80000)
  to   space 512K, 0% used [0x00000000ebd00000,0x00000000ebd00000,0x00000000ebd80000)
 ParOldGen       total 119808K, used 89879K [0x00000000c0000000, 0x00000000c7500000, 0x00000000eab00000)
  object space 119808K, 75% used [0x00000000c0000000,0x00000000c57c5dd0,0x00000000c7500000)
 Metaspace       used 55918K, committed 57024K, reserved 1105920K
  class space    used 5907K, committed 6400K, reserved 1048576K
}
Event: 63.075 GC heap before
{Heap before GC invocations=51 (full 5):
 PSYoungGen      total 13824K, used 13152K [0x00000000eab00000, 0x00000000ebd80000, 0x0000000100000000)
  eden space 12800K, 100% used [0x00000000eab00000,0x00000000eb780000,0x00000000eb780000)
  from space 1024K, 34% used [0x00000000ebb80000,0x00000000ebbd8000,0x00000000ebc80000)
  to   space 512K, 0% used [0x00000000ebd00000,0x00000000ebd00000,0x00000000ebd80000)
 ParOldGen       total 119808K, used 89879K [0x00000000c0000000, 0x00000000c7500000, 0x00000000eab00000)
  object space 119808K, 75% used [0x00000000c0000000,0x00000000c57c5dd0,0x00000000c7500000)
 Metaspace       used 55949K, committed 57024K, reserved 1105920K
  class space    used 5909K, committed 6400K, reserved 1048576K
}
Event: 63.077 GC heap after
{Heap after GC invocations=51 (full 5):
 PSYoungGen      total 13824K, used 507K [0x00000000eab00000, 0x00000000ebd80000, 0x0000000100000000)
  eden space 13312K, 0% used [0x00000000eab00000,0x00000000eab00000,0x00000000eb800000)
  from space 512K, 99% used [0x00000000ebd00000,0x00000000ebd7ec80,0x00000000ebd80000)
  to   space 1024K, 0% used [0x00000000ebb80000,0x00000000ebb80000,0x00000000ebc80000)
 ParOldGen       total 119808K, used 89895K [0x00000000c0000000, 0x00000000c7500000, 0x00000000eab00000)
  object space 119808K, 75% used [0x00000000c0000000,0x00000000c57c9dd0,0x00000000c7500000)
 Metaspace       used 55949K, committed 57024K, reserved 1105920K
  class space    used 5909K, committed 6400K, reserved 1048576K
}
Event: 63.339 GC heap before
{Heap before GC invocations=52 (full 5):
 PSYoungGen      total 13824K, used 13819K [0x00000000eab00000, 0x00000000ebd80000, 0x0000000100000000)
  eden space 13312K, 100% used [0x00000000eab00000,0x00000000eb800000,0x00000000eb800000)
  from space 512K, 99% used [0x00000000ebd00000,0x00000000ebd7ec80,0x00000000ebd80000)
  to   space 1024K, 0% used [0x00000000ebb80000,0x00000000ebb80000,0x00000000ebc80000)
 ParOldGen       total 119808K, used 89895K [0x00000000c0000000, 0x00000000c7500000, 0x00000000eab00000)
  object space 119808K, 75% used [0x00000000c0000000,0x00000000c57c9dd0,0x00000000c7500000)
 Metaspace       used 55960K, committed 57088K, reserved 1105920K
  class space    used 5910K, committed 6400K, reserved 1048576K
}
Event: 63.341 GC heap after
{Heap after GC invocations=52 (full 5):
 PSYoungGen      total 14848K, used 416K [0x00000000eab00000, 0x00000000ebd80000, 0x0000000100000000)
  eden space 13824K, 0% used [0x00000000eab00000,0x00000000eab00000,0x00000000eb880000)
  from space 1024K, 40% used [0x00000000ebb80000,0x00000000ebbe8000,0x00000000ebc80000)
  to   space 512K, 0% used [0x00000000ebd00000,0x00000000ebd00000,0x00000000ebd80000)
 ParOldGen       total 119808K, used 90157K [0x00000000c0000000, 0x00000000c7500000, 0x00000000eab00000)
  object space 119808K, 75% used [0x00000000c0000000,0x00000000c580b668,0x00000000c7500000)
 Metaspace       used 55960K, committed 57088K, reserved 1105920K
  class space    used 5910K, committed 6400K, reserved 1048576K
}
Event: 63.672 GC heap before
{Heap before GC invocations=53 (full 5):
 PSYoungGen      total 14848K, used 14146K [0x00000000eab00000, 0x00000000ebd80000, 0x0000000100000000)
  eden space 13824K, 99% used [0x00000000eab00000,0x00000000eb868800,0x00000000eb880000)
  from space 1024K, 40% used [0x00000000ebb80000,0x00000000ebbe8000,0x00000000ebc80000)
  to   space 512K, 0% used [0x00000000ebd00000,0x00000000ebd00000,0x00000000ebd80000)
 ParOldGen       total 119808K, used 90157K [0x00000000c0000000, 0x00000000c7500000, 0x00000000eab00000)
  object space 119808K, 75% used [0x00000000c0000000,0x00000000c580b668,0x00000000c7500000)
 Metaspace       used 56653K, committed 57792K, reserved 1105920K
  class space    used 6004K, committed 6528K, reserved 1048576K
}
Event: 63.674 GC heap after
{Heap after GC invocations=53 (full 5):
 PSYoungGen      total 14848K, used 506K [0x00000000eab00000, 0x00000000ebd80000, 0x0000000100000000)
  eden space 14336K, 0% used [0x00000000eab00000,0x00000000eab00000,0x00000000eb900000)
  from space 512K, 98% used [0x00000000ebd00000,0x00000000ebd7e900,0x00000000ebd80000)
  to   space 1024K, 0% used [0x00000000ebb80000,0x00000000ebb80000,0x00000000ebc80000)
 ParOldGen       total 119808K, used 90157K [0x00000000c0000000, 0x00000000c7500000, 0x00000000eab00000)
  object space 119808K, 75% used [0x00000000c0000000,0x00000000c580b668,0x00000000c7500000)
 Metaspace       used 56653K, committed 57792K, reserved 1105920K
  class space    used 6004K, committed 6528K, reserved 1048576K
}
Event: 64.208 GC heap before
{Heap before GC invocations=54 (full 5):
 PSYoungGen      total 14848K, used 14842K [0x00000000eab00000, 0x00000000ebd80000, 0x0000000100000000)
  eden space 14336K, 100% used [0x00000000eab00000,0x00000000eb900000,0x00000000eb900000)
  from space 512K, 98% used [0x00000000ebd00000,0x00000000ebd7e900,0x00000000ebd80000)
  to   space 1024K, 0% used [0x00000000ebb80000,0x00000000ebb80000,0x00000000ebc80000)
 ParOldGen       total 119808K, used 90157K [0x00000000c0000000, 0x00000000c7500000, 0x00000000eab00000)
  object space 119808K, 75% used [0x00000000c0000000,0x00000000c580b668,0x00000000c7500000)
 Metaspace       used 57156K, committed 58368K, reserved 1105920K
  class space    used 6060K, committed 6592K, reserved 1048576K
}
Event: 64.213 GC heap after
{Heap after GC invocations=54 (full 5):
 PSYoungGen      total 15872K, used 1020K [0x00000000eab00000, 0x00000000ebd80000, 0x0000000100000000)
  eden space 14848K, 0% used [0x00000000eab00000,0x00000000eab00000,0x00000000eb980000)
  from space 1024K, 99% used [0x00000000ebb80000,0x00000000ebc7f0c0,0x00000000ebc80000)
  to   space 1024K, 0% used [0x00000000ebc80000,0x00000000ebc80000,0x00000000ebd80000)
 ParOldGen       total 119808K, used 90718K [0x00000000c0000000, 0x00000000c7500000, 0x00000000eab00000)
  object space 119808K, 75% used [0x00000000c0000000,0x00000000c5897b08,0x00000000c7500000)
 Metaspace       used 57156K, committed 58368K, reserved 1105920K
  class space    used 6060K, committed 6592K, reserved 1048576K
}
Event: 64.676 GC heap before
{Heap before GC invocations=55 (full 5):
 PSYoungGen      total 15872K, used 15868K [0x00000000eab00000, 0x00000000ebd80000, 0x0000000100000000)
  eden space 14848K, 100% used [0x00000000eab00000,0x00000000eb980000,0x00000000eb980000)
  from space 1024K, 99% used [0x00000000ebb80000,0x00000000ebc7f0c0,0x00000000ebc80000)
  to   space 1024K, 0% used [0x00000000ebc80000,0x00000000ebc80000,0x00000000ebd80000)
 ParOldGen       total 119808K, used 90718K [0x00000000c0000000, 0x00000000c7500000, 0x00000000eab00000)
  object space 119808K, 75% used [0x00000000c0000000,0x00000000c5897b08,0x00000000c7500000)
 Metaspace       used 57173K, committed 58368K, reserved 1105920K
  class space    used 6060K, committed 6592K, reserved 1048576K
}
Event: 64.679 GC heap after
{Heap after GC invocations=55 (full 5):
 PSYoungGen      total 16384K, used 1017K [0x00000000eab00000, 0x00000000ebd80000, 0x0000000100000000)
  eden space 15360K, 0% used [0x00000000eab00000,0x00000000eab00000,0x00000000eba00000)
  from space 1024K, 99% used [0x00000000ebc80000,0x00000000ebd7e530,0x00000000ebd80000)
  to   space 1536K, 0% used [0x00000000eba80000,0x00000000eba80000,0x00000000ebc00000)
 ParOldGen       total 119808K, used 91044K [0x00000000c0000000, 0x00000000c7500000, 0x00000000eab00000)
  object space 119808K, 75% used [0x00000000c0000000,0x00000000c58e9080,0x00000000c7500000)
 Metaspace       used 57173K, committed 58368K, reserved 1105920K
  class space    used 6060K, committed 6592K, reserved 1048576K
}

Deoptimization events (20 events):
Event: 64.207 Thread 0x000002ba69c1f490 DEOPT PACKING pc=0x000002ba59182538 sp=0x000000d19e1f9420
Event: 64.207 Thread 0x000002ba69c1f490 DEOPT UNPACKING pc=0x000002ba515d5923 sp=0x000000d19e1f93a8 mode 2
Event: 64.207 Thread 0x000002ba69c1f490 Uncommon trap: trap_request=0xffffffde fr.pc=0x000002ba59182538 relative=0x00000000000080f8
Event: 64.207 Thread 0x000002ba69c1f490 Uncommon trap: reason=class_check action=maybe_recompile pc=0x000002ba59182538 method=lombok.patcher.PatchScript$MethodPatcher.visitMethod(ILjava/lang/String;Ljava/lang/String;Ljava/lang/String;[Ljava/lang/String;)Lorg/objectweb/asm/MethodVisitor; @ 101 c
Event: 64.207 Thread 0x000002ba69c1f490 DEOPT PACKING pc=0x000002ba59182538 sp=0x000000d19e1f9420
Event: 64.207 Thread 0x000002ba69c1f490 DEOPT UNPACKING pc=0x000002ba515d5923 sp=0x000000d19e1f93a8 mode 2
Event: 64.387 Thread 0x000002ba69c1f490 Uncommon trap: trap_request=0xffffff45 fr.pc=0x000002ba594dd720 relative=0x0000000000000ec0
Event: 64.387 Thread 0x000002ba69c1f490 Uncommon trap: reason=unstable_if action=reinterpret pc=0x000002ba594dd720 method=org.objectweb.asm.MethodWriter.putMethodInfo(Lorg/objectweb/asm/ByteVector;)V @ 374 c2
Event: 64.387 Thread 0x000002ba69c1f490 DEOPT PACKING pc=0x000002ba594dd720 sp=0x000000d19e1f9610
Event: 64.387 Thread 0x000002ba69c1f490 DEOPT UNPACKING pc=0x000002ba515d5923 sp=0x000000d19e1f95c8 mode 2
Event: 64.632 Thread 0x000002ba69c1f490 DEOPT PACKING pc=0x000002ba51bf7730 sp=0x000000d19e1f94d0
Event: 64.633 Thread 0x000002ba69c1f490 DEOPT UNPACKING pc=0x000002ba515d6463 sp=0x000000d19e1f8a78 mode 0
Event: 64.674 Thread 0x000002ba69c1f490 DEOPT PACKING pc=0x000002ba51bf7730 sp=0x000000d19e1f94d0
Event: 64.674 Thread 0x000002ba69c1f490 DEOPT UNPACKING pc=0x000002ba515d6463 sp=0x000000d19e1f8a78 mode 0
Event: 64.686 Thread 0x000002ba69c1f490 DEOPT PACKING pc=0x000002ba51bf7730 sp=0x000000d19e1f94d0
Event: 64.686 Thread 0x000002ba69c1f490 DEOPT UNPACKING pc=0x000002ba515d6463 sp=0x000000d19e1f8a78 mode 0
Event: 64.692 Thread 0x000002ba69c1f490 DEOPT PACKING pc=0x000002ba51bf7730 sp=0x000000d19e1f94d0
Event: 64.692 Thread 0x000002ba69c1f490 DEOPT UNPACKING pc=0x000002ba515d6463 sp=0x000000d19e1f8a78 mode 0
Event: 64.770 Thread 0x000002ba69c1f490 DEOPT PACKING pc=0x000002ba51bf7730 sp=0x000000d19e1f94d0
Event: 64.775 Thread 0x000002ba69c1f490 DEOPT UNPACKING pc=0x000002ba515d6463 sp=0x000000d19e1f8a78 mode 0

Classes unloaded (7 events):
Event: 11.467 Thread 0x000002ba62e6c820 Unloading class 0x000000010021c800 'java/lang/invoke/LambdaForm$MH+0x000000010021c800'
Event: 11.467 Thread 0x000002ba62e6c820 Unloading class 0x000000010021c400 'java/lang/invoke/LambdaForm$MH+0x000000010021c400'
Event: 11.467 Thread 0x000002ba62e6c820 Unloading class 0x000000010021c000 'java/lang/invoke/LambdaForm$MH+0x000000010021c000'
Event: 11.467 Thread 0x000002ba62e6c820 Unloading class 0x000000010021b800 'java/lang/invoke/LambdaForm$MH+0x000000010021b800'
Event: 11.467 Thread 0x000002ba62e6c820 Unloading class 0x000000010021b400 'java/lang/invoke/LambdaForm$BMH+0x000000010021b400'
Event: 11.467 Thread 0x000002ba62e6c820 Unloading class 0x000000010021b000 'java/lang/invoke/LambdaForm$DMH+0x000000010021b000'
Event: 11.467 Thread 0x000002ba62e6c820 Unloading class 0x0000000100218400 'java/lang/invoke/LambdaForm$DMH+0x0000000100218400'

Classes redefined (0 events):
No events

Internal exceptions (20 events):
Event: 28.854 Thread 0x000002ba64b74a40 Exception <a 'java/lang/NoSuchMethodError'{0x00000000ebe45a70}: 'java.lang.Object java.lang.invoke.DirectMethodHandle$Holder.invokeSpecial(java.lang.Object, java.lang.Object, java.lang.Object, java.lang.Object, int)'> (0x00000000ebe45a70) 
thrown [s\src\hotspot\share\interpreter\linkResolver.cpp, line 759]
Event: 28.856 Thread 0x000002ba64b74a40 Exception <a 'java/lang/NoSuchMethodError'{0x00000000ebe49178}: 'java.lang.Object java.lang.invoke.Invokers$Holder.linkToTargetMethod(java.lang.Object, java.lang.Object, int, java.lang.Object)'> (0x00000000ebe49178) 
thrown [s\src\hotspot\share\interpreter\linkResolver.cpp, line 759]
Event: 28.878 Thread 0x000002ba64b74a40 Exception <a 'java/lang/NoSuchMethodError'{0x00000000eab0caf0}: 'java.lang.Object java.lang.invoke.DirectMethodHandle$Holder.newInvokeSpecial(java.lang.Object, java.lang.Object, int, java.lang.Object, java.lang.Object)'> (0x00000000eab0caf0) 
thrown [s\src\hotspot\share\interpreter\linkResolver.cpp, line 759]
Event: 28.878 Thread 0x000002ba64b74a40 Exception <a 'java/lang/NoSuchMethodError'{0x00000000eab10d30}: 'java.lang.Object java.lang.invoke.DirectMethodHandle$Holder.invokeSpecial(java.lang.Object, java.lang.Object, java.lang.Object, int, java.lang.Object, java.lang.Object)'> (0x00000000eab10d30) 
thrown [s\src\hotspot\share\interpreter\linkResolver.cpp, line 759]
Event: 31.913 Thread 0x000002ba65403a60 Implicit null exception at 0x000002ba592ff2da to 0x000002ba592ffcc7
Event: 33.223 Thread 0x000002ba64b74a40 Implicit null exception at 0x000002ba592f25d6 to 0x000002ba592f2a38
Event: 33.324 Thread 0x000002ba64b74a40 Implicit null exception at 0x000002ba592ac4ec to 0x000002ba592ac590
Event: 39.619 Thread 0x000002ba64b74a40 Exception <a 'java/lang/NoSuchMethodError'{0x00000000eb02b428}: 'void java.lang.invoke.DirectMethodHandle$Holder.invokeStatic(java.lang.Object, int)'> (0x00000000eb02b428) 
thrown [s\src\hotspot\share\interpreter\linkResolver.cpp, line 759]
Event: 39.707 Thread 0x000002ba64b74a40 Exception <a 'java/lang/NoSuchMethodError'{0x00000000eb186d90}: 'int java.lang.invoke.DirectMethodHandle$Holder.invokeSpecial(java.lang.Object, java.lang.Object, java.lang.Object, java.lang.Object)'> (0x00000000eb186d90) 
thrown [s\src\hotspot\share\interpreter\linkResolver.cpp, line 759]
Event: 39.716 Thread 0x000002ba64b74a40 Exception <a 'java/lang/NoSuchMethodError'{0x00000000eb1a2828}: 'java.lang.Object java.lang.invoke.DirectMethodHandle$Holder.invokeStatic(java.lang.Object, int, java.lang.Object, java.lang.Object)'> (0x00000000eb1a2828) 
thrown [s\src\hotspot\share\interpreter\linkResolver.cpp, line 759]
Event: 39.717 Thread 0x000002ba64b74a40 Exception <a 'java/lang/NoSuchMethodError'{0x00000000eb1a6868}: 'java.lang.Object java.lang.invoke.DirectMethodHandle$Holder.invokeSpecial(java.lang.Object, java.lang.Object, int, java.lang.Object, java.lang.Object)'> (0x00000000eb1a6868) 
thrown [s\src\hotspot\share\interpreter\linkResolver.cpp, line 759]
Event: 39.718 Thread 0x000002ba64b74a40 Exception <a 'java/lang/NoSuchMethodError'{0x00000000eb1aa268}: 'java.lang.Object java.lang.invoke.DelegatingMethodHandle$Holder.delegate(java.lang.Object, int, java.lang.Object, java.lang.Object)'> (0x00000000eb1aa268) 
thrown [s\src\hotspot\share\interpreter\linkResolver.cpp, line 759]
Event: 39.722 Thread 0x000002ba64b74a40 Exception <a 'java/lang/NoSuchMethodError'{0x00000000eb1bfc70}: 'int java.lang.invoke.Invokers$Holder.linkToTargetMethod(java.lang.Object, java.lang.Object, java.lang.Object)'> (0x00000000eb1bfc70) 
thrown [s\src\hotspot\share\interpreter\linkResolver.cpp, line 759]
Event: 40.287 Thread 0x000002ba64b74a40 Exception <a 'java/io/FileNotFoundException'{0x00000000eb54f4a0}> (0x00000000eb54f4a0) 
thrown [s\src\hotspot\share\prims\jni.cpp, line 516]
Event: 40.287 Thread 0x000002ba64b74a40 Exception <a 'java/io/FileNotFoundException'{0x00000000eb550ce8}> (0x00000000eb550ce8) 
thrown [s\src\hotspot\share\prims\jni.cpp, line 516]
Event: 44.914 Thread 0x000002ba64b74a40 Implicit null exception at 0x000002ba5928e6d8 to 0x000002ba5928f37c
Event: 45.381 Thread 0x000002ba69c1efc0 Exception <a 'java/io/FileNotFoundException'{0x00000000eab70c70}> (0x00000000eab70c70) 
thrown [s\src\hotspot\share\prims\jni.cpp, line 516]
Event: 45.511 Thread 0x000002ba69c1efc0 Exception <a 'java/lang/NoSuchMethodError'{0x00000000eacb3d00}: 'void java.lang.invoke.DirectMethodHandle$Holder.invokeSpecial(java.lang.Object, java.lang.Object, java.lang.Object, java.lang.Object, java.lang.Object)'> (0x00000000eacb3d00) 
thrown [s\src\hotspot\share\interpreter\linkResolver.cpp, line 759]
Event: 46.126 Thread 0x000002ba69c1f490 Exception <a 'java/lang/NoSuchMethodError'{0x00000000eb420010}: 'java.lang.Object java.lang.invoke.DirectMethodHandle$Holder.invokeInterface(java.lang.Object, java.lang.Object, java.lang.Object)'> (0x00000000eb420010) 
thrown [s\src\hotspot\share\interpreter\linkResolver.cpp, line 759]
Event: 47.769 Thread 0x000002ba69c1f960 Exception <a 'sun/nio/fs/WindowsException'{0x00000000eb982908}> (0x00000000eb982908) 
thrown [s\src\hotspot\share\prims\jni.cpp, line 516]

VM Operations (20 events):
Event: 62.597 Executing VM operation: ParallelGCFailedAllocation
Event: 62.600 Executing VM operation: ParallelGCFailedAllocation done
Event: 63.075 Executing VM operation: ParallelGCFailedAllocation
Event: 63.077 Executing VM operation: ParallelGCFailedAllocation done
Event: 63.339 Executing VM operation: ParallelGCFailedAllocation
Event: 63.341 Executing VM operation: ParallelGCFailedAllocation done
Event: 63.398 Executing VM operation: HandshakeAllThreads
Event: 63.398 Executing VM operation: HandshakeAllThreads done
Event: 63.567 Executing VM operation: HandshakeAllThreads
Event: 63.567 Executing VM operation: HandshakeAllThreads done
Event: 63.672 Executing VM operation: ParallelGCFailedAllocation
Event: 63.674 Executing VM operation: ParallelGCFailedAllocation done
Event: 63.729 Executing VM operation: HandshakeAllThreads
Event: 63.729 Executing VM operation: HandshakeAllThreads done
Event: 63.730 Executing VM operation: HandshakeAllThreads
Event: 63.730 Executing VM operation: HandshakeAllThreads done
Event: 64.207 Executing VM operation: ParallelGCFailedAllocation
Event: 64.213 Executing VM operation: ParallelGCFailedAllocation done
Event: 64.676 Executing VM operation: ParallelGCFailedAllocation
Event: 64.679 Executing VM operation: ParallelGCFailedAllocation done

Events (20 events):
Event: 61.917 loading class java/util/stream/ReduceOps$2
Event: 61.917 loading class java/util/stream/ReduceOps$2 done
Event: 61.917 loading class java/util/stream/ReduceOps$2ReducingSink
Event: 61.917 loading class java/util/stream/ReduceOps$2ReducingSink done
Event: 62.786 loading class java/time/Instant
Event: 62.789 loading class java/time/temporal/Temporal
Event: 62.790 loading class java/time/temporal/TemporalAccessor
Event: 62.790 loading class java/time/temporal/TemporalAccessor done
Event: 62.791 loading class java/time/temporal/Temporal done
Event: 62.791 loading class java/time/temporal/TemporalAdjuster
Event: 62.792 loading class java/time/temporal/TemporalAdjuster done
Event: 62.792 loading class java/time/Instant done
Event: 63.676 loading class sun/nio/cs/ThreadLocalCoders
Event: 63.676 loading class sun/nio/cs/ThreadLocalCoders done
Event: 63.676 loading class sun/nio/cs/ThreadLocalCoders$1
Event: 63.676 loading class sun/nio/cs/ThreadLocalCoders$Cache
Event: 63.676 loading class sun/nio/cs/ThreadLocalCoders$Cache done
Event: 63.676 loading class sun/nio/cs/ThreadLocalCoders$1 done
Event: 63.676 loading class sun/nio/cs/ThreadLocalCoders$2
Event: 63.676 loading class sun/nio/cs/ThreadLocalCoders$2 done


Dynamic libraries:
0x00007ff601b50000 - 0x00007ff601b5e000 	c:\Users\thali\.vscode\extensions\redhat.java-1.11.0-win32-x64\jre\17.0.4.1-win32-x86_64\bin\java.exe
0x00007ffe34b80000 - 0x00007ffe34d89000 	C:\WINDOWS\SYSTEM32\ntdll.dll
0x00007ffe33c90000 - 0x00007ffe33d4d000 	C:\WINDOWS\System32\KERNEL32.DLL
0x00007ffe32680000 - 0x00007ffe329fb000 	C:\WINDOWS\System32\KERNELBASE.dll
0x00007ffe323f0000 - 0x00007ffe32501000 	C:\WINDOWS\System32\ucrtbase.dll
0x00007ffe15600000 - 0x00007ffe15618000 	c:\Users\thali\.vscode\extensions\redhat.java-1.11.0-win32-x64\jre\17.0.4.1-win32-x86_64\bin\jli.dll
0x00007ffe32a10000 - 0x00007ffe32bbd000 	C:\WINDOWS\System32\USER32.dll
0x00007ffe32050000 - 0x00007ffe32076000 	C:\WINDOWS\System32\win32u.dll
0x00007ffe33c50000 - 0x00007ffe33c79000 	C:\WINDOWS\System32\GDI32.dll
0x00007ffe32230000 - 0x00007ffe32348000 	C:\WINDOWS\System32\gdi32full.dll
0x00007ffe32350000 - 0x00007ffe323ed000 	C:\WINDOWS\System32\msvcp_win.dll
0x00007ffe15660000 - 0x00007ffe15679000 	c:\Users\thali\.vscode\extensions\redhat.java-1.11.0-win32-x64\jre\17.0.4.1-win32-x86_64\bin\VCRUNTIME140.dll
0x00007ffe1cff0000 - 0x00007ffe1d295000 	C:\WINDOWS\WinSxS\amd64_microsoft.windows.common-controls_6595b64144ccf1df_6.0.22000.120_none_9d947278b86cc467\COMCTL32.dll
0x00007ffe32bc0000 - 0x00007ffe32c63000 	C:\WINDOWS\System32\msvcrt.dll
0x00007ffe34960000 - 0x00007ffe34991000 	C:\WINDOWS\System32\IMM32.DLL
0x00007ffe1cad0000 - 0x00007ffe1cadc000 	c:\Users\thali\.vscode\extensions\redhat.java-1.11.0-win32-x64\jre\17.0.4.1-win32-x86_64\bin\vcruntime140_1.dll
0x00007ffdecab0000 - 0x00007ffdecb41000 	c:\Users\thali\.vscode\extensions\redhat.java-1.11.0-win32-x64\jre\17.0.4.1-win32-x86_64\bin\msvcp140.dll
0x00007ffde48f0000 - 0x00007ffde5536000 	c:\Users\thali\.vscode\extensions\redhat.java-1.11.0-win32-x64\jre\17.0.4.1-win32-x86_64\bin\server\jvm.dll
0x00007ffe34730000 - 0x00007ffe347de000 	C:\WINDOWS\System32\ADVAPI32.dll
0x00007ffe344c0000 - 0x00007ffe3455e000 	C:\WINDOWS\System32\sechost.dll
0x00007ffe34840000 - 0x00007ffe34960000 	C:\WINDOWS\System32\RPCRT4.dll
0x00007ffe32a00000 - 0x00007ffe32a08000 	C:\WINDOWS\System32\PSAPI.DLL
0x00007ffe1b290000 - 0x00007ffe1b299000 	C:\WINDOWS\SYSTEM32\WSOCK32.dll
0x00007ffe33070000 - 0x00007ffe330df000 	C:\WINDOWS\System32\WS2_32.dll
0x00007ffe2fb10000 - 0x00007ffe2fb43000 	C:\WINDOWS\SYSTEM32\WINMM.dll
0x00007ffe25720000 - 0x00007ffe2572a000 	C:\WINDOWS\SYSTEM32\VERSION.dll
0x00007ffe311c0000 - 0x00007ffe311d8000 	C:\WINDOWS\SYSTEM32\kernel.appcore.dll
0x00007ffe1abd0000 - 0x00007ffe1abda000 	c:\Users\thali\.vscode\extensions\redhat.java-1.11.0-win32-x64\jre\17.0.4.1-win32-x86_64\bin\jimage.dll
0x00007ffe2f8e0000 - 0x00007ffe2fb01000 	C:\WINDOWS\SYSTEM32\DBGHELP.DLL
0x00007ffe2fb50000 - 0x00007ffe2fb81000 	C:\WINDOWS\SYSTEM32\dbgcore.DLL
0x00007ffe321b0000 - 0x00007ffe3222f000 	C:\WINDOWS\System32\bcryptPrimitives.dll
0x00007ffe1ab30000 - 0x00007ffe1ab3e000 	c:\Users\thali\.vscode\extensions\redhat.java-1.11.0-win32-x64\jre\17.0.4.1-win32-x86_64\bin\instrument.dll
0x00007ffe14620000 - 0x00007ffe14645000 	c:\Users\thali\.vscode\extensions\redhat.java-1.11.0-win32-x64\jre\17.0.4.1-win32-x86_64\bin\java.dll
0x00007ffe0b1f0000 - 0x00007ffe0b208000 	c:\Users\thali\.vscode\extensions\redhat.java-1.11.0-win32-x64\jre\17.0.4.1-win32-x86_64\bin\zip.dll
0x00007ffe33430000 - 0x00007ffe33be8000 	C:\WINDOWS\System32\SHELL32.dll
0x00007ffe30110000 - 0x00007ffe30975000 	C:\WINDOWS\SYSTEM32\windows.storage.dll
0x00007ffe32c70000 - 0x00007ffe32fe7000 	C:\WINDOWS\System32\combase.dll
0x00007ffe2ffa0000 - 0x00007ffe30106000 	C:\WINDOWS\SYSTEM32\wintypes.dll
0x00007ffe343d0000 - 0x00007ffe344ba000 	C:\WINDOWS\System32\SHCORE.dll
0x00007ffe333d0000 - 0x00007ffe3342d000 	C:\WINDOWS\System32\shlwapi.dll
0x00007ffe31f80000 - 0x00007ffe31fa1000 	C:\WINDOWS\SYSTEM32\profapi.dll
0x00007ffe0b1d0000 - 0x00007ffe0b1e9000 	C:\Users\thali\.vscode\extensions\redhat.java-1.11.0-win32-x64\jre\17.0.4.1-win32-x86_64\bin\net.dll
0x00007ffe26760000 - 0x00007ffe2686c000 	C:\WINDOWS\SYSTEM32\WINHTTP.dll
0x00007ffe31660000 - 0x00007ffe316c7000 	C:\WINDOWS\system32\mswsock.dll
0x00007ffe0ac20000 - 0x00007ffe0ac35000 	C:\Users\thali\.vscode\extensions\redhat.java-1.11.0-win32-x64\jre\17.0.4.1-win32-x86_64\bin\nio.dll
0x00007ffe15650000 - 0x00007ffe15660000 	c:\Users\thali\.vscode\extensions\redhat.java-1.11.0-win32-x64\jre\17.0.4.1-win32-x86_64\bin\verify.dll
0x00007ffe1c000000 - 0x00007ffe1c03e000 	C:\Users\thali\AppData\Roaming\Code\User\globalStorage\redhat.java\1.11.0\config_win\org.eclipse.equinox.launcher\org.eclipse.equinox.launcher.win32.win32.x86_64_1.2.600.v20220720-1916\eclipse_11700.dll
0x00007ffe349a0000 - 0x00007ffe34b3a000 	C:\WINDOWS\System32\ole32.dll
0x00007ffe318a0000 - 0x00007ffe318b8000 	C:\WINDOWS\SYSTEM32\CRYPTSP.dll
0x00007ffe310d0000 - 0x00007ffe31105000 	C:\WINDOWS\system32\rsaenh.dll
0x00007ffe31750000 - 0x00007ffe31779000 	C:\WINDOWS\SYSTEM32\USERENV.dll
0x00007ffe31a30000 - 0x00007ffe31a57000 	C:\WINDOWS\SYSTEM32\bcrypt.dll
0x00007ffe318c0000 - 0x00007ffe318cc000 	C:\WINDOWS\SYSTEM32\CRYPTBASE.dll
0x00007ffe30bd0000 - 0x00007ffe30bfd000 	C:\WINDOWS\SYSTEM32\IPHLPAPI.DLL
0x00007ffe343c0000 - 0x00007ffe343c9000 	C:\WINDOWS\System32\NSI.dll
0x00007ffe26740000 - 0x00007ffe26759000 	C:\WINDOWS\SYSTEM32\dhcpcsvc6.DLL
0x00007ffe269e0000 - 0x00007ffe269fe000 	C:\WINDOWS\SYSTEM32\dhcpcsvc.DLL
0x00007ffe30c00000 - 0x00007ffe30ce8000 	C:\WINDOWS\SYSTEM32\DNSAPI.dll
0x00007ffe0b970000 - 0x00007ffe0b9b4000 	C:\Users\thali\AppData\Local\Temp\jna-110323370\jna8163720427888473644.dll
0x00007ffe2ecd0000 - 0x00007ffe2ecde000 	C:\Users\thali\.vscode\extensions\redhat.java-1.11.0-win32-x64\jre\17.0.4.1-win32-x86_64\bin\sunmscapi.dll
0x00007ffe32510000 - 0x00007ffe32672000 	C:\WINDOWS\System32\CRYPT32.dll
0x00007ffe31a00000 - 0x00007ffe31a28000 	C:\WINDOWS\SYSTEM32\ncrypt.dll
0x00007ffe319c0000 - 0x00007ffe319f7000 	C:\WINDOWS\SYSTEM32\NTASN1.dll

dbghelp: loaded successfully - version: 4.0.5 - missing functions: none
symbol engine: initialized successfully - sym options: 0x614 - pdb path: .;c:\Users\thali\.vscode\extensions\redhat.java-1.11.0-win32-x64\jre\17.0.4.1-win32-x86_64\bin;C:\WINDOWS\SYSTEM32;C:\WINDOWS\WinSxS\amd64_microsoft.windows.common-controls_6595b64144ccf1df_6.0.22000.120_none_9d947278b86cc467;c:\Users\thali\.vscode\extensions\redhat.java-1.11.0-win32-x64\jre\17.0.4.1-win32-x86_64\bin\server;C:\Users\thali\AppData\Roaming\Code\User\globalStorage\redhat.java\1.11.0\config_win\org.eclipse.equinox.launcher\org.eclipse.equinox.launcher.win32.win32.x86_64_1.2.600.v20220720-1916;C:\Users\thali\AppData\Local\Temp\jna-110323370

VM Arguments:
jvm_args: --add-modules=ALL-SYSTEM --add-opens=java.base/java.util=ALL-UNNAMED --add-opens=java.base/java.lang=ALL-UNNAMED --add-opens=java.base/sun.nio.fs=ALL-UNNAMED -Declipse.application=org.eclipse.jdt.ls.core.id1 -Dosgi.bundles.defaultStartLevel=4 -Declipse.product=org.eclipse.jdt.ls.core.product -Djava.import.generatesMetadataFilesAtProjectRoot=false -Dfile.encoding=utf8 -DwatchParentProcess=false -XX:+UseParallelGC -XX:GCTimeRatio=4 -XX:AdaptiveSizePolicyWeight=90 -Dsun.zip.disableMemoryMapping=true -Xmx1G -Xms100m -Xlog:jni+resolve=off -javaagent:c:\Users\thali\.vscode\extensions\redhat.java-1.11.0-win32-x64\lombok\lombok-1.18.24.jar -XX:+HeapDumpOnOutOfMemoryError -XX:HeapDumpPath=c:\Users\thali\AppData\Roaming\Code\User\workspaceStorage\311d4b22935f93f5c5fd771867236701\redhat.java 
java_command: c:\Users\thali\.vscode\extensions\redhat.java-1.11.0-win32-x64\server\plugins\org.eclipse.equinox.launcher_1.6.400.v20210924-0641.jar -configuration c:\Users\thali\AppData\Roaming\Code\User\globalStorage\redhat.java\1.11.0\config_win -data c:\Users\thali\AppData\Roaming\Code\User\workspaceStorage\311d4b22935f93f5c5fd771867236701\redhat.java\jdt_ws
java_class_path (initial): c:\Users\thali\.vscode\extensions\redhat.java-1.11.0-win32-x64\server\plugins\org.eclipse.equinox.launcher_1.6.400.v20210924-0641.jar
Launcher Type: SUN_STANDARD

[Global flags]
    uintx AdaptiveSizePolicyWeight                 = 90                                        {product} {command line}
     intx CICompilerCount                          = 3                                         {product} {ergonomic}
    uintx GCTimeRatio                              = 4                                         {product} {command line}
     bool HeapDumpOnOutOfMemoryError               = true                                   {manageable} {command line}
    ccstr HeapDumpPath                             = c:\Users\thali\AppData\Roaming\Code\User\workspaceStorage\311d4b22935f93f5c5fd771867236701\redhat.java         {manageable} {command line}
   size_t InitialHeapSize                          = 104857600                                 {product} {command line}
   size_t MaxHeapSize                              = 1073741824                                {product} {command line}
   size_t MaxNewSize                               = 357564416                                 {product} {ergonomic}
   size_t MinHeapDeltaBytes                        = 524288                                    {product} {ergonomic}
   size_t MinHeapSize                              = 104857600                                 {product} {command line}
   size_t NewSize                                  = 34603008                                  {product} {ergonomic}
    uintx NonNMethodCodeHeapSize                   = 5832780                                {pd product} {ergonomic}
    uintx NonProfiledCodeHeapSize                  = 122912730                              {pd product} {ergonomic}
   size_t OldSize                                  = 70254592                                  {product} {ergonomic}
    uintx ProfiledCodeHeapSize                     = 122912730                              {pd product} {ergonomic}
    uintx ReservedCodeCacheSize                    = 251658240                              {pd product} {ergonomic}
     bool SegmentedCodeCache                       = true                                      {product} {ergonomic}
   size_t SoftMaxHeapSize                          = 1073741824                             {manageable} {ergonomic}
     bool UseCompressedClassPointers               = true                           {product lp64_product} {ergonomic}
     bool UseCompressedOops                        = true                           {product lp64_product} {ergonomic}
     bool UseLargePagesIndividualAllocation        = false                                  {pd product} {ergonomic}
     bool UseParallelGC                            = true                                      {product} {command line}

Logging:
Log output configuration:
 #0: stdout all=warning,jni+resolve=off uptime,level,tags
 #1: stderr all=off uptime,level,tags

Environment Variables:
JAVA_HOME=C:\Users\thali\AppData\Local\Programs\Eclipse Adoptium\jdk-17.0.4.101-hotspot\
PATH=C:\WINDOWS\system32;C:\WINDOWS;C:\WINDOWS\System32\Wbem;C:\WINDOWS\System32\WindowsPowerShell\v1.0\;C:\WINDOWS\System32\OpenSSH\;C:\Program Files\Git\cmd;C:\Program Files\PuTTY\;C:\Program Files\dotnet\;C:\Program Files\nodejs\;C:\Program Files\MySQL\MySQL Shell 8.0\bin\;C:\Users\thali\AppData\Local\Programs\Eclipse Adoptium\jdk-17.0.4.101-hotspot\bin;C:\Users\thali\AppData\Local\Microsoft\WindowsApps;;C:\Users\thali\.dotnet\tools;C:\Users\thali\AppData\Local\Programs\Microsoft VS Code\bin;C:\Users\thali\AppData\Roaming\npm
USERNAME=thali
OS=Windows_NT
PROCESSOR_IDENTIFIER=Intel64 Family 6 Model 140 Stepping 1, GenuineIntel
TMP=C:\Users\thali\AppData\Local\Temp
TEMP=C:\Users\thali\AppData\Local\Temp



---------------  S Y S T E M  ---------------

OS:
 Windows 11 , 64 bit Build 22000 (10.0.22000.708)
OS uptime: 0 days 1:21 hours
Hyper-V role detected

CPU: total 4 (initial active 4) (2 cores per cpu, 2 threads per core) family 6 model 140 stepping 1 microcode 0xa4, cx8, cmov, fxsr, ht, mmx, 3dnowpref, sse, sse2, sse3, ssse3, sse4.1, sse4.2, popcnt, lzcnt, tsc, tscinvbit, avx, avx2, aes, erms, clmul, bmi1, bmi2, adx, avx512f, avx512dq, avx512cd, avx512bw, avx512vl, sha, fma, vzeroupper, avx512_vpopcntdq, avx512_vpclmulqdq, avx512_vaes, avx512_vnni, clflush, clflushopt, clwb, avx512_vbmi2, avx512_vbmi, hv

Memory: 4k page, system-wide physical 3818M (158M free)
TotalPageFile size 7914M (AvailPageFile size 6M)
current process WorkingSet (physical memory assigned to process): 155M, peak: 232M
current process commit charge ("private bytes"): 335M, peak: 341M

vm_info: OpenJDK 64-Bit Server VM (17.0.4.1+1) for windows-amd64 JRE (17.0.4.1+1), built on Aug 17 2022 07:42:43 by "temurin" with MS VC++ 16.7 (VS2019)

END.
