#
# There is insufficient memory for the Java Runtime Environment to continue.
# Native memory allocation (mmap) failed to map 65536 bytes for Failed to commit metaspace.
# Possible reasons:
#   The system is out of physical RAM or swap space
#   The process is running with CompressedOops enabled, and the Java Heap may be blocking the growth of the native heap
# Possible solutions:
#   Reduce memory load on the system
#   Increase physical memory or swap space
#   Check if swap backing store is full
#   Decrease Java heap size (-Xmx/-Xms)
#   Decrease number of Java threads
#   Decrease Java thread stack sizes (-Xss)
#   Set larger code cache with -XX:ReservedCodeCacheSize=
#   JVM is running with Unscaled Compressed Oops mode in which the Java heap is
#     placed in the first 4GB address space. The Java Heap base address is the
#     maximum limit for the native heap growth. Please use -XX:HeapBaseMinAddress
#     to set the Java Heap base and to place the Java Heap above 4GB virtual address.
# This output file may be truncated or incomplete.
#
#  Out of Memory Error (virtualSpaceNode.cpp:110), pid=5676, tid=10512
#
# JRE version: OpenJDK Runtime Environment Temurin-17.0.4.1+1 (17.0.4.1+1) (build 17.0.4.1+1)
# Java VM: OpenJDK 64-Bit Server VM Temurin-17.0.4.1+1 (17.0.4.1+1, mixed mode, tiered, compressed oops, compressed class ptrs, parallel gc, windows-amd64)
# No core dump will be written. Minidumps are not enabled by default on client versions of Windows
#

---------------  S U M M A R Y ------------

Command Line: --add-modules=ALL-SYSTEM --add-opens=java.base/java.util=ALL-UNNAMED --add-opens=java.base/java.lang=ALL-UNNAMED --add-opens=java.base/sun.nio.fs=ALL-UNNAMED -Declipse.application=org.eclipse.jdt.ls.core.id1 -Dosgi.bundles.defaultStartLevel=4 -Declipse.product=org.eclipse.jdt.ls.core.product -Djava.import.generatesMetadataFilesAtProjectRoot=false -Dfile.encoding=utf8 -XX:+UseParallelGC -XX:GCTimeRatio=4 -XX:AdaptiveSizePolicyWeight=90 -Dsun.zip.disableMemoryMapping=true -Xmx1G -Xms100m -Xlog:jni+resolve=off -javaagent:c:\Users\thali\.vscode\extensions\redhat.java-1.12.0-win32-x64\lombok\lombok-1.18.24.jar -XX:+HeapDumpOnOutOfMemoryError -XX:HeapDumpPath=c:\Users\thali\AppData\Roaming\Code\User\workspaceStorage\311d4b22935f93f5c5fd771867236701\redhat.java c:\Users\thali\.vscode\extensions\redhat.java-1.12.0-win32-x64\server\plugins\org.eclipse.equinox.launcher_1.6.400.v20210924-0641.jar -configuration c:\Users\thali\AppData\Roaming\Code\User\globalStorage\redhat.java\1.12.0\config_win -data c:\Users\thali\AppData\Roaming\Code\User\workspaceStorage\311d4b22935f93f5c5fd771867236701\redhat.java\jdt_ws

Host: 11th Gen Intel(R) Core(TM) i3-1115G4 @ 3.00GHz, 4 cores, 3G,  Windows 11 , 64 bit Build 22621 (10.0.22621.755)
Time: Tue Nov 29 11:40:39 2022 Hora Padrão da Bahia elapsed time: 3.989029 seconds (0d 0h 0m 3s)

---------------  T H R E A D  ---------------

Current thread (0x000002104c3db630):  JavaThread "Start Level: Equinox Container: 7c0b1303-3c22-404a-b66d-81f4387ea47a" daemon [_thread_in_vm, id=10512, stack(0x0000008222700000,0x0000008222800000)]

Stack: [0x0000008222700000,0x0000008222800000]
Native frames: (J=compiled Java code, j=interpreted, Vv=VM code, C=native code)
V  [jvm.dll+0x67731a]
V  [jvm.dll+0x832284]
V  [jvm.dll+0x833a2e]
V  [jvm.dll+0x834093]
V  [jvm.dll+0x245775]
V  [jvm.dll+0x82e22b]
V  [jvm.dll+0x61bdf6]
V  [jvm.dll+0x1c07be]
V  [jvm.dll+0x61e741]
V  [jvm.dll+0x61c796]
V  [jvm.dll+0x36ba22]
V  [jvm.dll+0x1e227b]
V  [jvm.dll+0x53c939]
V  [jvm.dll+0x7ad138]
V  [jvm.dll+0x7ad224]
V  [jvm.dll+0x40ccd5]
V  [jvm.dll+0x412ec8]
C  [java.dll+0x17ec]

Java frames: (J=compiled Java code, j=interpreted, Vv=VM code)
J 1068  java.lang.ClassLoader.defineClass1(Ljava/lang/ClassLoader;Ljava/lang/String;[BIILjava/security/ProtectionDomain;Ljava/lang/String;)Ljava/lang/Class; java.base@17.0.4.1 (0 bytes) @ 0x00000210407ab05b [0x00000210407aafa0+0x00000000000000bb]
J 1687 c1 java.lang.ClassLoader.defineClass(Ljava/lang/String;[BIILjava/security/ProtectionDomain;)Ljava/lang/Class; java.base@17.0.4.1 (43 bytes) @ 0x000002103953a954 [0x000002103953a600+0x0000000000000354]
j  org.eclipse.osgi.internal.loader.ModuleClassLoader.defineClass(Ljava/lang/String;[BLorg/eclipse/osgi/internal/loader/classpath/ClasspathEntry;)Lorg/eclipse/osgi/internal/loader/ModuleClassLoader$DefineClassResult;+42
j  org.eclipse.osgi.internal.loader.classpath.ClasspathManager.defineClass(Ljava/lang/String;[BLorg/eclipse/osgi/internal/loader/classpath/ClasspathEntry;Lorg/eclipse/osgi/storage/bundlefile/BundleEntry;Ljava/util/List;)Ljava/lang/Class;+424
J 2131 c1 org.eclipse.osgi.internal.loader.classpath.ClasspathManager.findClassImpl(Ljava/lang/String;Lorg/eclipse/osgi/internal/loader/classpath/ClasspathEntry;Ljava/util/List;)Ljava/lang/Class; (308 bytes) @ 0x0000021039652ff4 [0x0000021039650240+0x0000000000002db4]
J 2130 c1 org.eclipse.osgi.internal.loader.classpath.ClasspathManager.findLocalClassImpl(Ljava/lang/String;[Lorg/eclipse/osgi/internal/loader/classpath/ClasspathEntry;Ljava/util/List;)Ljava/lang/Class; (55 bytes) @ 0x000002103964f6cc [0x000002103964f540+0x000000000000018c]
J 2129 c1 org.eclipse.osgi.internal.loader.classpath.ClasspathManager.findLocalClassImpl(Ljava/lang/String;Ljava/util/List;)Ljava/lang/Class; (132 bytes) @ 0x000002103964ec54 [0x000002103964e740+0x0000000000000514]
J 2287 c1 org.eclipse.osgi.internal.loader.classpath.ClasspathManager.findLocalClass(Ljava/lang/String;)Ljava/lang/Class; (210 bytes) @ 0x000002103969e4bc [0x000002103969d820+0x0000000000000c9c]
J 2125 c1 org.eclipse.osgi.internal.loader.BundleLoader.findLocalClass(Ljava/lang/String;)Ljava/lang/Class; (152 bytes) @ 0x000002103964be6c [0x000002103964b620+0x000000000000084c]
J 1653 c1 org.eclipse.osgi.internal.loader.BundleLoader.findClass0(Ljava/lang/String;ZZ)Ljava/lang/Class; (466 bytes) @ 0x0000021039521704 [0x000002103951f020+0x00000000000026e4]
J 1652 c1 org.eclipse.osgi.internal.loader.BundleLoader.findClass(Ljava/lang/String;)Ljava/lang/Class; (8 bytes) @ 0x000002103951e71c [0x000002103951e6a0+0x000000000000007c]
J 1655 c1 org.eclipse.osgi.internal.loader.ModuleClassLoader.loadClass(Ljava/lang/String;Z)Ljava/lang/Class; (36 bytes) @ 0x00000210395254bc [0x00000210395252a0+0x000000000000021c]
J 796 c1 java.lang.ClassLoader.loadClass(Ljava/lang/String;)Ljava/lang/Class; java.base@17.0.4.1 (7 bytes) @ 0x000002103936babc [0x000002103936b9c0+0x00000000000000fc]
v  ~StubRoutines::call_stub
j  org.eclipse.core.resources.ResourcesPlugin$WorkspaceInitCustomizer.addingService(Lorg/osgi/framework/ServiceReference;)Lorg/eclipse/core/internal/resources/Workspace;+30
j  org.eclipse.core.resources.ResourcesPlugin$WorkspaceInitCustomizer.addingService(Lorg/osgi/framework/ServiceReference;)Ljava/lang/Object;+5
j  org.osgi.util.tracker.ServiceTracker$Tracked.customizerAdding(Lorg/osgi/framework/ServiceReference;Lorg/osgi/framework/ServiceEvent;)Ljava/lang/Object;+8
j  org.osgi.util.tracker.ServiceTracker$Tracked.customizerAdding(Ljava/lang/Object;Ljava/lang/Object;)Ljava/lang/Object;+9
j  org.osgi.util.tracker.AbstractTracked.trackAdding(Ljava/lang/Object;Ljava/lang/Object;)V+8
j  org.osgi.util.tracker.AbstractTracked.trackInitial()V+90
j  org.osgi.util.tracker.ServiceTracker.open(Z)V+198
j  org.osgi.util.tracker.ServiceTracker.open()V+2
j  org.eclipse.core.resources.ResourcesPlugin.start(Lorg/osgi/framework/BundleContext;)V+106
j  org.eclipse.osgi.internal.framework.BundleContextImpl$2.run()Ljava/lang/Void;+23
j  org.eclipse.osgi.internal.framework.BundleContextImpl$2.run()Ljava/lang/Object;+1
J 1243 c1 java.security.AccessController.executePrivileged(Ljava/security/PrivilegedExceptionAction;Ljava/security/AccessControlContext;Ljava/lang/Class;)Ljava/lang/Object; java.base@17.0.4.1 (65 bytes) @ 0x000002103944a0b4 [0x0000021039449f60+0x0000000000000154]
j  java.security.AccessController.doPrivileged(Ljava/security/PrivilegedExceptionAction;)Ljava/lang/Object;+9 java.base@17.0.4.1
j  org.eclipse.osgi.internal.framework.BundleContextImpl.startActivator(Lorg/osgi/framework/BundleActivator;)V+9
j  org.eclipse.osgi.internal.framework.BundleContextImpl.start()V+134
j  org.eclipse.osgi.internal.framework.EquinoxBundle.startWorker0()V+35
j  org.eclipse.osgi.internal.framework.EquinoxBundle$EquinoxModule.startWorker()V+4
j  org.eclipse.osgi.container.Module.doStart([Lorg/eclipse/osgi/container/Module$StartOptions;)Lorg/eclipse/osgi/container/ModuleContainerAdaptor$ModuleEvent;+190
j  org.eclipse.osgi.container.Module.start([Lorg/eclipse/osgi/container/Module$StartOptions;)V+460
j  org.eclipse.osgi.framework.util.SecureAction.start(Lorg/eclipse/osgi/container/Module;[Lorg/eclipse/osgi/container/Module$StartOptions;)V+8
J 2286 c1 org.eclipse.osgi.internal.hooks.EclipseLazyStarter.postFindLocalClass(Ljava/lang/String;Ljava/lang/Class;Lorg/eclipse/osgi/internal/loader/classpath/ClasspathManager;)V (394 bytes) @ 0x00000210396a103c [0x00000210396a00c0+0x0000000000000f7c]
J 2287 c1 org.eclipse.osgi.internal.loader.classpath.ClasspathManager.findLocalClass(Ljava/lang/String;)Ljava/lang/Class; (210 bytes) @ 0x000002103969e7d4 [0x000002103969d820+0x0000000000000fb4]
J 2125 c1 org.eclipse.osgi.internal.loader.BundleLoader.findLocalClass(Ljava/lang/String;)Ljava/lang/Class; (152 bytes) @ 0x000002103964be6c [0x000002103964b620+0x000000000000084c]
J 1653 c1 org.eclipse.osgi.internal.loader.BundleLoader.findClass0(Ljava/lang/String;ZZ)Ljava/lang/Class; (466 bytes) @ 0x0000021039521704 [0x000002103951f020+0x00000000000026e4]
J 1652 c1 org.eclipse.osgi.internal.loader.BundleLoader.findClass(Ljava/lang/String;)Ljava/lang/Class; (8 bytes) @ 0x000002103951e71c [0x000002103951e6a0+0x000000000000007c]
J 1655 c1 org.eclipse.osgi.internal.loader.ModuleClassLoader.loadClass(Ljava/lang/String;Z)Ljava/lang/Class; (36 bytes) @ 0x00000210395254bc [0x00000210395252a0+0x000000000000021c]
J 796 c1 java.lang.ClassLoader.loadClass(Ljava/lang/String;)Ljava/lang/Class; java.base@17.0.4.1 (7 bytes) @ 0x000002103936babc [0x000002103936b9c0+0x00000000000000fc]
v  ~StubRoutines::call_stub
j  java.lang.Class.getDeclaredConstructors0(Z)[Ljava/lang/reflect/Constructor;+0 java.base@17.0.4.1
j  java.lang.Class.privateGetDeclaredConstructors(Z)[Ljava/lang/reflect/Constructor;+52 java.base@17.0.4.1
j  java.lang.Class.getConstructor0([Ljava/lang/Class;I)Ljava/lang/reflect/Constructor;+14 java.base@17.0.4.1
j  java.lang.Class.getConstructor([Ljava/lang/Class;)Ljava/lang/reflect/Constructor;+24 java.base@17.0.4.1
j  org.eclipse.osgi.internal.framework.BundleContextImpl.loadBundleActivator()Lorg/osgi/framework/BundleActivator;+105
j  org.eclipse.osgi.internal.framework.BundleContextImpl.start()V+18
j  org.eclipse.osgi.internal.framework.EquinoxBundle.startWorker0()V+35
j  org.eclipse.osgi.internal.framework.EquinoxBundle$EquinoxModule.startWorker()V+4
j  org.eclipse.osgi.container.Module.doStart([Lorg/eclipse/osgi/container/Module$StartOptions;)Lorg/eclipse/osgi/container/ModuleContainerAdaptor$ModuleEvent;+190
j  org.eclipse.osgi.container.Module.start([Lorg/eclipse/osgi/container/Module$StartOptions;)V+460
j  org.eclipse.osgi.container.ModuleContainer$ContainerStartLevel$2.run()V+71
j  org.eclipse.osgi.internal.framework.EquinoxContainerAdaptor$1$1.execute(Ljava/lang/Runnable;)V+1
j  org.eclipse.osgi.container.ModuleContainer$ContainerStartLevel.incStartLevel(ILjava/util/List;Z)V+192
j  org.eclipse.osgi.container.ModuleContainer$ContainerStartLevel.incStartLevel(ILjava/util/List;Ljava/util/List;Ljava/util/List;Ljava/util/List;)V+19
j  org.eclipse.osgi.container.ModuleContainer$ContainerStartLevel.doContainerStartLevel(Lorg/eclipse/osgi/container/Module;I[Lorg/osgi/framework/FrameworkListener;)V+349
j  org.eclipse.osgi.container.ModuleContainer$ContainerStartLevel.dispatchEvent(Lorg/eclipse/osgi/container/Module;[Lorg/osgi/framework/FrameworkListener;ILjava/lang/Integer;)V+32
j  org.eclipse.osgi.container.ModuleContainer$ContainerStartLevel.dispatchEvent(Ljava/lang/Object;Ljava/lang/Object;ILjava/lang/Object;)V+15
j  org.eclipse.osgi.framework.eventmgr.EventManager.dispatchEvent(Ljava/util/Set;Lorg/eclipse/osgi/framework/eventmgr/EventDispatcher;ILjava/lang/Object;)V+48
j  org.eclipse.osgi.framework.eventmgr.EventManager$EventThread.run()V+26
v  ~StubRoutines::call_stub

---------------  P R O C E S S  ---------------

Threads class SMR info:
_java_thread_list=0x000002104c0baa00, length=18, elements={
0x0000021035ff2590, 0x0000021049e11040, 0x0000021049e13530, 0x0000021049e3cf20,
0x0000021049e3d8e0, 0x0000021049e401b0, 0x0000021049e44e90, 0x0000021049e45b30,
0x000002104b83c610, 0x000002104b8412e0, 0x00000210360b1560, 0x000002104bb13090,
0x000002104c227570, 0x000002104c3daec0, 0x000002104c3db630, 0x000002104d0d6010,
0x000002104cdad9b0, 0x000002104c301bf0
}

Java Threads: ( => current thread )
  0x0000021035ff2590 JavaThread "main" [_thread_blocked, id=10848, stack(0x0000008221200000,0x0000008221300000)]
  0x0000021049e11040 JavaThread "Reference Handler" daemon [_thread_blocked, id=11752, stack(0x0000008221600000,0x0000008221700000)]
  0x0000021049e13530 JavaThread "Finalizer" daemon [_thread_blocked, id=11784, stack(0x0000008221700000,0x0000008221800000)]
  0x0000021049e3cf20 JavaThread "Signal Dispatcher" daemon [_thread_blocked, id=2280, stack(0x0000008221800000,0x0000008221900000)]
  0x0000021049e3d8e0 JavaThread "Attach Listener" daemon [_thread_blocked, id=3968, stack(0x0000008221900000,0x0000008221a00000)]
  0x0000021049e401b0 JavaThread "Service Thread" daemon [_thread_blocked, id=7264, stack(0x0000008221a00000,0x0000008221b00000)]
  0x0000021049e44e90 JavaThread "Monitor Deflation Thread" daemon [_thread_blocked, id=1000, stack(0x0000008221b00000,0x0000008221c00000)]
  0x0000021049e45b30 JavaThread "C2 CompilerThread0" daemon [_thread_blocked, id=9772, stack(0x0000008221c00000,0x0000008221d00000)]
  0x000002104b83c610 JavaThread "C1 CompilerThread0" daemon [_thread_blocked, id=11372, stack(0x0000008221d00000,0x0000008221e00000)]
  0x000002104b8412e0 JavaThread "Sweeper thread" daemon [_thread_blocked, id=1628, stack(0x0000008221e00000,0x0000008221f00000)]
  0x00000210360b1560 JavaThread "Common-Cleaner" daemon [_thread_blocked, id=2988, stack(0x0000008221f00000,0x0000008222000000)]
  0x000002104bb13090 JavaThread "Notification Thread" daemon [_thread_blocked, id=8032, stack(0x0000008222000000,0x0000008222100000)]
  0x000002104c227570 JavaThread "Active Thread: Equinox Container: 7c0b1303-3c22-404a-b66d-81f4387ea47a" [_thread_blocked, id=13544, stack(0x0000008222500000,0x0000008222600000)]
  0x000002104c3daec0 JavaThread "Framework Event Dispatcher: Equinox Container: 7c0b1303-3c22-404a-b66d-81f4387ea47a" daemon [_thread_blocked, id=6748, stack(0x0000008222600000,0x0000008222700000)]
=>0x000002104c3db630 JavaThread "Start Level: Equinox Container: 7c0b1303-3c22-404a-b66d-81f4387ea47a" daemon [_thread_in_vm, id=10512, stack(0x0000008222700000,0x0000008222800000)]
  0x000002104d0d6010 JavaThread "SCR Component Actor" daemon [_thread_blocked, id=2592, stack(0x0000008222800000,0x0000008222900000)]
  0x000002104cdad9b0 JavaThread "SCR Component Registry" daemon [_thread_blocked, id=8244, stack(0x0000008222900000,0x0000008222a00000)]
  0x000002104c301bf0 JavaThread "Bundle File Closer" daemon [_thread_blocked, id=2796, stack(0x0000008222a00000,0x0000008222b00000)]

Other Threads:
  0x0000021049df8620 VMThread "VM Thread" [stack: 0x0000008221500000,0x0000008221600000] [id=10272]
  0x000002104bb20b00 WatcherThread [stack: 0x0000008222100000,0x0000008222200000] [id=5864]
  0x0000021036009530 GCTaskThread "GC Thread#0" [stack: 0x0000008221400000,0x0000008221500000] [id=9104]
  0x000002104c1a3010 GCTaskThread "GC Thread#1" [stack: 0x0000008222200000,0x0000008222300000] [id=11172]
  0x000002104bc1c050 GCTaskThread "GC Thread#2" [stack: 0x0000008222300000,0x0000008222400000] [id=5308]
  0x000002104c1a32c0 GCTaskThread "GC Thread#3" [stack: 0x0000008222400000,0x0000008222500000] [id=3620]

Threads with active compile tasks:

VM state: not at safepoint (normal execution)

VM Mutex/Monitor currently owned by a thread:  ([mutex/lock_event])
[0x0000021035febb30] Metaspace_lock - owner thread: 0x000002104c3db630

Heap address: 0x00000000c0000000, size: 1024 MB, Compressed Oops mode: 32-bit

CDS archive(s) not mapped
Compressed class space mapped at: 0x0000000100000000-0x0000000140000000, reserved size: 1073741824
Narrow klass base: 0x0000000000000000, Narrow klass shift: 3, Narrow klass range: 0x140000000

GC Precious Log:
 CPUs: 4 total, 4 available
 Memory: 3818M
 Large Page Support: Disabled
 NUMA Support: Disabled
 Compressed Oops: Enabled (32-bit)
 Alignments: Space 512K, Generation 512K, Heap 2M
 Heap Min Capacity: 100M
 Heap Initial Capacity: 100M
 Heap Max Capacity: 1G
 Pre-touch: Disabled
 Parallel Workers: 4

Heap:
 PSYoungGen      total 29696K, used 6653K [0x00000000eab00000, 0x00000000ecc00000, 0x0000000100000000)
  eden space 25600K, 10% used [0x00000000eab00000,0x00000000ead80ab0,0x00000000ec400000)
  from space 4096K, 99% used [0x00000000ec400000,0x00000000ec7fec60,0x00000000ec800000)
  to   space 4096K, 0% used [0x00000000ec800000,0x00000000ec800000,0x00000000ecc00000)
 ParOldGen       total 68608K, used 5517K [0x00000000c0000000, 0x00000000c4300000, 0x00000000eab00000)
  object space 68608K, 8% used [0x00000000c0000000,0x00000000c0563588,0x00000000c4300000)
 Metaspace       used 18439K, committed 18816K, reserved 1073152K
  class space    used 1846K, committed 1984K, reserved 1048576K

Card table byte_map: [0x00000210359a0000,0x0000021035bb0000] _byte_map_base: 0x00000210353a0000

Marking Bits: (ParMarkBitMap*) 0x00007ff9f13c2cc0
 Begin Bits: [0x0000021047c80000, 0x0000021048c80000)
 End Bits:   [0x0000021048c80000, 0x0000021049c80000)

Polling page: 0x0000021033f40000

Metaspace:

Usage:
  Non-class:     16.20 MB used.
      Class:      1.80 MB used.
       Both:     18.01 MB used.

Virtual space:
  Non-class space:       24.00 MB reserved,      16.44 MB ( 68%) committed,  3 nodes.
      Class space:        1.00 GB reserved,       1.94 MB ( <1%) committed,  1 nodes.
             Both:        1.02 GB reserved,      18.38 MB (  2%) committed. 

Chunk freelists:
   Non-Class:  2.92 MB
       Class:  1.99 MB
        Both:  4.91 MB

MaxMetaspaceSize: unlimited
CompressedClassSpaceSize: 1.00 GB
Initial GC threshold: 21.00 MB
Current GC threshold: 21.00 MB
CDS: off
MetaspaceReclaimPolicy: balanced
 - commit_granule_bytes: 65536.
 - commit_granule_words: 8192.
 - virtual_space_node_default_size: 1048576.
 - enlarge_chunks_in_place: 1.
 - new_chunks_are_fully_committed: 0.
 - uncommit_free_chunks: 1.
 - use_allocation_guard: 0.
 - handle_deallocations: 1.


Internal statistics:

num_allocs_failed_limit: 0.
num_arena_births: 118.
num_arena_deaths: 0.
num_vsnodes_births: 4.
num_vsnodes_deaths: 0.
num_space_committed: 294.
num_space_uncommitted: 0.
num_chunks_returned_to_freelist: 0.
num_chunks_taken_from_freelist: 478.
num_chunk_merges: 0.
num_chunk_splits: 304.
num_chunks_enlarged: 215.
num_purges: 0.
num_inconsistent_stats: 0.

CodeHeap 'non-profiled nmethods': size=120000Kb used=908Kb max_used=908Kb free=119091Kb
 bounds [0x0000021040750000, 0x00000210409c0000, 0x0000021047c80000]
CodeHeap 'profiled nmethods': size=120000Kb used=4861Kb max_used=4861Kb free=115139Kb
 bounds [0x0000021039220000, 0x00000210396e0000, 0x0000021040750000]
CodeHeap 'non-nmethods': size=5760Kb used=1192Kb max_used=1200Kb free=4567Kb
 bounds [0x0000021038c80000, 0x0000021038ef0000, 0x0000021039220000]
 total_blobs=2865 nmethods=2387 adapters=392
 compilation: enabled
              stopped_count=0, restarted_count=0
 full_count=0

Compilation events (20 events):
Event: 3.824 Thread 0x000002104b83c610 2382       3       java.lang.invoke.MethodHandleNatives::refKindIsMethod (19 bytes)
Event: 3.824 Thread 0x000002104b83c610 nmethod 2382 0x00000210396d9f90 code [0x00000210396da140, 0x00000210396da398]
Event: 3.824 Thread 0x000002104b83c610 2381       3       java.lang.invoke.MethodHandleNatives::findMethodHandleType (7 bytes)
Event: 3.825 Thread 0x000002104b83c610 nmethod 2381 0x00000210396da490 code [0x00000210396da620, 0x00000210396da748]
Event: 3.826 Thread 0x000002104b83c610 2388       3       java.lang.StringBuilder::append (8 bytes)
Event: 3.826 Thread 0x000002104b83c610 nmethod 2388 0x00000210396da810 code [0x00000210396da9a0, 0x00000210396daae8]
Event: 3.827 Thread 0x000002104b83c610 2389       3       java.lang.CharacterData::of (136 bytes)
Event: 3.827 Thread 0x000002104b83c610 nmethod 2389 0x00000210396dab90 code [0x00000210396dadc0, 0x00000210396db6b8]
Event: 3.915 Thread 0x000002104b83c610 2390       3       java.util.LinkedList$Node::<init> (20 bytes)
Event: 3.915 Thread 0x000002104b83c610 nmethod 2390 0x00000210396db910 code [0x00000210396dbaa0, 0x00000210396dbc58]
Event: 3.915 Thread 0x000002104b83c610 2391       3       java.util.LinkedList$ListItr::checkForComodification (23 bytes)
Event: 3.915 Thread 0x000002104b83c610 nmethod 2391 0x00000210396dbd10 code [0x00000210396dbec0, 0x00000210396dc0e8]
Event: 3.915 Thread 0x000002104b83c610 2392       3       org.eclipse.osgi.internal.framework.FilterImpl$And::matches0 (41 bytes)
Event: 3.915 Thread 0x000002104b83c610 nmethod 2392 0x00000210396dc210 code [0x00000210396dc3c0, 0x00000210396dc708]
Event: 3.915 Thread 0x000002104b83c610 2393       3       org.eclipse.osgi.internal.framework.FilterImpl$Equal::compare_String (25 bytes)
Event: 3.916 Thread 0x000002104b83c610 nmethod 2393 0x00000210396dc890 code [0x00000210396dca40, 0x00000210396dcd08]
Event: 3.916 Thread 0x000002104b83c610 2394       3       org.eclipse.osgi.internal.framework.FilterImpl$Equal::comparison (8 bytes)
Event: 3.916 Thread 0x000002104b83c610 nmethod 2394 0x00000210396dce10 code [0x00000210396dcfa0, 0x00000210396dd118]
Event: 3.918 Thread 0x000002104b83c610 2395       3       org.eclipse.osgi.internal.loader.classpath.ClasspathEntry::findEntry (56 bytes)
Event: 3.919 Thread 0x000002104b83c610 nmethod 2395 0x00000210396dd190 code [0x00000210396dd4c0, 0x00000210396dece8]

GC Heap History (6 events):
Event: 1.689 GC heap before
{Heap before GC invocations=1 (full 0):
 PSYoungGen      total 29696K, used 25600K [0x00000000eab00000, 0x00000000ecc00000, 0x0000000100000000)
  eden space 25600K, 100% used [0x00000000eab00000,0x00000000ec400000,0x00000000ec400000)
  from space 4096K, 0% used [0x00000000ec800000,0x00000000ec800000,0x00000000ecc00000)
  to   space 4096K, 0% used [0x00000000ec400000,0x00000000ec400000,0x00000000ec800000)
 ParOldGen       total 68608K, used 0K [0x00000000c0000000, 0x00000000c4300000, 0x00000000eab00000)
  object space 68608K, 0% used [0x00000000c0000000,0x00000000c0000000,0x00000000c4300000)
 Metaspace       used 10806K, committed 11008K, reserved 1064960K
  class space    used 1084K, committed 1152K, reserved 1048576K
}
Event: 1.700 GC heap after
{Heap after GC invocations=1 (full 0):
 PSYoungGen      total 29696K, used 3288K [0x00000000eab00000, 0x00000000ecc00000, 0x0000000100000000)
  eden space 25600K, 0% used [0x00000000eab00000,0x00000000eab00000,0x00000000ec400000)
  from space 4096K, 80% used [0x00000000ec400000,0x00000000ec736218,0x00000000ec800000)
  to   space 4096K, 0% used [0x00000000ec800000,0x00000000ec800000,0x00000000ecc00000)
 ParOldGen       total 68608K, used 0K [0x00000000c0000000, 0x00000000c4300000, 0x00000000eab00000)
  object space 68608K, 0% used [0x00000000c0000000,0x00000000c0000000,0x00000000c4300000)
 Metaspace       used 10806K, committed 11008K, reserved 1064960K
  class space    used 1084K, committed 1152K, reserved 1048576K
}
Event: 2.386 GC heap before
{Heap before GC invocations=2 (full 0):
 PSYoungGen      total 29696K, used 28888K [0x00000000eab00000, 0x00000000ecc00000, 0x0000000100000000)
  eden space 25600K, 100% used [0x00000000eab00000,0x00000000ec400000,0x00000000ec400000)
  from space 4096K, 80% used [0x00000000ec400000,0x00000000ec736218,0x00000000ec800000)
  to   space 4096K, 0% used [0x00000000ec800000,0x00000000ec800000,0x00000000ecc00000)
 ParOldGen       total 68608K, used 0K [0x00000000c0000000, 0x00000000c4300000, 0x00000000eab00000)
  object space 68608K, 0% used [0x00000000c0000000,0x00000000c0000000,0x00000000c4300000)
 Metaspace       used 14784K, committed 15104K, reserved 1064960K
  class space    used 1504K, committed 1664K, reserved 1048576K
}
Event: 2.391 GC heap after
{Heap after GC invocations=2 (full 0):
 PSYoungGen      total 29696K, used 4077K [0x00000000eab00000, 0x00000000ecc00000, 0x0000000100000000)
  eden space 25600K, 0% used [0x00000000eab00000,0x00000000eab00000,0x00000000ec400000)
  from space 4096K, 99% used [0x00000000ec800000,0x00000000ecbfb728,0x00000000ecc00000)
  to   space 4096K, 0% used [0x00000000ec400000,0x00000000ec400000,0x00000000ec800000)
 ParOldGen       total 68608K, used 1430K [0x00000000c0000000, 0x00000000c4300000, 0x00000000eab00000)
  object space 68608K, 2% used [0x00000000c0000000,0x00000000c0165b90,0x00000000c4300000)
 Metaspace       used 14784K, committed 15104K, reserved 1064960K
  class space    used 1504K, committed 1664K, reserved 1048576K
}
Event: 3.779 GC heap before
{Heap before GC invocations=3 (full 0):
 PSYoungGen      total 29696K, used 29677K [0x00000000eab00000, 0x00000000ecc00000, 0x0000000100000000)
  eden space 25600K, 100% used [0x00000000eab00000,0x00000000ec400000,0x00000000ec400000)
  from space 4096K, 99% used [0x00000000ec800000,0x00000000ecbfb728,0x00000000ecc00000)
  to   space 4096K, 0% used [0x00000000ec400000,0x00000000ec400000,0x00000000ec800000)
 ParOldGen       total 68608K, used 1430K [0x00000000c0000000, 0x00000000c4300000, 0x00000000eab00000)
  object space 68608K, 2% used [0x00000000c0000000,0x00000000c0165b90,0x00000000c4300000)
 Metaspace       used 17888K, committed 18240K, reserved 1064960K
  class space    used 1801K, committed 1920K, reserved 1048576K
}
Event: 3.787 GC heap after
{Heap after GC invocations=3 (full 0):
 PSYoungGen      total 29696K, used 4091K [0x00000000eab00000, 0x00000000ecc00000, 0x0000000100000000)
  eden space 25600K, 0% used [0x00000000eab00000,0x00000000eab00000,0x00000000ec400000)
  from space 4096K, 99% used [0x00000000ec400000,0x00000000ec7fec60,0x00000000ec800000)
  to   space 4096K, 0% used [0x00000000ec800000,0x00000000ec800000,0x00000000ecc00000)
 ParOldGen       total 68608K, used 5517K [0x00000000c0000000, 0x00000000c4300000, 0x00000000eab00000)
  object space 68608K, 8% used [0x00000000c0000000,0x00000000c0563588,0x00000000c4300000)
 Metaspace       used 17888K, committed 18240K, reserved 1064960K
  class space    used 1801K, committed 1920K, reserved 1048576K
}

Deoptimization events (20 events):
Event: 3.725 Thread 0x000002104c3db630 Uncommon trap: trap_request=0xffffffde fr.pc=0x00000210407aec2c relative=0x00000000000009ac
Event: 3.725 Thread 0x000002104c3db630 Uncommon trap: reason=class_check action=maybe_recompile pc=0x00000210407aec2c method=java.io.DataInputStream.readInt()I @ 4 c2
Event: 3.725 Thread 0x000002104c3db630 DEOPT PACKING pc=0x00000210407aec2c sp=0x00000082227f8330
Event: 3.725 Thread 0x000002104c3db630 DEOPT UNPACKING pc=0x0000021038cd5923 sp=0x00000082227f82f0 mode 2
Event: 3.743 Thread 0x000002104c3db630 Uncommon trap: trap_request=0xffffff45 fr.pc=0x00000210407d6b74 relative=0x0000000000000074
Event: 3.743 Thread 0x000002104c3db630 Uncommon trap: reason=unstable_if action=reinterpret pc=0x00000210407d6b74 method=jdk.internal.misc.Unsafe.convEndian(ZJ)J @ 4 c2
Event: 3.743 Thread 0x000002104c3db630 DEOPT PACKING pc=0x00000210407d6b74 sp=0x00000082227f7120
Event: 3.743 Thread 0x000002104c3db630 DEOPT UNPACKING pc=0x0000021038cd5923 sp=0x00000082227f7048 mode 2
Event: 3.811 Thread 0x000002104c3db630 Uncommon trap: trap_request=0xffffff45 fr.pc=0x00000210407665b0 relative=0x0000000000000390
Event: 3.811 Thread 0x000002104c3db630 Uncommon trap: reason=unstable_if action=reinterpret pc=0x00000210407665b0 method=java.lang.StringLatin1.canEncode(I)Z @ 4 c2
Event: 3.811 Thread 0x000002104c3db630 DEOPT PACKING pc=0x00000210407665b0 sp=0x00000082227f86e0
Event: 3.811 Thread 0x000002104c3db630 DEOPT UNPACKING pc=0x0000021038cd5923 sp=0x00000082227f8608 mode 2
Event: 3.811 Thread 0x000002104c3db630 Uncommon trap: trap_request=0xffffff45 fr.pc=0x0000021040767214 relative=0x0000000000000374
Event: 3.811 Thread 0x000002104c3db630 Uncommon trap: reason=unstable_if action=reinterpret pc=0x0000021040767214 method=java.lang.AbstractStringBuilder.isLatin1()Z @ 10 c2
Event: 3.811 Thread 0x000002104c3db630 DEOPT PACKING pc=0x0000021040767214 sp=0x00000082227f8700
Event: 3.811 Thread 0x000002104c3db630 DEOPT UNPACKING pc=0x0000021038cd5923 sp=0x00000082227f8680 mode 2
Event: 3.819 Thread 0x000002104c3db630 Uncommon trap: trap_request=0xffffff45 fr.pc=0x0000021040776d48 relative=0x0000000000000048
Event: 3.819 Thread 0x000002104c3db630 Uncommon trap: reason=unstable_if action=reinterpret pc=0x0000021040776d48 method=java.lang.CharacterData.of(I)Ljava/lang/CharacterData; @ 4 c2
Event: 3.819 Thread 0x000002104c3db630 DEOPT PACKING pc=0x0000021040776d48 sp=0x00000082227f7eb0
Event: 3.819 Thread 0x000002104c3db630 DEOPT UNPACKING pc=0x0000021038cd5923 sp=0x00000082227f7e48 mode 2

Classes unloaded (0 events):
No events

Classes redefined (0 events):
No events

Internal exceptions (20 events):
Event: 1.192 Thread 0x0000021035ff2590 Exception <a 'java/io/FileNotFoundException'{0x00000000eb779c08}> (0x00000000eb779c08) 
thrown [s\src\hotspot\share\prims\jni.cpp, line 516]
Event: 1.408 Thread 0x0000021035ff2590 Exception <a 'java/lang/ClassNotFoundException'{0x00000000ebf70a50}: sun/net/www/protocol/c/Handler> (0x00000000ebf70a50) 
thrown [s\src\hotspot\share\classfile\systemDictionary.cpp, line 256]
Event: 1.408 Thread 0x0000021035ff2590 Exception <a 'java/lang/ClassNotFoundException'{0x00000000ebf71d60}: sun/net/www/protocol/c/Handler> (0x00000000ebf71d60) 
thrown [s\src\hotspot\share\classfile\systemDictionary.cpp, line 256]
Event: 1.409 Thread 0x0000021035ff2590 Exception <a 'java/lang/ClassNotFoundException'{0x00000000ebf72e90}: sun/net/www/protocol/c/Handler> (0x00000000ebf72e90) 
thrown [s\src\hotspot\share\classfile\systemDictionary.cpp, line 256]
Event: 1.413 Thread 0x0000021035ff2590 Exception <a 'java/io/FileNotFoundException'{0x00000000ebf99438}> (0x00000000ebf99438) 
thrown [s\src\hotspot\share\prims\jni.cpp, line 516]
Event: 1.458 Thread 0x0000021035ff2590 Implicit null exception at 0x00000210407902f1 to 0x00000210407904d4
Event: 1.458 Thread 0x0000021035ff2590 Implicit null exception at 0x000002104078cc8f to 0x000002104078cd05
Event: 1.530 Thread 0x0000021035ff2590 Exception <a 'java/lang/NoSuchMethodError'{0x00000000ec263d60}: 'int java.lang.invoke.DirectMethodHandle$Holder.invokeStaticInit(java.lang.Object, java.lang.Object, java.lang.Object, java.lang.Object)'> (0x00000000ec263d60) 
thrown [s\src\hotspot\share\interpreter\linkResolver.cpp, line 759]
Event: 1.541 Thread 0x0000021035ff2590 Exception <a 'java/lang/NoSuchMethodError'{0x00000000ec26e3d0}: 'java.lang.Object java.lang.invoke.DirectMethodHandle$Holder.invokeInterface(java.lang.Object, java.lang.Object)'> (0x00000000ec26e3d0) 
thrown [s\src\hotspot\share\interpreter\linkResolver.cpp, line 759]
Event: 1.542 Thread 0x0000021035ff2590 Exception <a 'java/lang/IncompatibleClassChangeError'{0x00000000ec271bc8}: Found class java.lang.Object, but interface was expected> (0x00000000ec271bc8) 
thrown [s\src\hotspot\share\interpreter\linkResolver.cpp, line 826]
Event: 1.542 Thread 0x0000021035ff2590 Exception <a 'java/lang/NoSuchMethodError'{0x00000000ec2760c0}: 'void java.lang.invoke.DirectMethodHandle$Holder.invokeStatic(java.lang.Object, java.lang.Object)'> (0x00000000ec2760c0) 
thrown [s\src\hotspot\share\interpreter\linkResolver.cpp, line 759]
Event: 1.543 Thread 0x0000021035ff2590 Exception <a 'java/lang/NoSuchMethodError'{0x00000000ec2798c0}: 'void java.lang.invoke.DirectMethodHandle$Holder.invokeStaticInit(java.lang.Object, java.lang.Object)'> (0x00000000ec2798c0) 
thrown [s\src\hotspot\share\interpreter\linkResolver.cpp, line 759]
Event: 1.544 Thread 0x0000021035ff2590 Exception <a 'java/lang/NoSuchMethodError'{0x00000000ec2813f0}: 'int java.lang.invoke.DirectMethodHandle$Holder.invokeStaticInit(java.lang.Object, java.lang.Object)'> (0x00000000ec2813f0) 
thrown [s\src\hotspot\share\interpreter\linkResolver.cpp, line 759]
Event: 1.684 Thread 0x0000021035ff2590 Exception <a 'java/lang/NoSuchMethodError'{0x00000000ec3c7648}: 'void java.lang.invoke.DirectMethodHandle$Holder.invokeSpecial(java.lang.Object, java.lang.Object, java.lang.Object)'> (0x00000000ec3c7648) 
thrown [s\src\hotspot\share\interpreter\linkResolver.cpp, line 759]
Event: 2.073 Thread 0x0000021035ff2590 Exception <a 'java/lang/NoSuchMethodError'{0x00000000eb7dcbb8}: 'java.lang.Object java.lang.invoke.DirectMethodHandle$Holder.newInvokeSpecial(java.lang.Object, int, java.lang.Object)'> (0x00000000eb7dcbb8) 
thrown [s\src\hotspot\share\interpreter\linkResolver.cpp, line 759]
Event: 2.245 Thread 0x0000021035ff2590 Exception <a 'java/lang/UnsatisfiedLinkError'{0x00000000ebd74e60}: 'void org.eclipse.equinox.launcher.JNIBridge._update_splash()'> (0x00000000ebd74e60) 
thrown [s\src\hotspot\share\prims\nativeLookup.cpp, line 543]
Event: 2.302 Thread 0x000002104c3db630 Exception <a 'java/lang/NoSuchMethodError'{0x00000000ec0155a0}: 'java.lang.Object java.lang.invoke.DirectMethodHandle$Holder.invokeStaticInit(java.lang.Object)'> (0x00000000ec0155a0) 
thrown [s\src\hotspot\share\interpreter\linkResolver.cpp, line 759]
Event: 3.400 Thread 0x000002104c3db630 Exception <a 'java/io/FileNotFoundException'{0x00000000ebdcc5c8}> (0x00000000ebdcc5c8) 
thrown [s\src\hotspot\share\prims\jni.cpp, line 516]
Event: 3.407 Thread 0x000002104c3db630 Exception <a 'java/lang/NullPointerException'{0x00000000ebe15890}> (0x00000000ebe15890) 
thrown [s\src\hotspot\share\interpreter\linkResolver.cpp, line 1350]
Event: 3.407 Thread 0x000002104c3db630 Exception <a 'java/lang/NullPointerException'{0x00000000ebe160b8}> (0x00000000ebe160b8) 
thrown [s\src\hotspot\share\interpreter\linkResolver.cpp, line 1350]

VM Operations (20 events):
Event: 2.052 Executing VM operation: HandshakeAllThreads
Event: 2.052 Executing VM operation: HandshakeAllThreads done
Event: 2.058 Executing VM operation: HandshakeAllThreads
Event: 2.058 Executing VM operation: HandshakeAllThreads done
Event: 2.069 Executing VM operation: HandshakeAllThreads
Event: 2.069 Executing VM operation: HandshakeAllThreads done
Event: 2.318 Executing VM operation: HandshakeAllThreads
Event: 2.318 Executing VM operation: HandshakeAllThreads done
Event: 2.386 Executing VM operation: ParallelGCFailedAllocation
Event: 2.391 Executing VM operation: ParallelGCFailedAllocation done
Event: 3.402 Executing VM operation: Cleanup
Event: 3.403 Executing VM operation: Cleanup done
Event: 3.726 Executing VM operation: HandshakeAllThreads
Event: 3.726 Executing VM operation: HandshakeAllThreads done
Event: 3.779 Executing VM operation: ParallelGCFailedAllocation
Event: 3.787 Executing VM operation: ParallelGCFailedAllocation done
Event: 3.819 Executing VM operation: HandshakeAllThreads
Event: 3.819 Executing VM operation: HandshakeAllThreads done
Event: 3.822 Executing VM operation: HandshakeAllThreads
Event: 3.822 Executing VM operation: HandshakeAllThreads done

Events (20 events):
Event: 3.821 loading class java/text/FieldPosition
Event: 3.822 loading class java/text/FieldPosition done
Event: 3.822 loading class java/text/DigitList
Event: 3.822 loading class java/text/DigitList done
Event: 3.822 loading class java/math/RoundingMode
Event: 3.822 loading class java/math/RoundingMode done
Event: 3.823 loading class java/util/Formatter
Event: 3.823 loading class java/util/Formatter done
Event: 3.825 loading class java/util/Formatter$FixedString
Event: 3.825 loading class java/util/Formatter$FormatString
Event: 3.825 loading class java/util/Formatter$FormatString done
Event: 3.825 loading class java/util/Formatter$FixedString done
Event: 3.825 loading class java/util/Formatter$Conversion
Event: 3.825 loading class java/util/Formatter$Conversion done
Event: 3.825 loading class java/util/Formatter$FormatSpecifier
Event: 3.826 loading class java/util/Formatter$FormatSpecifier done
Event: 3.826 loading class java/util/Formatter$Flags
Event: 3.826 loading class java/util/Formatter$Flags done
Event: 3.826 loading class java/util/Formattable
Event: 3.826 loading class java/util/Formattable done


Dynamic libraries:
0x00007ff639d60000 - 0x00007ff639d6e000 	c:\Users\thali\.vscode\extensions\redhat.java-1.12.0-win32-x64\jre\17.0.4.1-win32-x86_64\bin\java.exe
0x00007ffa4f190000 - 0x00007ffa4f3a4000 	C:\WINDOWS\SYSTEM32\ntdll.dll
0x00007ffa4d110000 - 0x00007ffa4d1d2000 	C:\WINDOWS\System32\KERNEL32.DLL
0x00007ffa4c6e0000 - 0x00007ffa4ca7d000 	C:\WINDOWS\System32\KERNELBASE.dll
0x00007ffa4ce40000 - 0x00007ffa4cf51000 	C:\WINDOWS\System32\ucrtbase.dll
0x00007ffa22e90000 - 0x00007ffa22ea8000 	c:\Users\thali\.vscode\extensions\redhat.java-1.12.0-win32-x64\jre\17.0.4.1-win32-x86_64\bin\jli.dll
0x00007ffa4efa0000 - 0x00007ffa4f14a000 	C:\WINDOWS\System32\USER32.dll
0x00007ffa4cf60000 - 0x00007ffa4cf86000 	C:\WINDOWS\System32\win32u.dll
0x00007ffa4e300000 - 0x00007ffa4e329000 	C:\WINDOWS\System32\GDI32.dll
0x00007ffa4cbf0000 - 0x00007ffa4cd02000 	C:\WINDOWS\System32\gdi32full.dll
0x00007ffa4c640000 - 0x00007ffa4c6da000 	C:\WINDOWS\System32\msvcp_win.dll
0x00007ffa36710000 - 0x00007ffa36729000 	c:\Users\thali\.vscode\extensions\redhat.java-1.12.0-win32-x64\jre\17.0.4.1-win32-x86_64\bin\VCRUNTIME140.dll
0x00007ffa35e50000 - 0x00007ffa360de000 	C:\WINDOWS\WinSxS\amd64_microsoft.windows.common-controls_6595b64144ccf1df_6.0.22621.608_none_a9444ca7c10bb01d\COMCTL32.dll
0x00007ffa4cfb0000 - 0x00007ffa4d057000 	C:\WINDOWS\System32\msvcrt.dll
0x00007ffa4eed0000 - 0x00007ffa4ef02000 	C:\WINDOWS\System32\IMM32.DLL
0x00007ffa44910000 - 0x00007ffa4491c000 	c:\Users\thali\.vscode\extensions\redhat.java-1.12.0-win32-x64\jre\17.0.4.1-win32-x86_64\bin\vcruntime140_1.dll
0x00007ffa0a630000 - 0x00007ffa0a6c1000 	c:\Users\thali\.vscode\extensions\redhat.java-1.12.0-win32-x64\jre\17.0.4.1-win32-x86_64\bin\msvcp140.dll
0x00007ff9f0840000 - 0x00007ff9f1486000 	c:\Users\thali\.vscode\extensions\redhat.java-1.12.0-win32-x64\jre\17.0.4.1-win32-x86_64\bin\server\jvm.dll
0x00007ffa4e1d0000 - 0x00007ffa4e27e000 	C:\WINDOWS\System32\ADVAPI32.dll
0x00007ffa4ec60000 - 0x00007ffa4ed04000 	C:\WINDOWS\System32\sechost.dll
0x00007ffa4e6d0000 - 0x00007ffa4e7e5000 	C:\WINDOWS\System32\RPCRT4.dll
0x00007ffa4eb50000 - 0x00007ffa4eb58000 	C:\WINDOWS\System32\PSAPI.DLL
0x00007ffa3e860000 - 0x00007ffa3e869000 	C:\WINDOWS\SYSTEM32\WSOCK32.dll
0x00007ffa4e280000 - 0x00007ffa4e2f1000 	C:\WINDOWS\System32\WS2_32.dll
0x00007ffa4a070000 - 0x00007ffa4a0a4000 	C:\WINDOWS\SYSTEM32\WINMM.dll
0x00007ffa3f6c0000 - 0x00007ffa3f6ca000 	C:\WINDOWS\SYSTEM32\VERSION.dll
0x00007ffa4b700000 - 0x00007ffa4b718000 	C:\WINDOWS\SYSTEM32\kernel.appcore.dll
0x00007ffa3e770000 - 0x00007ffa3e77a000 	c:\Users\thali\.vscode\extensions\redhat.java-1.12.0-win32-x64\jre\17.0.4.1-win32-x86_64\bin\jimage.dll
0x00007ffa49e00000 - 0x00007ffa4a02e000 	C:\WINDOWS\SYSTEM32\DBGHELP.DLL
0x00007ffa4e340000 - 0x00007ffa4e6ca000 	C:\WINDOWS\System32\combase.dll
0x00007ffa4e0f0000 - 0x00007ffa4e1c7000 	C:\WINDOWS\System32\OLEAUT32.dll
0x00007ffa4a030000 - 0x00007ffa4a062000 	C:\WINDOWS\SYSTEM32\dbgcore.DLL
0x00007ffa4c5c0000 - 0x00007ffa4c63b000 	C:\WINDOWS\System32\bcryptPrimitives.dll
0x00007ffa3e5d0000 - 0x00007ffa3e5de000 	c:\Users\thali\.vscode\extensions\redhat.java-1.12.0-win32-x64\jre\17.0.4.1-win32-x86_64\bin\instrument.dll
0x00007ffa11ba0000 - 0x00007ffa11bc5000 	c:\Users\thali\.vscode\extensions\redhat.java-1.12.0-win32-x64\jre\17.0.4.1-win32-x86_64\bin\java.dll
0x00007ffa13e40000 - 0x00007ffa13e58000 	c:\Users\thali\.vscode\extensions\redhat.java-1.12.0-win32-x64\jre\17.0.4.1-win32-x86_64\bin\zip.dll
0x00007ffa4d1e0000 - 0x00007ffa4d9c0000 	C:\WINDOWS\System32\SHELL32.dll
0x00007ffa4a5c0000 - 0x00007ffa4ae85000 	C:\WINDOWS\SYSTEM32\windows.storage.dll
0x00007ffa4a480000 - 0x00007ffa4a5be000 	C:\WINDOWS\SYSTEM32\wintypes.dll
0x00007ffa4edd0000 - 0x00007ffa4eec1000 	C:\WINDOWS\System32\SHCORE.dll
0x00007ffa4e090000 - 0x00007ffa4e0ee000 	C:\WINDOWS\System32\shlwapi.dll
0x00007ffa4c4f0000 - 0x00007ffa4c511000 	C:\WINDOWS\SYSTEM32\profapi.dll
0x00007ffa134f0000 - 0x00007ffa13509000 	C:\Users\thali\.vscode\extensions\redhat.java-1.12.0-win32-x64\jre\17.0.4.1-win32-x86_64\bin\net.dll
0x00007ffa43920000 - 0x00007ffa43a4f000 	C:\WINDOWS\SYSTEM32\WINHTTP.dll
0x00007ffa4bb80000 - 0x00007ffa4bbe9000 	C:\WINDOWS\system32\mswsock.dll
0x00007ffa12630000 - 0x00007ffa12645000 	C:\Users\thali\.vscode\extensions\redhat.java-1.12.0-win32-x64\jre\17.0.4.1-win32-x86_64\bin\nio.dll
0x00007ffa3e4b0000 - 0x00007ffa3e4c0000 	c:\Users\thali\.vscode\extensions\redhat.java-1.12.0-win32-x64\jre\17.0.4.1-win32-x86_64\bin\verify.dll
0x00007ffa0dd90000 - 0x00007ffa0ddce000 	C:\Users\thali\AppData\Roaming\Code\User\globalStorage\redhat.java\1.12.0\config_win\org.eclipse.equinox.launcher\org.eclipse.equinox.launcher.win32.win32.x86_64_1.2.600.v20220720-1916\eclipse_11700.dll
0x00007ffa4d9d0000 - 0x00007ffa4db6c000 	C:\WINDOWS\System32\ole32.dll

dbghelp: loaded successfully - version: 4.0.5 - missing functions: none
symbol engine: initialized successfully - sym options: 0x614 - pdb path: .;c:\Users\thali\.vscode\extensions\redhat.java-1.12.0-win32-x64\jre\17.0.4.1-win32-x86_64\bin;C:\WINDOWS\SYSTEM32;C:\WINDOWS\WinSxS\amd64_microsoft.windows.common-controls_6595b64144ccf1df_6.0.22621.608_none_a9444ca7c10bb01d;c:\Users\thali\.vscode\extensions\redhat.java-1.12.0-win32-x64\jre\17.0.4.1-win32-x86_64\bin\server;C:\Users\thali\AppData\Roaming\Code\User\globalStorage\redhat.java\1.12.0\config_win\org.eclipse.equinox.launcher\org.eclipse.equinox.launcher.win32.win32.x86_64_1.2.600.v20220720-1916

VM Arguments:
jvm_args: --add-modules=ALL-SYSTEM --add-opens=java.base/java.util=ALL-UNNAMED --add-opens=java.base/java.lang=ALL-UNNAMED --add-opens=java.base/sun.nio.fs=ALL-UNNAMED -Declipse.application=org.eclipse.jdt.ls.core.id1 -Dosgi.bundles.defaultStartLevel=4 -Declipse.product=org.eclipse.jdt.ls.core.product -Djava.import.generatesMetadataFilesAtProjectRoot=false -Dfile.encoding=utf8 -XX:+UseParallelGC -XX:GCTimeRatio=4 -XX:AdaptiveSizePolicyWeight=90 -Dsun.zip.disableMemoryMapping=true -Xmx1G -Xms100m -Xlog:jni+resolve=off -javaagent:c:\Users\thali\.vscode\extensions\redhat.java-1.12.0-win32-x64\lombok\lombok-1.18.24.jar -XX:+HeapDumpOnOutOfMemoryError -XX:HeapDumpPath=c:\Users\thali\AppData\Roaming\Code\User\workspaceStorage\311d4b22935f93f5c5fd771867236701\redhat.java 
java_command: c:\Users\thali\.vscode\extensions\redhat.java-1.12.0-win32-x64\server\plugins\org.eclipse.equinox.launcher_1.6.400.v20210924-0641.jar -configuration c:\Users\thali\AppData\Roaming\Code\User\globalStorage\redhat.java\1.12.0\config_win -data c:\Users\thali\AppData\Roaming\Code\User\workspaceStorage\311d4b22935f93f5c5fd771867236701\redhat.java\jdt_ws
java_class_path (initial): c:\Users\thali\.vscode\extensions\redhat.java-1.12.0-win32-x64\server\plugins\org.eclipse.equinox.launcher_1.6.400.v20210924-0641.jar
Launcher Type: SUN_STANDARD

[Global flags]
    uintx AdaptiveSizePolicyWeight                 = 90                                        {product} {command line}
     intx CICompilerCount                          = 3                                         {product} {ergonomic}
    uintx GCTimeRatio                              = 4                                         {product} {command line}
     bool HeapDumpOnOutOfMemoryError               = true                                   {manageable} {command line}
    ccstr HeapDumpPath                             = c:\Users\thali\AppData\Roaming\Code\User\workspaceStorage\311d4b22935f93f5c5fd771867236701\redhat.java         {manageable} {command line}
   size_t InitialHeapSize                          = 104857600                                 {product} {command line}
   size_t MaxHeapSize                              = 1073741824                                {product} {command line}
   size_t MaxNewSize                               = 357564416                                 {product} {ergonomic}
   size_t MinHeapDeltaBytes                        = 524288                                    {product} {ergonomic}
   size_t MinHeapSize                              = 104857600                                 {product} {command line}
   size_t NewSize                                  = 34603008                                  {product} {ergonomic}
    uintx NonNMethodCodeHeapSize                   = 5832780                                {pd product} {ergonomic}
    uintx NonProfiledCodeHeapSize                  = 122912730                              {pd product} {ergonomic}
   size_t OldSize                                  = 70254592                                  {product} {ergonomic}
    uintx ProfiledCodeHeapSize                     = 122912730                              {pd product} {ergonomic}
    uintx ReservedCodeCacheSize                    = 251658240                              {pd product} {ergonomic}
     bool SegmentedCodeCache                       = true                                      {product} {ergonomic}
   size_t SoftMaxHeapSize                          = 1073741824                             {manageable} {ergonomic}
     bool UseCompressedClassPointers               = true                           {product lp64_product} {ergonomic}
     bool UseCompressedOops                        = true                           {product lp64_product} {ergonomic}
     bool UseLargePagesIndividualAllocation        = false                                  {pd product} {ergonomic}
     bool UseParallelGC                            = true                                      {product} {command line}

Logging:
Log output configuration:
 #0: stdout all=warning,jni+resolve=off uptime,level,tags
 #1: stderr all=off uptime,level,tags

Environment Variables:
JAVA_HOME=C:\Users\thali\AppData\Local\Programs\Eclipse Adoptium\jdk-17.0.4.101-hotspot\
PATH=C:\WINDOWS\system32;C:\WINDOWS;C:\WINDOWS\System32\Wbem;C:\WINDOWS\System32\WindowsPowerShell\v1.0\;C:\WINDOWS\System32\OpenSSH\;C:\Program Files\Git\cmd;C:\Program Files\PuTTY\;C:\Program Files\dotnet\;C:\Program Files\nodejs\;C:\ProgramData\chocolatey\bin;C:\Ruby31-x64\bin;C:\Program Files\MySQL\MySQL Shell 8.0\bin\;C:\Users\thali\AppData\Local\Programs\Eclipse Adoptium\jdk-17.0.4.101-hotspot\bin;C:\Users\thali\AppData\Local\Microsoft\WindowsApps;;C:\Users\thali\.dotnet\tools;C:\Users\thali\AppData\Local\Programs\Microsoft VS Code\bin;C:\Users\thali\AppData\Roaming\npm
USERNAME=thali
OS=Windows_NT
PROCESSOR_IDENTIFIER=Intel64 Family 6 Model 140 Stepping 1, GenuineIntel
TMP=C:\Users\thali\AppData\Local\Temp
TEMP=C:\Users\thali\AppData\Local\Temp



---------------  S Y S T E M  ---------------

OS:
 Windows 11 , 64 bit Build 22621 (10.0.22621.755)
OS uptime: 5 days 0:01 hours
Hyper-V role detected

CPU: total 4 (initial active 4) (2 cores per cpu, 2 threads per core) family 6 model 140 stepping 1 microcode 0xa4, cx8, cmov, fxsr, ht, mmx, 3dnowpref, sse, sse2, sse3, ssse3, sse4.1, sse4.2, popcnt, lzcnt, tsc, tscinvbit, avx, avx2, aes, erms, clmul, bmi1, bmi2, adx, avx512f, avx512dq, avx512cd, avx512bw, avx512vl, sha, fma, vzeroupper, avx512_vpopcntdq, avx512_vpclmulqdq, avx512_vaes, avx512_vnni, clflush, clflushopt, clwb, avx512_vbmi2, avx512_vbmi, hv

Memory: 4k page, system-wide physical 3818M (41M free)
TotalPageFile size 7914M (AvailPageFile size 53M)
current process WorkingSet (physical memory assigned to process): 106M, peak: 106M
current process commit charge ("private bytes"): 203M, peak: 203M

vm_info: OpenJDK 64-Bit Server VM (17.0.4.1+1) for windows-amd64 JRE (17.0.4.1+1), built on Aug 17 2022 07:42:43 by "temurin" with MS VC++ 16.7 (VS2019)

END.
