#
# There is insufficient memory for the Java Runtime Environment to continue.
# Native memory allocation (malloc) failed to allocate 276096 bytes for Chunk::new
# Possible reasons:
#   The system is out of physical RAM or swap space
#   The process is running with CompressedOops enabled, and the Java Heap may be blocking the growth of the native heap
# Possible solutions:
#   Reduce memory load on the system
#   Increase physical memory or swap space
#   Check if swap backing store is full
#   Decrease Java heap size (-Xmx/-Xms)
#   Decrease number of Java threads
#   Decrease Java thread stack sizes (-Xss)
#   Set larger code cache with -XX:ReservedCodeCacheSize=
#   JVM is running with Unscaled Compressed Oops mode in which the Java heap is
#     placed in the first 4GB address space. The Java Heap base address is the
#     maximum limit for the native heap growth. Please use -XX:HeapBaseMinAddress
#     to set the Java Heap base and to place the Java Heap above 4GB virtual address.
# This output file may be truncated or incomplete.
#
#  Out of Memory Error (arena.cpp:189), pid=4812, tid=12032
#
# JRE version: OpenJDK Runtime Environment Temurin-17.0.4.1+1 (17.0.4.1+1) (build 17.0.4.1+1)
# Java VM: OpenJDK 64-Bit Server VM Temurin-17.0.4.1+1 (17.0.4.1+1, mixed mode, tiered, compressed oops, compressed class ptrs, parallel gc, windows-amd64)
# No core dump will be written. Minidumps are not enabled by default on client versions of Windows
#

---------------  S U M M A R Y ------------

Command Line: --add-modules=ALL-SYSTEM --add-opens=java.base/java.util=ALL-UNNAMED --add-opens=java.base/java.lang=ALL-UNNAMED --add-opens=java.base/sun.nio.fs=ALL-UNNAMED -Declipse.application=org.eclipse.jdt.ls.core.id1 -Dosgi.bundles.defaultStartLevel=4 -Declipse.product=org.eclipse.jdt.ls.core.product -Djava.import.generatesMetadataFilesAtProjectRoot=false -Dfile.encoding=utf8 -XX:+UseParallelGC -XX:GCTimeRatio=4 -XX:AdaptiveSizePolicyWeight=90 -Dsun.zip.disableMemoryMapping=true -Xmx1G -Xms100m -Xlog:jni+resolve=off -javaagent:c:\Users\thali\.vscode\extensions\redhat.java-1.12.0-win32-x64\lombok\lombok-1.18.24.jar c:\Users\thali\.vscode\extensions\redhat.java-1.12.0-win32-x64\server\plugins\org.eclipse.equinox.launcher_1.6.400.v20210924-0641.jar -configuration c:\Users\thali\AppData\Roaming\Code\User\globalStorage\redhat.java\1.12.0\config_ss_win -data c:\Users\thali\AppData\Roaming\Code\User\workspaceStorage\311d4b22935f93f5c5fd771867236701\redhat.java\ss_ws

Host: 11th Gen Intel(R) Core(TM) i3-1115G4 @ 3.00GHz, 4 cores, 3G,  Windows 11 , 64 bit Build 22621 (10.0.22621.755)
Time: Tue Nov 29 11:41:04 2022 Hora Padrão da Bahia elapsed time: 2.013019 seconds (0d 0h 0m 2s)

---------------  T H R E A D  ---------------

Current thread (0x000002bfc61858f0):  JavaThread "C2 CompilerThread0" daemon [_thread_in_native, id=12032, stack(0x000000fad3c00000,0x000000fad3d00000)]


Current CompileTask:
C2:   2013  528       4       lombok.patcher.scripts.MethodLevelPatchScript::patch (21 bytes)

Stack: [0x000000fad3c00000,0x000000fad3d00000]
Native frames: (J=compiled Java code, j=interpreted, Vv=VM code, C=native code)
V  [jvm.dll+0x67731a]
V  [jvm.dll+0x832284]
V  [jvm.dll+0x833a2e]
V  [jvm.dll+0x834093]
V  [jvm.dll+0x245775]
V  [jvm.dll+0xabd7b]
V  [jvm.dll+0xac30c]
V  [jvm.dll+0x2ac80f]
V  [jvm.dll+0x57dd77]
V  [jvm.dll+0x220892]
V  [jvm.dll+0x220c6f]
V  [jvm.dll+0x21a4d5]
V  [jvm.dll+0x21799b]
V  [jvm.dll+0x1a3f8d]
V  [jvm.dll+0x227498]
V  [jvm.dll+0x2255e5]
V  [jvm.dll+0x7e7e9b]
V  [jvm.dll+0x7e240a]
V  [jvm.dll+0x6761a5]
C  [ucrtbase.dll+0x29363]
C  [KERNEL32.DLL+0x1244d]
C  [ntdll.dll+0x5dfb8]


---------------  P R O C E S S  ---------------

Threads class SMR info:
_java_thread_list=0x000002bfc7e1e4d0, length=12, elements={
0x000002bfb23210b0, 0x000002bfc613e440, 0x000002bfc61406b0, 0x000002bfc6151d00,
0x000002bfc61527c0, 0x000002bfc617e010, 0x000002bfc6184d00, 0x000002bfc61858f0,
0x000002bfc7b29bb0, 0x000002bfc7b2c960, 0x000002bfb23e0e60, 0x000002bfc7dfb030
}

Java Threads: ( => current thread )
  0x000002bfb23210b0 JavaThread "main" [_thread_in_vm, id=4528, stack(0x000000fad3200000,0x000000fad3300000)]
  0x000002bfc613e440 JavaThread "Reference Handler" daemon [_thread_blocked, id=14192, stack(0x000000fad3600000,0x000000fad3700000)]
  0x000002bfc61406b0 JavaThread "Finalizer" daemon [_thread_blocked, id=10268, stack(0x000000fad3700000,0x000000fad3800000)]
  0x000002bfc6151d00 JavaThread "Signal Dispatcher" daemon [_thread_blocked, id=4516, stack(0x000000fad3800000,0x000000fad3900000)]
  0x000002bfc61527c0 JavaThread "Attach Listener" daemon [_thread_blocked, id=11512, stack(0x000000fad3900000,0x000000fad3a00000)]
  0x000002bfc617e010 JavaThread "Service Thread" daemon [_thread_blocked, id=436, stack(0x000000fad3a00000,0x000000fad3b00000)]
  0x000002bfc6184d00 JavaThread "Monitor Deflation Thread" daemon [_thread_blocked, id=10552, stack(0x000000fad3b00000,0x000000fad3c00000)]
=>0x000002bfc61858f0 JavaThread "C2 CompilerThread0" daemon [_thread_in_native, id=12032, stack(0x000000fad3c00000,0x000000fad3d00000)]
  0x000002bfc7b29bb0 JavaThread "C1 CompilerThread0" daemon [_thread_in_native, id=13560, stack(0x000000fad3d00000,0x000000fad3e00000)]
  0x000002bfc7b2c960 JavaThread "Sweeper thread" daemon [_thread_blocked, id=9264, stack(0x000000fad3e00000,0x000000fad3f00000)]
  0x000002bfb23e0e60 JavaThread "Common-Cleaner" daemon [_thread_blocked, id=12584, stack(0x000000fad3f00000,0x000000fad4000000)]
  0x000002bfc7dfb030 JavaThread "Notification Thread" daemon [_thread_blocked, id=4524, stack(0x000000fad4000000,0x000000fad4100000)]

Other Threads:
  0x000002bfc6125e80 VMThread "VM Thread" [stack: 0x000000fad3500000,0x000000fad3600000] [id=8988]
  0x000002bfc7dfb500 WatcherThread [stack: 0x000000fad4100000,0x000000fad4200000] [id=13076]
  0x000002bfb2338f60 GCTaskThread "GC Thread#0" [stack: 0x000000fad3400000,0x000000fad3500000] [id=11888]

Threads with active compile tasks:
C2 CompilerThread0     2024  528       4       lombok.patcher.scripts.MethodLevelPatchScript::patch (21 bytes)
C1 CompilerThread0     2024  557 %     3       java.util.Properties$LineReader::readLine @ 53 (584 bytes)

VM state: not at safepoint (normal execution)

VM Mutex/Monitor currently owned by a thread: None

Heap address: 0x00000000c0000000, size: 1024 MB, Compressed Oops mode: 32-bit

CDS archive(s) not mapped
Compressed class space mapped at: 0x0000000100000000-0x0000000140000000, reserved size: 1073741824
Narrow klass base: 0x0000000000000000, Narrow klass shift: 3, Narrow klass range: 0x140000000

GC Precious Log:
 CPUs: 4 total, 4 available
 Memory: 3818M
 Large Page Support: Disabled
 NUMA Support: Disabled
 Compressed Oops: Enabled (32-bit)
 Alignments: Space 512K, Generation 512K, Heap 2M
 Heap Min Capacity: 100M
 Heap Initial Capacity: 100M
 Heap Max Capacity: 1G
 Pre-touch: Disabled
 Parallel Workers: 4

Heap:
 PSYoungGen      total 29696K, used 12665K [0x00000000eab00000, 0x00000000ecc00000, 0x0000000100000000)
  eden space 25600K, 49% used [0x00000000eab00000,0x00000000eb75e580,0x00000000ec400000)
  from space 4096K, 0% used [0x00000000ec800000,0x00000000ec800000,0x00000000ecc00000)
  to   space 4096K, 0% used [0x00000000ec400000,0x00000000ec400000,0x00000000ec800000)
 ParOldGen       total 68608K, used 0K [0x00000000c0000000, 0x00000000c4300000, 0x00000000eab00000)
  object space 68608K, 0% used [0x00000000c0000000,0x00000000c0000000,0x00000000c4300000)
 Metaspace       used 8606K, committed 8704K, reserved 1064960K
  class space    used 858K, committed 896K, reserved 1048576K

Card table byte_map: [0x000002bfb1cd0000,0x000002bfb1ee0000] _byte_map_base: 0x000002bfb16d0000

Marking Bits: (ParMarkBitMap*) 0x00007ff9f13c2cc0
 Begin Bits: [0x000002bfc3fb0000, 0x000002bfc4fb0000)
 End Bits:   [0x000002bfc4fb0000, 0x000002bfc5fb0000)

Polling page: 0x000002bfb02e0000

Metaspace:

Usage:
  Non-class:      7.57 MB used.
      Class:    858.99 KB used.
       Both:      8.40 MB used.

Virtual space:
  Non-class space:       16.00 MB reserved,       7.62 MB ( 48%) committed,  2 nodes.
      Class space:        1.00 GB reserved,     896.00 KB ( <1%) committed,  1 nodes.
             Both:        1.02 GB reserved,       8.50 MB ( <1%) committed. 

Chunk freelists:
   Non-Class:  3.92 MB
       Class:  3.09 MB
        Both:  7.01 MB

MaxMetaspaceSize: unlimited
CompressedClassSpaceSize: 1.00 GB
Initial GC threshold: 21.00 MB
Current GC threshold: 21.00 MB
CDS: off
MetaspaceReclaimPolicy: balanced
 - commit_granule_bytes: 65536.
 - commit_granule_words: 8192.
 - virtual_space_node_default_size: 1048576.
 - enlarge_chunks_in_place: 1.
 - new_chunks_are_fully_committed: 0.
 - uncommit_free_chunks: 1.
 - use_allocation_guard: 0.
 - handle_deallocations: 1.


Internal statistics:

num_allocs_failed_limit: 0.
num_arena_births: 10.
num_arena_deaths: 0.
num_vsnodes_births: 3.
num_vsnodes_deaths: 0.
num_space_committed: 136.
num_space_uncommitted: 0.
num_chunks_returned_to_freelist: 0.
num_chunks_taken_from_freelist: 44.
num_chunk_merges: 0.
num_chunk_splits: 24.
num_chunks_enlarged: 19.
num_purges: 0.
num_inconsistent_stats: 0.

CodeHeap 'non-profiled nmethods': size=120000Kb used=180Kb max_used=180Kb free=119819Kb
 bounds [0x000002bfbca80000, 0x000002bfbccf0000, 0x000002bfc3fb0000]
CodeHeap 'profiled nmethods': size=120000Kb used=830Kb max_used=830Kb free=119169Kb
 bounds [0x000002bfb5550000, 0x000002bfb57c0000, 0x000002bfbca80000]
CodeHeap 'non-nmethods': size=5760Kb used=1138Kb max_used=1153Kb free=4621Kb
 bounds [0x000002bfb4fb0000, 0x000002bfb5220000, 0x000002bfb5550000]
 total_blobs=963 nmethods=549 adapters=329
 compilation: enabled
              stopped_count=0, restarted_count=0
 full_count=0

Compilation events (20 events):
Event: 1.976 Thread 0x000002bfc7b29bb0  531       3       java.util.Arrays::copyOf (40 bytes)
Event: 1.977 Thread 0x000002bfc7b29bb0 nmethod 531 0x000002bfb560dc90 code [0x000002bfb560de80, 0x000002bfb560e528]
Event: 1.977 Thread 0x000002bfc7b29bb0  532       3       java.lang.String::valueOf (15 bytes)
Event: 1.977 Thread 0x000002bfc7b29bb0 nmethod 532 0x000002bfb560e710 code [0x000002bfb560e8c0, 0x000002bfb560eac8]
Event: 1.977 Thread 0x000002bfc7b29bb0  533       3       java.util.concurrent.ConcurrentHashMap$Node::<init> (14 bytes)
Event: 1.977 Thread 0x000002bfc7b29bb0 nmethod 533 0x000002bfb560eb90 code [0x000002bfb560ed40, 0x000002bfb560ef58]
Event: 1.977 Thread 0x000002bfc7b29bb0  534       3       java.security.Provider$ServiceKey::<init> (39 bytes)
Event: 1.977 Thread 0x000002bfc7b29bb0 nmethod 534 0x000002bfb560f090 code [0x000002bfb560f280, 0x000002bfb560f6c8]
Event: 1.977 Thread 0x000002bfc7b29bb0  537       1       java.security.Provider$UString::toString (5 bytes)
Event: 1.977 Thread 0x000002bfc7b29bb0 nmethod 537 0x000002bfbcaac790 code [0x000002bfbcaac920, 0x000002bfbcaac9f8]
Event: 1.977 Thread 0x000002bfc7b29bb0  538       1       java.security.Provider$Service::getProvider (5 bytes)
Event: 1.977 Thread 0x000002bfc7b29bb0 nmethod 538 0x000002bfbcaaca90 code [0x000002bfbcaacc20, 0x000002bfbcaaccf8]
Event: 1.978 Thread 0x000002bfc7b29bb0  539       3       sun.security.provider.SHA2::implCompress0 (490 bytes)
Event: 1.978 Thread 0x000002bfc7b29bb0 nmethod 539 0x000002bfb560f890 code [0x000002bfb560fa80, 0x000002bfb56102e8]
Event: 1.979 Thread 0x000002bfc7b29bb0  540       3       sun.security.provider.ByteArrayAccess::b2iBig64 (231 bytes)
Event: 1.984 Thread 0x000002bfc7b29bb0 nmethod 540 0x000002bfb5610790 code [0x000002bfb5611260, 0x000002bfb5617638]
Event: 1.984 Thread 0x000002bfc7b29bb0  541       3       sun.security.provider.SHA2::implCompress (13 bytes)
Event: 1.985 Thread 0x000002bfc7b29bb0 nmethod 541 0x000002bfb5619390 code [0x000002bfb5619580, 0x000002bfb56199c8]
Event: 1.985 Thread 0x000002bfc7b29bb0  542       3       sun.security.provider.SHA2::implCompressCheck (27 bytes)
Event: 1.985 Thread 0x000002bfc7b29bb0 nmethod 542 0x000002bfb5619b90 code [0x000002bfb5619d60, 0x000002bfb561a118]

GC Heap History (0 events):
No events

Deoptimization events (20 events):
Event: 1.813 Thread 0x000002bfb23210b0 Uncommon trap: trap_request=0xffffff45 fr.pc=0x000002bfbca94340 relative=0x00000000000000c0
Event: 1.813 Thread 0x000002bfb23210b0 Uncommon trap: reason=unstable_if action=reinterpret pc=0x000002bfbca94340 method=java.net.URI.match(CJJ)Z @ 45 c2
Event: 1.813 Thread 0x000002bfb23210b0 DEOPT PACKING pc=0x000002bfbca94340 sp=0x000000fad32fc610
Event: 1.813 Thread 0x000002bfb23210b0 DEOPT UNPACKING pc=0x000002bfb5005923 sp=0x000000fad32fc598 mode 2
Event: 1.835 Thread 0x000002bfb23210b0 Uncommon trap: trap_request=0xffffff45 fr.pc=0x000002bfbcaa3728 relative=0x00000000000005a8
Event: 1.835 Thread 0x000002bfb23210b0 Uncommon trap: reason=unstable_if action=reinterpret pc=0x000002bfbcaa3728 method=java.lang.String.replace(Ljava/lang/CharSequence;Ljava/lang/CharSequence;)Ljava/lang/String; @ 48 c2
Event: 1.835 Thread 0x000002bfb23210b0 DEOPT PACKING pc=0x000002bfbcaa3728 sp=0x000000fad32fc5a0
Event: 1.835 Thread 0x000002bfb23210b0 DEOPT UNPACKING pc=0x000002bfb5005923 sp=0x000000fad32fc510 mode 2
Event: 1.967 Thread 0x000002bfb23210b0 Uncommon trap: trap_request=0xffffffde fr.pc=0x000002bfbca8cb4c relative=0x00000000000006cc
Event: 1.967 Thread 0x000002bfb23210b0 Uncommon trap: reason=class_check action=maybe_recompile pc=0x000002bfbca8cb4c method=java.util.HashMap.putVal(ILjava/lang/Object;Ljava/lang/Object;ZZ)Ljava/lang/Object; @ 91 c2
Event: 1.967 Thread 0x000002bfb23210b0 DEOPT PACKING pc=0x000002bfbca8cb4c sp=0x000000fad32fd9d0
Event: 1.967 Thread 0x000002bfb23210b0 DEOPT UNPACKING pc=0x000002bfb5005923 sp=0x000000fad32fd970 mode 2
Event: 1.968 Thread 0x000002bfb23210b0 Uncommon trap: trap_request=0xffffffde fr.pc=0x000002bfbca8cb4c relative=0x00000000000006cc
Event: 1.968 Thread 0x000002bfb23210b0 Uncommon trap: reason=class_check action=maybe_recompile pc=0x000002bfbca8cb4c method=java.util.HashMap.putVal(ILjava/lang/Object;Ljava/lang/Object;ZZ)Ljava/lang/Object; @ 91 c2
Event: 1.968 Thread 0x000002bfb23210b0 DEOPT PACKING pc=0x000002bfbca8cb4c sp=0x000000fad32fdaf0
Event: 1.968 Thread 0x000002bfb23210b0 DEOPT UNPACKING pc=0x000002bfb5005923 sp=0x000000fad32fda60 mode 2
Event: 1.968 Thread 0x000002bfb23210b0 Uncommon trap: trap_request=0xffffffde fr.pc=0x000002bfbca8cb4c relative=0x00000000000006cc
Event: 1.968 Thread 0x000002bfb23210b0 Uncommon trap: reason=class_check action=maybe_recompile pc=0x000002bfbca8cb4c method=java.util.HashMap.putVal(ILjava/lang/Object;Ljava/lang/Object;ZZ)Ljava/lang/Object; @ 91 c2
Event: 1.968 Thread 0x000002bfb23210b0 DEOPT PACKING pc=0x000002bfbca8cb4c sp=0x000000fad32fdaf0
Event: 1.968 Thread 0x000002bfb23210b0 DEOPT UNPACKING pc=0x000002bfb5005923 sp=0x000000fad32fda60 mode 2

Classes unloaded (0 events):
No events

Classes redefined (0 events):
No events

Internal exceptions (2 events):
Event: 0.543 Thread 0x000002bfb23210b0 Exception <a 'java/lang/NoSuchMethodError'{0x00000000eacb2138}: 'void java.lang.invoke.DirectMethodHandle$Holder.invokeStatic(java.lang.Object, java.lang.Object, java.lang.Object)'> (0x00000000eacb2138) 
thrown [s\src\hotspot\share\interpreter\linkResolver.cpp, line 759]
Event: 0.976 Thread 0x000002bfb23210b0 Exception <a 'java/lang/reflect/InvocationTargetException'{0x00000000eaf78e80}> (0x00000000eaf78e80) 
thrown [s\src\hotspot\share\runtime\reflection.cpp, line 1121]

VM Operations (8 events):
Event: 0.565 Executing VM operation: HandshakeAllThreads
Event: 0.565 Executing VM operation: HandshakeAllThreads done
Event: 0.776 Executing VM operation: HandshakeAllThreads
Event: 0.776 Executing VM operation: HandshakeAllThreads done
Event: 1.784 Executing VM operation: Cleanup
Event: 1.801 Executing VM operation: Cleanup done
Event: 1.973 Executing VM operation: HandshakeAllThreads
Event: 1.973 Executing VM operation: HandshakeAllThreads done

Events (20 events):
Event: 1.972 loading class sun/security/util/KeyUtil
Event: 1.972 loading class sun/security/util/KeyUtil done
Event: 1.973 loading class sun/security/util/Length
Event: 1.973 loading class sun/security/util/Length done
Event: 1.973 loading class javax/crypto/SecretKey
Event: 1.973 loading class javax/crypto/SecretKey done
Event: 1.973 loading class java/util/LinkedHashMap$LinkedEntrySet
Event: 1.973 loading class java/util/LinkedHashMap$LinkedEntrySet done
Event: 1.973 loading class java/util/LinkedHashMap$LinkedEntryIterator
Event: 1.973 loading class java/util/LinkedHashMap$LinkedEntryIterator done
Event: 1.974 loading class java/util/Base64
Event: 1.975 loading class java/util/Base64 done
Event: 1.975 loading class java/util/Base64$Decoder
Event: 1.975 loading class java/util/Base64$Decoder done
Event: 1.975 loading class java/util/Base64$Encoder
Event: 1.975 loading class java/util/Base64$Encoder done
Event: 1.975 loading class java/util/jar/JarVerifier$VerifierStream
Event: 1.976 loading class java/util/jar/JarVerifier$VerifierStream done
Event: 1.976 loading class sun/security/util/ManifestEntryVerifier$SunProviderHolder
Event: 1.976 loading class sun/security/util/ManifestEntryVerifier$SunProviderHolder done


Dynamic libraries:
0x00007ff639d60000 - 0x00007ff639d6e000 	c:\Users\thali\.vscode\extensions\redhat.java-1.12.0-win32-x64\jre\17.0.4.1-win32-x86_64\bin\java.exe
0x00007ffa4f190000 - 0x00007ffa4f3a4000 	C:\WINDOWS\SYSTEM32\ntdll.dll
0x00007ffa4d110000 - 0x00007ffa4d1d2000 	C:\WINDOWS\System32\KERNEL32.DLL
0x00007ffa4c6e0000 - 0x00007ffa4ca7d000 	C:\WINDOWS\System32\KERNELBASE.dll
0x00007ffa4ce40000 - 0x00007ffa4cf51000 	C:\WINDOWS\System32\ucrtbase.dll
0x00007ffa22e90000 - 0x00007ffa22ea8000 	c:\Users\thali\.vscode\extensions\redhat.java-1.12.0-win32-x64\jre\17.0.4.1-win32-x86_64\bin\jli.dll
0x00007ffa4efa0000 - 0x00007ffa4f14a000 	C:\WINDOWS\System32\USER32.dll
0x00007ffa4cf60000 - 0x00007ffa4cf86000 	C:\WINDOWS\System32\win32u.dll
0x00007ffa4e300000 - 0x00007ffa4e329000 	C:\WINDOWS\System32\GDI32.dll
0x00007ffa4cbf0000 - 0x00007ffa4cd02000 	C:\WINDOWS\System32\gdi32full.dll
0x00007ffa4c640000 - 0x00007ffa4c6da000 	C:\WINDOWS\System32\msvcp_win.dll
0x00007ffa36710000 - 0x00007ffa36729000 	c:\Users\thali\.vscode\extensions\redhat.java-1.12.0-win32-x64\jre\17.0.4.1-win32-x86_64\bin\VCRUNTIME140.dll
0x00007ffa35e50000 - 0x00007ffa360de000 	C:\WINDOWS\WinSxS\amd64_microsoft.windows.common-controls_6595b64144ccf1df_6.0.22621.608_none_a9444ca7c10bb01d\COMCTL32.dll
0x00007ffa4cfb0000 - 0x00007ffa4d057000 	C:\WINDOWS\System32\msvcrt.dll
0x00007ffa4eed0000 - 0x00007ffa4ef02000 	C:\WINDOWS\System32\IMM32.DLL
0x00007ffa44910000 - 0x00007ffa4491c000 	c:\Users\thali\.vscode\extensions\redhat.java-1.12.0-win32-x64\jre\17.0.4.1-win32-x86_64\bin\vcruntime140_1.dll
0x00007ffa0a630000 - 0x00007ffa0a6c1000 	c:\Users\thali\.vscode\extensions\redhat.java-1.12.0-win32-x64\jre\17.0.4.1-win32-x86_64\bin\msvcp140.dll
0x00007ff9f0840000 - 0x00007ff9f1486000 	c:\Users\thali\.vscode\extensions\redhat.java-1.12.0-win32-x64\jre\17.0.4.1-win32-x86_64\bin\server\jvm.dll
0x00007ffa4e1d0000 - 0x00007ffa4e27e000 	C:\WINDOWS\System32\ADVAPI32.dll
0x00007ffa4ec60000 - 0x00007ffa4ed04000 	C:\WINDOWS\System32\sechost.dll
0x00007ffa4e6d0000 - 0x00007ffa4e7e5000 	C:\WINDOWS\System32\RPCRT4.dll
0x00007ffa4eb50000 - 0x00007ffa4eb58000 	C:\WINDOWS\System32\PSAPI.DLL
0x00007ffa3e860000 - 0x00007ffa3e869000 	C:\WINDOWS\SYSTEM32\WSOCK32.dll
0x00007ffa4e280000 - 0x00007ffa4e2f1000 	C:\WINDOWS\System32\WS2_32.dll
0x00007ffa4a070000 - 0x00007ffa4a0a4000 	C:\WINDOWS\SYSTEM32\WINMM.dll
0x00007ffa3f6c0000 - 0x00007ffa3f6ca000 	C:\WINDOWS\SYSTEM32\VERSION.dll
0x00007ffa4b700000 - 0x00007ffa4b718000 	C:\WINDOWS\SYSTEM32\kernel.appcore.dll
0x00007ffa3e770000 - 0x00007ffa3e77a000 	c:\Users\thali\.vscode\extensions\redhat.java-1.12.0-win32-x64\jre\17.0.4.1-win32-x86_64\bin\jimage.dll
0x00007ffa49e00000 - 0x00007ffa4a02e000 	C:\WINDOWS\SYSTEM32\DBGHELP.DLL
0x00007ffa4e340000 - 0x00007ffa4e6ca000 	C:\WINDOWS\System32\combase.dll
0x00007ffa4e0f0000 - 0x00007ffa4e1c7000 	C:\WINDOWS\System32\OLEAUT32.dll
0x00007ffa4a030000 - 0x00007ffa4a062000 	C:\WINDOWS\SYSTEM32\dbgcore.DLL
0x00007ffa4c5c0000 - 0x00007ffa4c63b000 	C:\WINDOWS\System32\bcryptPrimitives.dll
0x00007ffa3e5d0000 - 0x00007ffa3e5de000 	c:\Users\thali\.vscode\extensions\redhat.java-1.12.0-win32-x64\jre\17.0.4.1-win32-x86_64\bin\instrument.dll
0x00007ffa11ba0000 - 0x00007ffa11bc5000 	c:\Users\thali\.vscode\extensions\redhat.java-1.12.0-win32-x64\jre\17.0.4.1-win32-x86_64\bin\java.dll
0x00007ffa13e40000 - 0x00007ffa13e58000 	c:\Users\thali\.vscode\extensions\redhat.java-1.12.0-win32-x64\jre\17.0.4.1-win32-x86_64\bin\zip.dll
0x00007ffa4d1e0000 - 0x00007ffa4d9c0000 	C:\WINDOWS\System32\SHELL32.dll
0x00007ffa4a5c0000 - 0x00007ffa4ae85000 	C:\WINDOWS\SYSTEM32\windows.storage.dll
0x00007ffa4a480000 - 0x00007ffa4a5be000 	C:\WINDOWS\SYSTEM32\wintypes.dll
0x00007ffa4edd0000 - 0x00007ffa4eec1000 	C:\WINDOWS\System32\SHCORE.dll
0x00007ffa4e090000 - 0x00007ffa4e0ee000 	C:\WINDOWS\System32\shlwapi.dll
0x00007ffa4c4f0000 - 0x00007ffa4c511000 	C:\WINDOWS\SYSTEM32\profapi.dll
0x00007ffa134f0000 - 0x00007ffa13509000 	C:\Users\thali\.vscode\extensions\redhat.java-1.12.0-win32-x64\jre\17.0.4.1-win32-x86_64\bin\net.dll
0x00007ffa43920000 - 0x00007ffa43a4f000 	C:\WINDOWS\SYSTEM32\WINHTTP.dll
0x00007ffa4bb80000 - 0x00007ffa4bbe9000 	C:\WINDOWS\system32\mswsock.dll
0x00007ffa12630000 - 0x00007ffa12645000 	C:\Users\thali\.vscode\extensions\redhat.java-1.12.0-win32-x64\jre\17.0.4.1-win32-x86_64\bin\nio.dll
0x00007ffa3e4b0000 - 0x00007ffa3e4c0000 	c:\Users\thali\.vscode\extensions\redhat.java-1.12.0-win32-x64\jre\17.0.4.1-win32-x86_64\bin\verify.dll

dbghelp: loaded successfully - version: 4.0.5 - missing functions: none
symbol engine: initialized successfully - sym options: 0x614 - pdb path: .;c:\Users\thali\.vscode\extensions\redhat.java-1.12.0-win32-x64\jre\17.0.4.1-win32-x86_64\bin;C:\WINDOWS\SYSTEM32;C:\WINDOWS\WinSxS\amd64_microsoft.windows.common-controls_6595b64144ccf1df_6.0.22621.608_none_a9444ca7c10bb01d;c:\Users\thali\.vscode\extensions\redhat.java-1.12.0-win32-x64\jre\17.0.4.1-win32-x86_64\bin\server

VM Arguments:
jvm_args: --add-modules=ALL-SYSTEM --add-opens=java.base/java.util=ALL-UNNAMED --add-opens=java.base/java.lang=ALL-UNNAMED --add-opens=java.base/sun.nio.fs=ALL-UNNAMED -Declipse.application=org.eclipse.jdt.ls.core.id1 -Dosgi.bundles.defaultStartLevel=4 -Declipse.product=org.eclipse.jdt.ls.core.product -Djava.import.generatesMetadataFilesAtProjectRoot=false -Dfile.encoding=utf8 -XX:+UseParallelGC -XX:GCTimeRatio=4 -XX:AdaptiveSizePolicyWeight=90 -Dsun.zip.disableMemoryMapping=true -Xmx1G -Xms100m -Xlog:jni+resolve=off -javaagent:c:\Users\thali\.vscode\extensions\redhat.java-1.12.0-win32-x64\lombok\lombok-1.18.24.jar 
java_command: c:\Users\thali\.vscode\extensions\redhat.java-1.12.0-win32-x64\server\plugins\org.eclipse.equinox.launcher_1.6.400.v20210924-0641.jar -configuration c:\Users\thali\AppData\Roaming\Code\User\globalStorage\redhat.java\1.12.0\config_ss_win -data c:\Users\thali\AppData\Roaming\Code\User\workspaceStorage\311d4b22935f93f5c5fd771867236701\redhat.java\ss_ws
java_class_path (initial): c:\Users\thali\.vscode\extensions\redhat.java-1.12.0-win32-x64\server\plugins\org.eclipse.equinox.launcher_1.6.400.v20210924-0641.jar
Launcher Type: SUN_STANDARD

[Global flags]
    uintx AdaptiveSizePolicyWeight                 = 90                                        {product} {command line}
     intx CICompilerCount                          = 3                                         {product} {ergonomic}
    uintx GCTimeRatio                              = 4                                         {product} {command line}
   size_t InitialHeapSize                          = 104857600                                 {product} {command line}
   size_t MaxHeapSize                              = 1073741824                                {product} {command line}
   size_t MaxNewSize                               = 357564416                                 {product} {ergonomic}
   size_t MinHeapDeltaBytes                        = 524288                                    {product} {ergonomic}
   size_t MinHeapSize                              = 104857600                                 {product} {command line}
   size_t NewSize                                  = 34603008                                  {product} {ergonomic}
    uintx NonNMethodCodeHeapSize                   = 5832780                                {pd product} {ergonomic}
    uintx NonProfiledCodeHeapSize                  = 122912730                              {pd product} {ergonomic}
   size_t OldSize                                  = 70254592                                  {product} {ergonomic}
    uintx ProfiledCodeHeapSize                     = 122912730                              {pd product} {ergonomic}
    uintx ReservedCodeCacheSize                    = 251658240                              {pd product} {ergonomic}
     bool SegmentedCodeCache                       = true                                      {product} {ergonomic}
   size_t SoftMaxHeapSize                          = 1073741824                             {manageable} {ergonomic}
     bool UseCompressedClassPointers               = true                           {product lp64_product} {ergonomic}
     bool UseCompressedOops                        = true                           {product lp64_product} {ergonomic}
     bool UseLargePagesIndividualAllocation        = false                                  {pd product} {ergonomic}
     bool UseParallelGC                            = true                                      {product} {command line}

Logging:
Log output configuration:
 #0: stdout all=warning,jni+resolve=off uptime,level,tags
 #1: stderr all=off uptime,level,tags

Environment Variables:
JAVA_HOME=C:\Users\thali\AppData\Local\Programs\Eclipse Adoptium\jdk-17.0.4.101-hotspot\
PATH=C:\WINDOWS\system32;C:\WINDOWS;C:\WINDOWS\System32\Wbem;C:\WINDOWS\System32\WindowsPowerShell\v1.0\;C:\WINDOWS\System32\OpenSSH\;C:\Program Files\Git\cmd;C:\Program Files\PuTTY\;C:\Program Files\dotnet\;C:\Program Files\nodejs\;C:\ProgramData\chocolatey\bin;C:\Ruby31-x64\bin;C:\Program Files\MySQL\MySQL Shell 8.0\bin\;C:\Users\thali\AppData\Local\Programs\Eclipse Adoptium\jdk-17.0.4.101-hotspot\bin;C:\Users\thali\AppData\Local\Microsoft\WindowsApps;;C:\Users\thali\.dotnet\tools;C:\Users\thali\AppData\Local\Programs\Microsoft VS Code\bin;C:\Users\thali\AppData\Roaming\npm
USERNAME=thali
OS=Windows_NT
PROCESSOR_IDENTIFIER=Intel64 Family 6 Model 140 Stepping 1, GenuineIntel
TMP=C:\Users\thali\AppData\Local\Temp
TEMP=C:\Users\thali\AppData\Local\Temp



---------------  S Y S T E M  ---------------

OS:
 Windows 11 , 64 bit Build 22621 (10.0.22621.755)
OS uptime: 5 days 0:02 hours
Hyper-V role detected

CPU: total 4 (initial active 4) (2 cores per cpu, 2 threads per core) family 6 model 140 stepping 1 microcode 0xa4, cx8, cmov, fxsr, ht, mmx, 3dnowpref, sse, sse2, sse3, ssse3, sse4.1, sse4.2, popcnt, lzcnt, tsc, tscinvbit, avx, avx2, aes, erms, clmul, bmi1, bmi2, adx, avx512f, avx512dq, avx512cd, avx512bw, avx512vl, sha, fma, vzeroupper, avx512_vpopcntdq, avx512_vpclmulqdq, avx512_vaes, avx512_vnni, clflush, clflushopt, clwb, avx512_vbmi2, avx512_vbmi, hv

Memory: 4k page, system-wide physical 3818M (115M free)
TotalPageFile size 7914M (AvailPageFile size 1M)
current process WorkingSet (physical memory assigned to process): 53M, peak: 53M
current process commit charge ("private bytes"): 181M, peak: 181M

vm_info: OpenJDK 64-Bit Server VM (17.0.4.1+1) for windows-amd64 JRE (17.0.4.1+1), built on Aug 17 2022 07:42:43 by "temurin" with MS VC++ 16.7 (VS2019)

END.
