#
# There is insufficient memory for the Java Runtime Environment to continue.
# Native memory allocation (mmap) failed to map 150994944 bytes for G1 virtual space
# Possible reasons:
#   The system is out of physical RAM or swap space
#   The process is running with CompressedOops enabled, and the Java Heap may be blocking the growth of the native heap
# Possible solutions:
#   Reduce memory load on the system
#   Increase physical memory or swap space
#   Check if swap backing store is full
#   Decrease Java heap size (-Xmx/-Xms)
#   Decrease number of Java threads
#   Decrease Java thread stack sizes (-Xss)
#   Set larger code cache with -XX:ReservedCodeCacheSize=
#   JVM is running with Unscaled Compressed Oops mode in which the Java heap is
#     placed in the first 4GB address space. The Java Heap base address is the
#     maximum limit for the native heap growth. Please use -XX:HeapBaseMinAddress
#     to set the Java Heap base and to place the Java Heap above 4GB virtual address.
# This output file may be truncated or incomplete.
#
#  Out of Memory Error (os_windows.cpp:3541), pid=5072, tid=7928
#
# JRE version: OpenJDK Runtime Environment Temurin-17.0.4.1+1 (17.0.4.1+1) (build 17.0.4.1+1)
# Java VM: OpenJDK 64-Bit Server VM Temurin-17.0.4.1+1 (17.0.4.1+1, mixed mode, emulated-client, tiered, compressed oops, compressed class ptrs, g1 gc, windows-amd64)
# No core dump will be written. Minidumps are not enabled by default on client versions of Windows
#

---------------  S U M M A R Y ------------

Command Line: -Dsts.lsp.client=vscode -Dsts.log.file=/dev/null -XX:TieredStopAtLevel=1 -Xlog:jni+resolve=off -Dspring.config.location=file:c:\Users\thali\.vscode\extensions\pivotal.vscode-spring-boot-1.40.0\language-server\BOOT-INF\classes\application.properties org.springframework.ide.vscode.boot.app.BootLanguageServerBootApp

Host: 11th Gen Intel(R) Core(TM) i3-1115G4 @ 3.00GHz, 4 cores, 3G,  Windows 11 , 64 bit Build 22621 (10.0.22621.755)
Time: Tue Nov 29 11:41:18 2022 Hora Padrão da Bahia elapsed time: 15.501088 seconds (0d 0h 0m 15s)

---------------  T H R E A D  ---------------

Current thread (0x00000235a0cfdac0):  VMThread "VM Thread" [stack: 0x000000ec59c00000,0x000000ec59d00000] [id=7928]

Stack: [0x000000ec59c00000,0x000000ec59d00000]
Native frames: (J=compiled Java code, j=interpreted, Vv=VM code, C=native code)
V  [jvm.dll+0x67731a]
V  [jvm.dll+0x832284]
V  [jvm.dll+0x833a2e]
V  [jvm.dll+0x834093]
V  [jvm.dll+0x245775]
V  [jvm.dll+0x674209]
V  [jvm.dll+0x668a92]
V  [jvm.dll+0x30471b]
V  [jvm.dll+0x30bc66]
V  [jvm.dll+0x35ba9e]
V  [jvm.dll+0x35bccf]
V  [jvm.dll+0x2db5b8]
V  [jvm.dll+0x2d986c]
V  [jvm.dll+0x2d8e3c]
V  [jvm.dll+0x31cd9b]
V  [jvm.dll+0x83853b]
V  [jvm.dll+0x839274]
V  [jvm.dll+0x83978c]
V  [jvm.dll+0x839b64]
V  [jvm.dll+0x839c30]
V  [jvm.dll+0x7e240a]
V  [jvm.dll+0x6761a5]
C  [ucrtbase.dll+0x29363]
C  [KERNEL32.DLL+0x1244d]
C  [ntdll.dll+0x5dfb8]

VM_Operation (0x000000ec5bbfdf90): G1CollectForAllocation, mode: safepoint, requested by thread 0x00000235af9926f0


---------------  P R O C E S S  ---------------

Threads class SMR info:
_java_thread_list=0x00000235af814660, length=31, elements={
0x00000235ace8dd70, 0x00000235ace90a40, 0x00000235acea0170, 0x00000235acea2b30,
0x00000235acea34e0, 0x00000235acea3e90, 0x00000235acea4840, 0x00000235acea5230,
0x00000235adacd900, 0x00000235adaec190, 0x00000235ae33d690, 0x00000235af4b9370,
0x00000235af59cfc0, 0x00000235ae1c6950, 0x00000235a0c34260, 0x00000235af2cf860,
0x00000235af02fc50, 0x00000235af3f23c0, 0x00000235ae256910, 0x00000235ae256de0,
0x00000235af7f53a0, 0x00000235af7f5870, 0x00000235af7f4060, 0x00000235af7f4530,
0x00000235af7f4a00, 0x00000235af7f4ed0, 0x00000235af991d50, 0x00000235af9926f0,
0x00000235af992bc0, 0x00000235af993090, 0x00000235af992220
}

Java Threads: ( => current thread )
  0x00000235ace8dd70 JavaThread "Reference Handler" daemon [_thread_blocked, id=1676, stack(0x000000ec59d00000,0x000000ec59e00000)]
  0x00000235ace90a40 JavaThread "Finalizer" daemon [_thread_blocked, id=3680, stack(0x000000ec59e00000,0x000000ec59f00000)]
  0x00000235acea0170 JavaThread "Signal Dispatcher" daemon [_thread_blocked, id=9732, stack(0x000000ec59f00000,0x000000ec5a000000)]
  0x00000235acea2b30 JavaThread "Attach Listener" daemon [_thread_blocked, id=7280, stack(0x000000ec5a000000,0x000000ec5a100000)]
  0x00000235acea34e0 JavaThread "Service Thread" daemon [_thread_blocked, id=13092, stack(0x000000ec5a100000,0x000000ec5a200000)]
  0x00000235acea3e90 JavaThread "Monitor Deflation Thread" daemon [_thread_blocked, id=9740, stack(0x000000ec5a200000,0x000000ec5a300000)]
  0x00000235acea4840 JavaThread "C1 CompilerThread0" daemon [_thread_blocked, id=7592, stack(0x000000ec5a300000,0x000000ec5a400000)]
  0x00000235acea5230 JavaThread "Sweeper thread" daemon [_thread_blocked, id=7052, stack(0x000000ec5a400000,0x000000ec5a500000)]
  0x00000235adacd900 JavaThread "Notification Thread" daemon [_thread_blocked, id=5288, stack(0x000000ec5a500000,0x000000ec5a600000)]
  0x00000235adaec190 JavaThread "Common-Cleaner" daemon [_thread_blocked, id=7044, stack(0x000000ec5a700000,0x000000ec5a800000)]
  0x00000235ae33d690 JavaThread "C1 CompilerThread1" daemon [_thread_blocked, id=10028, stack(0x000000ec5aa00000,0x000000ec5ab00000)]
  0x00000235af4b9370 JavaThread "boundedElastic-evictor-1" daemon [_thread_blocked, id=11236, stack(0x000000ec5ad00000,0x000000ec5ae00000)]
  0x00000235af59cfc0 JavaThread "pool-9-thread-1" [_thread_blocked, id=4344, stack(0x000000ec5ab00000,0x000000ec5ac00000)]
  0x00000235ae1c6950 JavaThread "LanguageServerApp-lifecycle" [_thread_blocked, id=5940, stack(0x000000ec5ae00000,0x000000ec5af00000)]
  0x00000235a0c34260 JavaThread "DestroyJavaVM" [_thread_blocked, id=8156, stack(0x000000ec59500000,0x000000ec59600000)]
  0x00000235af2cf860 JavaThread "pool-10-thread-1" [_thread_in_native, id=7236, stack(0x000000ec5af00000,0x000000ec5b000000)]
  0x00000235af02fc50 JavaThread "Simple-Language-Server main thread" daemon [_thread_blocked, id=4704, stack(0x000000ec5b000000,0x000000ec5b100000)]
  0x00000235af3f23c0 JavaThread "ForkJoinPool.commonPool-worker-1" daemon [_thread_blocked, id=4504, stack(0x000000ec5b100000,0x000000ec5b200000)]
  0x00000235ae256910 JavaThread "pool-7-thread-1" [_thread_blocked, id=13736, stack(0x000000ec5b200000,0x000000ec5b300000)]
  0x00000235ae256de0 JavaThread "parallel-1" daemon [_thread_blocked, id=9488, stack(0x000000ec5b300000,0x000000ec5b400000)]
  0x00000235af7f53a0 JavaThread "parallel-2" daemon [_thread_blocked, id=6948, stack(0x000000ec5b400000,0x000000ec5b500000)]
  0x00000235af7f5870 JavaThread "parallel-3" daemon [_thread_blocked, id=9636, stack(0x000000ec5b500000,0x000000ec5b600000)]
  0x00000235af7f4060 JavaThread "Reconciler-1" daemon [_thread_blocked, id=5528, stack(0x000000ec5b600000,0x000000ec5b700000)]
  0x00000235af7f4530 JavaThread "ClassGraph-worker-0" daemon [_thread_blocked, id=248, stack(0x000000ec5b700000,0x000000ec5b800000)]
  0x00000235af7f4a00 JavaThread "ClassGraph-worker-1" daemon [_thread_blocked, id=10732, stack(0x000000ec5b800000,0x000000ec5b900000)]
  0x00000235af7f4ed0 JavaThread "ClassGraph-worker-2" daemon [_thread_blocked, id=900, stack(0x000000ec5b900000,0x000000ec5ba00000)]
  0x00000235af991d50 JavaThread "ClassGraph-worker-3" daemon [_thread_blocked, id=3696, stack(0x000000ec5ba00000,0x000000ec5bb00000)]
  0x00000235af9926f0 JavaThread "ClassGraph-worker-4" daemon [_thread_blocked, id=8216, stack(0x000000ec5bb00000,0x000000ec5bc00000)]
  0x00000235af992bc0 JavaThread "ClassGraph-worker-5" daemon [_thread_blocked, id=10680, stack(0x000000ec5bc00000,0x000000ec5bd00000)]
  0x00000235af993090 JavaThread "ClassGraph-worker-6" daemon [_thread_blocked, id=7412, stack(0x000000ec5bd00000,0x000000ec5be00000)]
  0x00000235af992220 JavaThread "ClassGraph-worker-7" daemon [_thread_blocked, id=12172, stack(0x000000ec5be00000,0x000000ec5bf00000)]

Other Threads:
=>0x00000235a0cfdac0 VMThread "VM Thread" [stack: 0x000000ec59c00000,0x000000ec59d00000] [id=7928]
  0x00000235adacfde0 WatcherThread [stack: 0x000000ec5a600000,0x000000ec5a700000] [id=4136]
  0x00000235a0c70250 GCTaskThread "GC Thread#0" [stack: 0x000000ec59700000,0x000000ec59800000] [id=13024]
  0x00000235ae064d00 GCTaskThread "GC Thread#1" [stack: 0x000000ec5a800000,0x000000ec5a900000] [id=13888]
  0x00000235ae2f3ea0 GCTaskThread "GC Thread#2" [stack: 0x000000ec5a900000,0x000000ec5aa00000] [id=9084]
  0x00000235ae3f0240 GCTaskThread "GC Thread#3" [stack: 0x000000ec5ac00000,0x000000ec5ad00000] [id=11696]
  0x00000235a0c7a930 ConcurrentGCThread "G1 Main Marker" [stack: 0x000000ec59800000,0x000000ec59900000] [id=13220]
  0x00000235a0c7b4a0 ConcurrentGCThread "G1 Conc#0" [stack: 0x000000ec59900000,0x000000ec59a00000] [id=10768]
  0x00000235a0cb60c0 ConcurrentGCThread "G1 Refine#0" [stack: 0x000000ec59a00000,0x000000ec59b00000] [id=10500]
  0x00000235af3f2b40 ConcurrentGCThread "G1 Refine#1" [stack: 0x000000ec5bf00000,0x000000ec5c000000] [id=1264]
  0x00000235a0cb6c40 ConcurrentGCThread "G1 Service" [stack: 0x000000ec59b00000,0x000000ec59c00000] [id=2436]

Threads with active compile tasks:

VM state: at safepoint (normal execution)

VM Mutex/Monitor currently owned by a thread:  ([mutex/lock_event])
[0x00000235a09cc2f0] Threads_lock - owner thread: 0x00000235a0cfdac0
[0x00000235a0c31b20] Heap_lock - owner thread: 0x00000235af9926f0

OutOfMemory and StackOverflow Exception counts:
OutOfMemoryError java_heap_errors=1
LinkageErrors=59

Heap address: 0x00000000c4400000, size: 956 MB, Compressed Oops mode: 32-bit

CDS archive(s) not mapped
Compressed class space mapped at: 0x0000000100000000-0x0000000140000000, reserved size: 1073741824
Narrow klass base: 0x0000000000000000, Narrow klass shift: 3, Narrow klass range: 0x140000000

GC Precious Log:
 CPUs: 4 total, 4 available
 Memory: 3818M
 Large Page Support: Disabled
 NUMA Support: Disabled
 Compressed Oops: Enabled (32-bit)
 Heap Region Size: 1M
 Heap Min Capacity: 8M
 Heap Initial Capacity: 60M
 Heap Max Capacity: 956M
 Pre-touch: Disabled
 Parallel Workers: 4
 Concurrent Workers: 1
 Concurrent Refinement Workers: 4
 Periodic GC: Disabled

Heap:
 garbage-first heap   total 73728K, used 45880K [0x00000000c4400000, 0x0000000100000000)
  region size 1024K, 2 young (2048K), 2 survivors (2048K)
 Metaspace       used 35468K, committed 35776K, reserved 1081344K
  class space    used 4585K, committed 4736K, reserved 1048576K

Heap Regions: E=young(eden), S=young(survivor), O=old, HS=humongous(starts), HC=humongous(continues), CS=collection set, F=free, OA=open archive, CA=closed archive, TAMS=top-at-mark-start (previous, next)
|   0|0x00000000c4400000, 0x00000000c4500000, 0x00000000c4500000|100%| O|  |TAMS 0x00000000c4500000, 0x00000000c4500000| Untracked 
|   1|0x00000000c4500000, 0x00000000c4600000, 0x00000000c4600000|100%| O|  |TAMS 0x00000000c4600000, 0x00000000c4600000| Untracked 
|   2|0x00000000c4600000, 0x00000000c4700000, 0x00000000c4700000|100%| O|  |TAMS 0x00000000c4700000, 0x00000000c4700000| Untracked 
|   3|0x00000000c4700000, 0x00000000c4800000, 0x00000000c4800000|100%| O|  |TAMS 0x00000000c4800000, 0x00000000c4800000| Untracked 
|   4|0x00000000c4800000, 0x00000000c4900000, 0x00000000c4900000|100%| O|  |TAMS 0x00000000c4900000, 0x00000000c4900000| Untracked 
|   5|0x00000000c4900000, 0x00000000c4a00000, 0x00000000c4a00000|100%| O|  |TAMS 0x00000000c4a00000, 0x00000000c4a00000| Untracked 
|   6|0x00000000c4a00000, 0x00000000c4b00000, 0x00000000c4b00000|100%| O|  |TAMS 0x00000000c4b00000, 0x00000000c4b00000| Untracked 
|   7|0x00000000c4b00000, 0x00000000c4c00000, 0x00000000c4c00000|100%| O|  |TAMS 0x00000000c4b00000, 0x00000000c4c00000| Untracked 
|   8|0x00000000c4c00000, 0x00000000c4d00000, 0x00000000c4d00000|100%| O|  |TAMS 0x00000000c4d00000, 0x00000000c4d00000| Untracked 
|   9|0x00000000c4d00000, 0x00000000c4e00000, 0x00000000c4e00000|100%| O|  |TAMS 0x00000000c4e00000, 0x00000000c4e00000| Untracked 
|  10|0x00000000c4e00000, 0x00000000c4ece000, 0x00000000c4f00000| 80%| O|  |TAMS 0x00000000c4ece000, 0x00000000c4ece000| Untracked 
|  11|0x00000000c4f00000, 0x00000000c5000000, 0x00000000c5000000|100%| O|  |TAMS 0x00000000c5000000, 0x00000000c5000000| Untracked 
|  12|0x00000000c5000000, 0x00000000c5100000, 0x00000000c5100000|100%| O|  |TAMS 0x00000000c5100000, 0x00000000c5100000| Untracked 
|  13|0x00000000c5100000, 0x00000000c5200000, 0x00000000c5200000|100%| O|  |TAMS 0x00000000c5100000, 0x00000000c5100000| Untracked 
|  14|0x00000000c5200000, 0x00000000c5300000, 0x00000000c5300000|100%| O|  |TAMS 0x00000000c5300000, 0x00000000c5300000| Untracked 
|  15|0x00000000c5300000, 0x00000000c5400000, 0x00000000c5400000|100%| O|  |TAMS 0x00000000c5400000, 0x00000000c5400000| Untracked 
|  16|0x00000000c5400000, 0x00000000c5500000, 0x00000000c5500000|100%| O|  |TAMS 0x00000000c5500000, 0x00000000c5500000| Untracked 
|  17|0x00000000c5500000, 0x00000000c5600000, 0x00000000c5600000|100%| O|  |TAMS 0x00000000c5600000, 0x00000000c5600000| Untracked 
|  18|0x00000000c5600000, 0x00000000c5700000, 0x00000000c5700000|100%| O|  |TAMS 0x00000000c5700000, 0x00000000c5700000| Untracked 
|  19|0x00000000c5700000, 0x00000000c5800000, 0x00000000c5800000|100%| O|  |TAMS 0x00000000c5800000, 0x00000000c5800000| Untracked 
|  20|0x00000000c5800000, 0x00000000c5900000, 0x00000000c5900000|100%| O|  |TAMS 0x00000000c5900000, 0x00000000c5900000| Untracked 
|  21|0x00000000c5900000, 0x00000000c5a00000, 0x00000000c5a00000|100%| O|  |TAMS 0x00000000c5a00000, 0x00000000c5a00000| Untracked 
|  22|0x00000000c5a00000, 0x00000000c5b00000, 0x00000000c5b00000|100%| O|  |TAMS 0x00000000c5b00000, 0x00000000c5b00000| Untracked 
|  23|0x00000000c5b00000, 0x00000000c5c00000, 0x00000000c5c00000|100%| O|  |TAMS 0x00000000c5c00000, 0x00000000c5c00000| Untracked 
|  24|0x00000000c5c00000, 0x00000000c5d00000, 0x00000000c5d00000|100%| O|  |TAMS 0x00000000c5d00000, 0x00000000c5d00000| Untracked 
|  25|0x00000000c5d00000, 0x00000000c5e00000, 0x00000000c5e00000|100%| O|  |TAMS 0x00000000c5e00000, 0x00000000c5e00000| Untracked 
|  26|0x00000000c5e00000, 0x00000000c5f00000, 0x00000000c5f00000|100%| O|  |TAMS 0x00000000c5f00000, 0x00000000c5f00000| Untracked 
|  27|0x00000000c5f00000, 0x00000000c6000000, 0x00000000c6000000|100%| O|  |TAMS 0x00000000c6000000, 0x00000000c6000000| Untracked 
|  28|0x00000000c6000000, 0x00000000c6100000, 0x00000000c6100000|100%| O|  |TAMS 0x00000000c6100000, 0x00000000c6100000| Untracked 
|  29|0x00000000c6100000, 0x00000000c6200000, 0x00000000c6200000|100%| O|  |TAMS 0x00000000c6200000, 0x00000000c6200000| Untracked 
|  30|0x00000000c6200000, 0x00000000c6300000, 0x00000000c6300000|100%| O|  |TAMS 0x00000000c6300000, 0x00000000c6300000| Untracked 
|  31|0x00000000c6300000, 0x00000000c6400000, 0x00000000c6400000|100%| O|  |TAMS 0x00000000c6400000, 0x00000000c6400000| Untracked 
|  32|0x00000000c6400000, 0x00000000c6500000, 0x00000000c6500000|100%| O|  |TAMS 0x00000000c6500000, 0x00000000c6500000| Untracked 
|  33|0x00000000c6500000, 0x00000000c6600000, 0x00000000c6600000|100%| O|  |TAMS 0x00000000c652c800, 0x00000000c6600000| Untracked 
|  34|0x00000000c6600000, 0x00000000c6700000, 0x00000000c6700000|100%| O|  |TAMS 0x00000000c6600000, 0x00000000c6700000| Untracked 
|  35|0x00000000c6700000, 0x00000000c6800000, 0x00000000c6800000|100%| O|  |TAMS 0x00000000c6700000, 0x00000000c6800000| Untracked 
|  36|0x00000000c6800000, 0x00000000c6900000, 0x00000000c6900000|100%| O|  |TAMS 0x00000000c6800000, 0x00000000c6900000| Untracked 
|  37|0x00000000c6900000, 0x00000000c6a00000, 0x00000000c6a00000|100%| O|  |TAMS 0x00000000c6900000, 0x00000000c6a00000| Untracked 
|  38|0x00000000c6a00000, 0x00000000c6b00000, 0x00000000c6b00000|100%| O|  |TAMS 0x00000000c6a00000, 0x00000000c6b00000| Untracked 
|  39|0x00000000c6b00000, 0x00000000c6c00000, 0x00000000c6c00000|100%| O|  |TAMS 0x00000000c6b00000, 0x00000000c6c00000| Untracked 
|  40|0x00000000c6c00000, 0x00000000c6d00000, 0x00000000c6d00000|100%| O|  |TAMS 0x00000000c6c00000, 0x00000000c6cbb200| Untracked 
|  41|0x00000000c6d00000, 0x00000000c6e00000, 0x00000000c6e00000|100%| O|  |TAMS 0x00000000c6d00000, 0x00000000c6d00000| Untracked 
|  42|0x00000000c6e00000, 0x00000000c6f00000, 0x00000000c6f00000|100%| O|  |TAMS 0x00000000c6e00000, 0x00000000c6e00000| Untracked 
|  43|0x00000000c6f00000, 0x00000000c6f00000, 0x00000000c7000000|  0%| F|  |TAMS 0x00000000c6f00000, 0x00000000c6f00000| Untracked 
|  44|0x00000000c7000000, 0x00000000c7000000, 0x00000000c7100000|  0%| F|  |TAMS 0x00000000c7000000, 0x00000000c7000000| Untracked 
|  45|0x00000000c7100000, 0x00000000c7100000, 0x00000000c7200000|  0%| F|  |TAMS 0x00000000c7100000, 0x00000000c7100000| Untracked 
|  46|0x00000000c7200000, 0x00000000c7200000, 0x00000000c7300000|  0%| F|  |TAMS 0x00000000c7200000, 0x00000000c7200000| Untracked 
|  47|0x00000000c7300000, 0x00000000c7300000, 0x00000000c7400000|  0%| F|  |TAMS 0x00000000c7300000, 0x00000000c7300000| Untracked 
|  48|0x00000000c7400000, 0x00000000c7400000, 0x00000000c7500000|  0%| F|  |TAMS 0x00000000c7400000, 0x00000000c7400000| Untracked 
|  49|0x00000000c7500000, 0x00000000c7500000, 0x00000000c7600000|  0%| F|  |TAMS 0x00000000c7500000, 0x00000000c7500000| Untracked 
|  50|0x00000000c7600000, 0x00000000c7600000, 0x00000000c7700000|  0%| F|  |TAMS 0x00000000c7600000, 0x00000000c7600000| Untracked 
|  51|0x00000000c7700000, 0x00000000c7700000, 0x00000000c7800000|  0%| F|  |TAMS 0x00000000c7700000, 0x00000000c7700000| Untracked 
|  52|0x00000000c7800000, 0x00000000c7800000, 0x00000000c7900000|  0%| F|  |TAMS 0x00000000c7800000, 0x00000000c7800000| Untracked 
|  53|0x00000000c7900000, 0x00000000c7900000, 0x00000000c7a00000|  0%| F|  |TAMS 0x00000000c7900000, 0x00000000c7900000| Untracked 
|  54|0x00000000c7a00000, 0x00000000c7a00000, 0x00000000c7b00000|  0%| F|  |TAMS 0x00000000c7a00000, 0x00000000c7a00000| Untracked 
|  55|0x00000000c7b00000, 0x00000000c7c00000, 0x00000000c7c00000|100%| S|CS|TAMS 0x00000000c7b00000, 0x00000000c7b00000| Complete 
|  56|0x00000000c7c00000, 0x00000000c7d00000, 0x00000000c7d00000|100%| S|CS|TAMS 0x00000000c7c00000, 0x00000000c7c00000| Complete 
|  57|0x00000000c7d00000, 0x00000000c7d00000, 0x00000000c7e00000|  0%| F|  |TAMS 0x00000000c7d00000, 0x00000000c7d00000| Untracked 
|  58|0x00000000c7e00000, 0x00000000c7e00000, 0x00000000c7f00000|  0%| F|  |TAMS 0x00000000c7e00000, 0x00000000c7e00000| Untracked 
|  59|0x00000000c7f00000, 0x00000000c7f00000, 0x00000000c8000000|  0%| F|  |TAMS 0x00000000c7f00000, 0x00000000c7f00000| Untracked 
|  60|0x00000000c8000000, 0x00000000c8000000, 0x00000000c8100000|  0%| F|  |TAMS 0x00000000c8000000, 0x00000000c8000000| Untracked 
|  61|0x00000000c8100000, 0x00000000c8100000, 0x00000000c8200000|  0%| F|  |TAMS 0x00000000c8100000, 0x00000000c8100000| Untracked 
|  62|0x00000000c8200000, 0x00000000c8200000, 0x00000000c8300000|  0%| F|  |TAMS 0x00000000c8200000, 0x00000000c8200000| Untracked 
|  63|0x00000000c8300000, 0x00000000c8300000, 0x00000000c8400000|  0%| F|  |TAMS 0x00000000c8300000, 0x00000000c8300000| Untracked 
|  64|0x00000000c8400000, 0x00000000c8400000, 0x00000000c8500000|  0%| F|  |TAMS 0x00000000c8400000, 0x00000000c8400000| Untracked 
|  65|0x00000000c8500000, 0x00000000c8500000, 0x00000000c8600000|  0%| F|  |TAMS 0x00000000c8500000, 0x00000000c8500000| Untracked 
|  66|0x00000000c8600000, 0x00000000c8600000, 0x00000000c8700000|  0%| F|  |TAMS 0x00000000c8600000, 0x00000000c8600000| Untracked 
|  67|0x00000000c8700000, 0x00000000c8700000, 0x00000000c8800000|  0%| F|  |TAMS 0x00000000c8700000, 0x00000000c8700000| Untracked 
|  68|0x00000000c8800000, 0x00000000c8800000, 0x00000000c8900000|  0%| F|  |TAMS 0x00000000c8800000, 0x00000000c8800000| Untracked 
|  69|0x00000000c8900000, 0x00000000c8900000, 0x00000000c8a00000|  0%| F|  |TAMS 0x00000000c8900000, 0x00000000c8900000| Untracked 
|  70|0x00000000c8a00000, 0x00000000c8a00000, 0x00000000c8b00000|  0%| F|  |TAMS 0x00000000c8a00000, 0x00000000c8a00000| Untracked 
|  71|0x00000000c8b00000, 0x00000000c8b00000, 0x00000000c8c00000|  0%| F|  |TAMS 0x00000000c8b00000, 0x00000000c8b00000| Untracked 

Card table byte_map: [0x00000235a8730000,0x00000235a8910000] _byte_map_base: 0x00000235a810e000

Marking Bits (Prev, Next): (CMBitMap*) 0x00000235a0c718b0, (CMBitMap*) 0x00000235a0c71870
 Prev Bits: [0x00000235a99e0000, 0x00000235aa8d0000)
 Next Bits: [0x00000235a8af0000, 0x00000235a99e0000)

Polling page: 0x00000235a0d00000

Metaspace:

Usage:
  Non-class:     30.16 MB used.
      Class:      4.48 MB used.
       Both:     34.64 MB used.

Virtual space:
  Non-class space:       32.00 MB reserved,      30.31 MB ( 95%) committed,  4 nodes.
      Class space:        1.00 GB reserved,       4.62 MB ( <1%) committed,  1 nodes.
             Both:        1.03 GB reserved,      34.94 MB (  3%) committed. 

Chunk freelists:
   Non-Class:  1.57 MB
       Class:  3.32 MB
        Both:  4.90 MB

MaxMetaspaceSize: unlimited
CompressedClassSpaceSize: 1.00 GB
Initial GC threshold: 21.00 MB
Current GC threshold: 58.12 MB
CDS: off
MetaspaceReclaimPolicy: balanced
 - commit_granule_bytes: 65536.
 - commit_granule_words: 8192.
 - virtual_space_node_default_size: 1048576.
 - enlarge_chunks_in_place: 1.
 - new_chunks_are_fully_committed: 0.
 - uncommit_free_chunks: 1.
 - use_allocation_guard: 0.
 - handle_deallocations: 1.


Internal statistics:

num_allocs_failed_limit: 3.
num_arena_births: 342.
num_arena_deaths: 0.
num_vsnodes_births: 5.
num_vsnodes_deaths: 0.
num_space_committed: 559.
num_space_uncommitted: 0.
num_chunks_returned_to_freelist: 3.
num_chunks_taken_from_freelist: 1339.
num_chunk_merges: 3.
num_chunk_splits: 918.
num_chunks_enlarged: 716.
num_purges: 0.
num_inconsistent_stats: 0.

CodeCache: size=49152Kb used=7616Kb max_used=7616Kb free=41535Kb
 bounds [0x00000235a5090000, 0x00000235a5810000, 0x00000235a8090000]
 total_blobs=4098 nmethods=3583 adapters=441
 compilation: enabled
              stopped_count=0, restarted_count=0
 full_count=0

Compilation events (20 events):
Event: 15.391 Thread 0x00000235acea4840 3575 %     1       io.github.classgraph.ClasspathElementZip::scanPaths @ 182 (879 bytes)
Event: 15.410 Thread 0x00000235acea4840 nmethod 3575% 0x00000235a57ef690 code [0x00000235a57efd20, 0x00000235a57f2518]
Event: 15.411 Thread 0x00000235ae33d690 3576 %     1       io.github.classgraph.ClasspathElementZip::scanPaths @ 517 (879 bytes)
Event: 15.415 Thread 0x00000235acea4840 3577   !   1       java.util.concurrent.LinkedBlockingQueue::take (91 bytes)
Event: 15.417 Thread 0x00000235acea4840 nmethod 3577 0x00000235a57f4090 code [0x00000235a57f4360, 0x00000235a57f4c78]
Event: 15.417 Thread 0x00000235acea4840 3578       1       java.util.concurrent.LinkedBlockingQueue::dequeue (32 bytes)
Event: 15.417 Thread 0x00000235acea4840 nmethod 3578 0x00000235a57f5510 code [0x00000235a57f56a0, 0x00000235a57f5858]
Event: 15.417 Thread 0x00000235acea4840 3579       1       java.util.concurrent.atomic.AtomicInteger::getAndDecrement (12 bytes)
Event: 15.417 Thread 0x00000235acea4840 nmethod 3579 0x00000235a57f5910 code [0x00000235a57f5aa0, 0x00000235a57f5b78]
Event: 15.422 Thread 0x00000235ae33d690 nmethod 3576% 0x00000235a57f5c10 code [0x00000235a57f62c0, 0x00000235a57f8df8]
Event: 15.426 Thread 0x00000235ae33d690 3580       1       io.github.classgraph.ClasspathElementZip::scanPaths (879 bytes)
Event: 15.427 Thread 0x00000235acea4840 3581       1       nonapi.io.github.classgraph.concurrency.InterruptionChecker::check (27 bytes)
Event: 15.428 Thread 0x00000235acea4840 nmethod 3581 0x00000235a57faa10 code [0x00000235a57fabc0, 0x00000235a57fad98]
Event: 15.429 Thread 0x00000235acea4840 3582       1       nonapi.io.github.classgraph.concurrency.InterruptionChecker::checkAndReturn (37 bytes)
Event: 15.430 Thread 0x00000235acea4840 nmethod 3582 0x00000235a57faf10 code [0x00000235a57fb0c0, 0x00000235a57fb288]
Event: 15.437 Thread 0x00000235ae33d690 nmethod 3580 0x00000235a57fb410 code [0x00000235a57fbaa0, 0x00000235a57fe0b8]
Event: 15.438 Thread 0x00000235ae33d690 3584       1       nonapi.io.github.classgraph.concurrency.InterruptionChecker::getExecutionException (11 bytes)
Event: 15.438 Thread 0x00000235acea4840 3583       1       java.util.concurrent.atomic.AtomicInteger::decrementAndGet (14 bytes)
Event: 15.438 Thread 0x00000235acea4840 nmethod 3583 0x00000235a57ffb90 code [0x00000235a57ffd20, 0x00000235a57ffdf8]
Event: 15.438 Thread 0x00000235ae33d690 nmethod 3584 0x00000235a57ffe90 code [0x00000235a5800020, 0x00000235a5800118]

GC Heap History (20 events):
Event: 13.721 GC heap after
{Heap after GC invocations=10 (full 0):
 garbage-first heap   total 48128K, used 20207K [0x00000000c4400000, 0x0000000100000000)
  region size 1024K, 2 young (2048K), 2 survivors (2048K)
 Metaspace       used 33592K, committed 33920K, reserved 1081344K
  class space    used 4295K, committed 4416K, reserved 1048576K
}
Event: 14.419 GC heap before
{Heap before GC invocations=10 (full 0):
 garbage-first heap   total 48128K, used 33519K [0x00000000c4400000, 0x0000000100000000)
  region size 1024K, 16 young (16384K), 2 survivors (2048K)
 Metaspace       used 35143K, committed 35456K, reserved 1081344K
  class space    used 4527K, committed 4672K, reserved 1048576K
}
Event: 14.432 GC heap after
{Heap after GC invocations=11 (full 0):
 garbage-first heap   total 48128K, used 22093K [0x00000000c4400000, 0x0000000100000000)
  region size 1024K, 2 young (2048K), 2 survivors (2048K)
 Metaspace       used 35143K, committed 35456K, reserved 1081344K
  class space    used 4527K, committed 4672K, reserved 1048576K
}
Event: 14.649 GC heap before
{Heap before GC invocations=11 (full 0):
 garbage-first heap   total 48128K, used 34381K [0x00000000c4400000, 0x0000000100000000)
  region size 1024K, 15 young (15360K), 2 survivors (2048K)
 Metaspace       used 35260K, committed 35648K, reserved 1081344K
  class space    used 4549K, committed 4736K, reserved 1048576K
}
Event: 14.656 GC heap after
{Heap after GC invocations=12 (full 0):
 garbage-first heap   total 48128K, used 25214K [0x00000000c4400000, 0x0000000100000000)
  region size 1024K, 2 young (2048K), 2 survivors (2048K)
 Metaspace       used 35260K, committed 35648K, reserved 1081344K
  class space    used 4549K, committed 4736K, reserved 1048576K
}
Event: 14.733 GC heap before
{Heap before GC invocations=12 (full 0):
 garbage-first heap   total 48128K, used 34430K [0x00000000c4400000, 0x0000000100000000)
  region size 1024K, 12 young (12288K), 2 survivors (2048K)
 Metaspace       used 35374K, committed 35712K, reserved 1081344K
  class space    used 4567K, committed 4736K, reserved 1048576K
}
Event: 14.738 GC heap after
{Heap after GC invocations=13 (full 0):
 garbage-first heap   total 48128K, used 27182K [0x00000000c4400000, 0x0000000100000000)
  region size 1024K, 2 young (2048K), 2 survivors (2048K)
 Metaspace       used 35374K, committed 35712K, reserved 1081344K
  class space    used 4567K, committed 4736K, reserved 1048576K
}
Event: 14.870 GC heap before
{Heap before GC invocations=13 (full 0):
 garbage-first heap   total 60416K, used 35374K [0x00000000c4400000, 0x0000000100000000)
  region size 1024K, 11 young (11264K), 2 survivors (2048K)
 Metaspace       used 35374K, committed 35712K, reserved 1081344K
  class space    used 4567K, committed 4736K, reserved 1048576K
}
Event: 14.876 GC heap after
{Heap after GC invocations=14 (full 0):
 garbage-first heap   total 72704K, used 29404K [0x00000000c4400000, 0x0000000100000000)
  region size 1024K, 2 young (2048K), 2 survivors (2048K)
 Metaspace       used 35374K, committed 35712K, reserved 1081344K
  class space    used 4567K, committed 4736K, reserved 1048576K
}
Event: 15.078 GC heap before
{Heap before GC invocations=15 (full 0):
 garbage-first heap   total 72704K, used 52956K [0x00000000c4400000, 0x0000000100000000)
  region size 1024K, 25 young (25600K), 2 survivors (2048K)
 Metaspace       used 35467K, committed 35776K, reserved 1081344K
  class space    used 4585K, committed 4736K, reserved 1048576K
}
Event: 15.088 GC heap after
{Heap after GC invocations=16 (full 0):
 garbage-first heap   total 72704K, used 33342K [0x00000000c4400000, 0x0000000100000000)
  region size 1024K, 4 young (4096K), 4 survivors (4096K)
 Metaspace       used 35467K, committed 35776K, reserved 1081344K
  class space    used 4585K, committed 4736K, reserved 1048576K
}
Event: 15.092 GC heap before
{Heap before GC invocations=16 (full 0):
 garbage-first heap   total 72704K, used 34366K [0x00000000c4400000, 0x0000000100000000)
  region size 1024K, 5 young (5120K), 4 survivors (4096K)
 Metaspace       used 35467K, committed 35776K, reserved 1081344K
  class space    used 4585K, committed 4736K, reserved 1048576K
}
Event: 15.100 GC heap after
{Heap after GC invocations=17 (full 0):
 garbage-first heap   total 72704K, used 33437K [0x00000000c4400000, 0x0000000100000000)
  region size 1024K, 1 young (1024K), 1 survivors (1024K)
 Metaspace       used 35467K, committed 35776K, reserved 1081344K
  class space    used 4585K, committed 4736K, reserved 1048576K
}
Event: 15.222 GC heap before
{Heap before GC invocations=17 (full 0):
 garbage-first heap   total 72704K, used 52893K [0x00000000c4400000, 0x0000000100000000)
  region size 1024K, 20 young (20480K), 1 survivors (1024K)
 Metaspace       used 35467K, committed 35776K, reserved 1081344K
  class space    used 4585K, committed 4736K, reserved 1048576K
}
Event: 15.230 GC heap after
{Heap after GC invocations=18 (full 0):
 garbage-first heap   total 72704K, used 36848K [0x00000000c4400000, 0x0000000100000000)
  region size 1024K, 3 young (3072K), 3 survivors (3072K)
 Metaspace       used 35467K, committed 35776K, reserved 1081344K
  class space    used 4585K, committed 4736K, reserved 1048576K
}
Event: 15.375 GC heap before
{Heap before GC invocations=19 (full 0):
 garbage-first heap   total 73728K, used 54256K [0x00000000c4400000, 0x0000000100000000)
  region size 1024K, 20 young (20480K), 3 survivors (3072K)
 Metaspace       used 35468K, committed 35776K, reserved 1081344K
  class space    used 4585K, committed 4736K, reserved 1048576K
}
Event: 15.386 GC heap after
{Heap after GC invocations=20 (full 0):
 garbage-first heap   total 73728K, used 40684K [0x00000000c4400000, 0x0000000100000000)
  region size 1024K, 3 young (3072K), 3 survivors (3072K)
 Metaspace       used 35468K, committed 35776K, reserved 1081344K
  class space    used 4585K, committed 4736K, reserved 1048576K
}
Event: 15.392 GC heap before
{Heap before GC invocations=20 (full 0):
 garbage-first heap   total 73728K, used 40684K [0x00000000c4400000, 0x0000000100000000)
  region size 1024K, 4 young (4096K), 3 survivors (3072K)
 Metaspace       used 35468K, committed 35776K, reserved 1081344K
  class space    used 4585K, committed 4736K, reserved 1048576K
}
Event: 15.400 GC heap after
{Heap after GC invocations=21 (full 0):
 garbage-first heap   total 73728K, used 41210K [0x00000000c4400000, 0x0000000100000000)
  region size 1024K, 1 young (1024K), 1 survivors (1024K)
 Metaspace       used 35468K, committed 35776K, reserved 1081344K
  class space    used 4585K, committed 4736K, reserved 1048576K
}
Event: 15.477 GC heap before
{Heap before GC invocations=21 (full 0):
 garbage-first heap   total 73728K, used 55546K [0x00000000c4400000, 0x0000000100000000)
  region size 1024K, 15 young (15360K), 1 survivors (1024K)
 Metaspace       used 35468K, committed 35776K, reserved 1081344K
  class space    used 4585K, committed 4736K, reserved 1048576K
}

Deoptimization events (10 events):
Event: 4.934 Thread 0x00000235a0c34260 DEOPT PACKING pc=0x00000235a5560c99 sp=0x000000ec595fd660
Event: 4.934 Thread 0x00000235a0c34260 DEOPT UNPACKING pc=0x00000235a50e6763 sp=0x000000ec595fcb40 mode 3
Event: 13.676 Thread 0x00000235af02fc50 DEOPT PACKING pc=0x00000235a5705e35 sp=0x000000ec5b0fe380
Event: 13.676 Thread 0x00000235af02fc50 DEOPT UNPACKING pc=0x00000235a50e6763 sp=0x000000ec5b0fd8a8 mode 3
Event: 13.859 Thread 0x00000235af2cf860 DEOPT PACKING pc=0x00000235a5500481 sp=0x000000ec5affd620
Event: 13.859 Thread 0x00000235af2cf860 DEOPT UNPACKING pc=0x00000235a50e6763 sp=0x000000ec5affcab0 mode 3
Event: 13.862 Thread 0x00000235af02fc50 DEOPT PACKING pc=0x00000235a54fe817 sp=0x000000ec5b0ff3b0
Event: 13.862 Thread 0x00000235af02fc50 DEOPT UNPACKING pc=0x00000235a50e6763 sp=0x000000ec5b0fe808 mode 3
Event: 14.302 Thread 0x00000235af3f23c0 DEOPT PACKING pc=0x00000235a57237ab sp=0x000000ec5b1fe8f0
Event: 14.302 Thread 0x00000235af3f23c0 DEOPT UNPACKING pc=0x00000235a50e6763 sp=0x000000ec5b1fde38 mode 3

Classes unloaded (0 events):
No events

Classes redefined (0 events):
No events

Internal exceptions (20 events):
Event: 14.343 Thread 0x00000235af7f4530 Exception <a 'sun/nio/fs/WindowsException'{0x00000000c6bfe040}> (0x00000000c6bfe040) 
thrown [s\src\hotspot\share\prims\jni.cpp, line 516]
Event: 14.343 Thread 0x00000235af7f4530 Exception <a 'sun/nio/fs/WindowsException'{0x00000000c6bfe450}> (0x00000000c6bfe450) 
thrown [s\src\hotspot\share\prims\jni.cpp, line 516]
Event: 14.343 Thread 0x00000235af7f4530 Exception <a 'sun/nio/fs/WindowsException'{0x00000000c6bfee78}> (0x00000000c6bfee78) 
thrown [s\src\hotspot\share\prims\jni.cpp, line 516]
Event: 14.344 Thread 0x00000235af7f4530 Exception <a 'sun/nio/fs/WindowsException'{0x00000000c6bff258}> (0x00000000c6bff258) 
thrown [s\src\hotspot\share\prims\jni.cpp, line 516]
Event: 14.344 Thread 0x00000235af7f4530 Exception <a 'sun/nio/fs/WindowsException'{0x00000000c6bffc48}> (0x00000000c6bffc48) 
thrown [s\src\hotspot\share\prims\jni.cpp, line 516]
Event: 14.344 Thread 0x00000235af7f4530 Exception <a 'sun/nio/fs/WindowsException'{0x00000000c6a00000}> (0x00000000c6a00000) 
thrown [s\src\hotspot\share\prims\jni.cpp, line 516]
Event: 14.344 Thread 0x00000235af7f4530 Exception <a 'sun/nio/fs/WindowsException'{0x00000000c6a02850}> (0x00000000c6a02850) 
thrown [s\src\hotspot\share\prims\jni.cpp, line 516]
Event: 14.344 Thread 0x00000235af7f4530 Exception <a 'sun/nio/fs/WindowsException'{0x00000000c6a02c10}> (0x00000000c6a02c10) 
thrown [s\src\hotspot\share\prims\jni.cpp, line 516]
Event: 14.344 Thread 0x00000235af7f4530 Exception <a 'sun/nio/fs/WindowsException'{0x00000000c6a03610}> (0x00000000c6a03610) 
thrown [s\src\hotspot\share\prims\jni.cpp, line 516]
Event: 14.344 Thread 0x00000235af7f4530 Exception <a 'sun/nio/fs/WindowsException'{0x00000000c6a039c0}> (0x00000000c6a039c0) 
thrown [s\src\hotspot\share\prims\jni.cpp, line 516]
Event: 14.344 Thread 0x00000235af7f4530 Exception <a 'sun/nio/fs/WindowsException'{0x00000000c6a043c0}> (0x00000000c6a043c0) 
thrown [s\src\hotspot\share\prims\jni.cpp, line 516]
Event: 14.344 Thread 0x00000235af7f4530 Exception <a 'sun/nio/fs/WindowsException'{0x00000000c6a04780}> (0x00000000c6a04780) 
thrown [s\src\hotspot\share\prims\jni.cpp, line 516]
Event: 14.344 Thread 0x00000235af7f4530 Exception <a 'sun/nio/fs/WindowsException'{0x00000000c6a051a8}> (0x00000000c6a051a8) 
thrown [s\src\hotspot\share\prims\jni.cpp, line 516]
Event: 14.344 Thread 0x00000235af7f4530 Exception <a 'sun/nio/fs/WindowsException'{0x00000000c6a05588}> (0x00000000c6a05588) 
thrown [s\src\hotspot\share\prims\jni.cpp, line 516]
Event: 14.344 Thread 0x00000235af7f4530 Exception <a 'sun/nio/fs/WindowsException'{0x00000000c6a05fc0}> (0x00000000c6a05fc0) 
thrown [s\src\hotspot\share\prims\jni.cpp, line 516]
Event: 14.344 Thread 0x00000235af7f4530 Exception <a 'sun/nio/fs/WindowsException'{0x00000000c6a063b0}> (0x00000000c6a063b0) 
thrown [s\src\hotspot\share\prims\jni.cpp, line 516]
Event: 14.344 Thread 0x00000235af7f4530 Exception <a 'sun/nio/fs/WindowsException'{0x00000000c6a06dd8}> (0x00000000c6a06dd8) 
thrown [s\src\hotspot\share\prims\jni.cpp, line 516]
Event: 14.344 Thread 0x00000235af7f4530 Exception <a 'sun/nio/fs/WindowsException'{0x00000000c6a071c8}> (0x00000000c6a071c8) 
thrown [s\src\hotspot\share\prims\jni.cpp, line 516]
Event: 14.699 Thread 0x00000235af7f4060 Exception <a 'java/lang/NoSuchMethodError'{0x00000000c6f544e8}: 'int java.lang.invoke.DirectMethodHandle$Holder.invokeStatic(java.lang.Object)'> (0x00000000c6f544e8) 
thrown [s\src\hotspot\share\interpreter\linkResolver.cpp, line 759]
Event: 14.699 Thread 0x00000235af7f4060 Exception <a 'java/lang/NoSuchMethodError'{0x00000000c6fe0878}: 'int java.lang.invoke.DirectMethodHandle$Holder.invokeStaticInit(java.lang.Object)'> (0x00000000c6fe0878) 
thrown [s\src\hotspot\share\interpreter\linkResolver.cpp, line 759]

VM Operations (20 events):
Event: 14.911 Executing VM operation: G1Concurrent done
Event: 14.915 Executing VM operation: HandshakeAllThreads
Event: 14.915 Executing VM operation: HandshakeAllThreads done
Event: 15.078 Executing VM operation: G1CollectForAllocation
Event: 15.088 Executing VM operation: G1CollectForAllocation done
Event: 15.092 Executing VM operation: G1CollectForAllocation
Event: 15.100 Executing VM operation: G1CollectForAllocation done
Event: 15.222 Executing VM operation: G1CollectForAllocation
Event: 15.230 Executing VM operation: G1CollectForAllocation done
Event: 15.282 Executing VM operation: G1Concurrent
Event: 15.287 Executing VM operation: G1Concurrent done
Event: 15.320 Executing VM operation: G1Concurrent
Event: 15.321 Executing VM operation: G1Concurrent done
Event: 15.335 Executing VM operation: HandshakeAllThreads
Event: 15.335 Executing VM operation: HandshakeAllThreads done
Event: 15.374 Executing VM operation: G1CollectForAllocation
Event: 15.387 Executing VM operation: G1CollectForAllocation done
Event: 15.392 Executing VM operation: G1CollectForAllocation
Event: 15.405 Executing VM operation: G1CollectForAllocation done
Event: 15.461 Executing VM operation: G1CollectForAllocation

Events (20 events):
Event: 14.900 loading class java/util/stream/Collectors$1PairBox
Event: 14.900 loading class java/util/stream/Collectors$1PairBox done
Event: 14.912 loading class jdk/internal/module/SystemModuleFinders$ModuleContentSpliterator
Event: 14.912 loading class jdk/internal/module/SystemModuleFinders$ModuleContentSpliterator done
Event: 14.912 loading class jdk/internal/jimage/ImageReader$Directory
Event: 14.912 loading class jdk/internal/jimage/ImageReader$Node
Event: 14.912 loading class jdk/internal/jimage/ImageReader$Node done
Event: 14.912 loading class jdk/internal/jimage/ImageReader$Directory done
Event: 14.913 loading class jdk/internal/jimage/ImageReader$SharedImageReader$LocationVisitor
Event: 14.913 loading class jdk/internal/jimage/ImageReader$SharedImageReader$LocationVisitor done
Event: 14.914 loading class java/nio/ByteBufferAsIntBufferL
Event: 14.914 loading class java/nio/ByteBufferAsIntBufferL done
Event: 14.916 loading class jdk/internal/jimage/ImageReader$Resource
Event: 14.916 loading class jdk/internal/jimage/ImageReader$Resource done
Event: 14.917 loading class java/util/concurrent/locks/AbstractQueuedSynchronizer$SharedNode
Event: 14.917 loading class java/util/concurrent/locks/AbstractQueuedSynchronizer$SharedNode done
Event: 14.917 loading class java/util/stream/LongStream
Event: 14.918 loading class java/util/stream/LongStream done
Event: 14.918 loading class java/util/stream/DoubleStream
Event: 14.919 loading class java/util/stream/DoubleStream done


Dynamic libraries:
0x00007ff639d60000 - 0x00007ff639d6e000 	c:\Users\thali\.vscode\extensions\redhat.java-1.12.0-win32-x64\jre\17.0.4.1-win32-x86_64\bin\java.exe
0x00007ffa4f190000 - 0x00007ffa4f3a4000 	C:\WINDOWS\SYSTEM32\ntdll.dll
0x00007ffa4d110000 - 0x00007ffa4d1d2000 	C:\WINDOWS\System32\KERNEL32.DLL
0x00007ffa4c6e0000 - 0x00007ffa4ca7d000 	C:\WINDOWS\System32\KERNELBASE.dll
0x00007ffa4ce40000 - 0x00007ffa4cf51000 	C:\WINDOWS\System32\ucrtbase.dll
0x00007ffa22e90000 - 0x00007ffa22ea8000 	c:\Users\thali\.vscode\extensions\redhat.java-1.12.0-win32-x64\jre\17.0.4.1-win32-x86_64\bin\jli.dll
0x00007ffa4efa0000 - 0x00007ffa4f14a000 	C:\WINDOWS\System32\USER32.dll
0x00007ffa4cf60000 - 0x00007ffa4cf86000 	C:\WINDOWS\System32\win32u.dll
0x00007ffa4e300000 - 0x00007ffa4e329000 	C:\WINDOWS\System32\GDI32.dll
0x00007ffa4cbf0000 - 0x00007ffa4cd02000 	C:\WINDOWS\System32\gdi32full.dll
0x00007ffa4c640000 - 0x00007ffa4c6da000 	C:\WINDOWS\System32\msvcp_win.dll
0x00007ffa36710000 - 0x00007ffa36729000 	c:\Users\thali\.vscode\extensions\redhat.java-1.12.0-win32-x64\jre\17.0.4.1-win32-x86_64\bin\VCRUNTIME140.dll
0x00007ffa35e50000 - 0x00007ffa360de000 	C:\WINDOWS\WinSxS\amd64_microsoft.windows.common-controls_6595b64144ccf1df_6.0.22621.608_none_a9444ca7c10bb01d\COMCTL32.dll
0x00007ffa4cfb0000 - 0x00007ffa4d057000 	C:\WINDOWS\System32\msvcrt.dll
0x00007ffa4eed0000 - 0x00007ffa4ef02000 	C:\WINDOWS\System32\IMM32.DLL
0x00007ffa44910000 - 0x00007ffa4491c000 	c:\Users\thali\.vscode\extensions\redhat.java-1.12.0-win32-x64\jre\17.0.4.1-win32-x86_64\bin\vcruntime140_1.dll
0x00007ffa0a630000 - 0x00007ffa0a6c1000 	c:\Users\thali\.vscode\extensions\redhat.java-1.12.0-win32-x64\jre\17.0.4.1-win32-x86_64\bin\msvcp140.dll
0x00007ff9f0840000 - 0x00007ff9f1486000 	c:\Users\thali\.vscode\extensions\redhat.java-1.12.0-win32-x64\jre\17.0.4.1-win32-x86_64\bin\server\jvm.dll
0x00007ffa4e1d0000 - 0x00007ffa4e27e000 	C:\WINDOWS\System32\ADVAPI32.dll
0x00007ffa4ec60000 - 0x00007ffa4ed04000 	C:\WINDOWS\System32\sechost.dll
0x00007ffa4e6d0000 - 0x00007ffa4e7e5000 	C:\WINDOWS\System32\RPCRT4.dll
0x00007ffa4eb50000 - 0x00007ffa4eb58000 	C:\WINDOWS\System32\PSAPI.DLL
0x00007ffa3e860000 - 0x00007ffa3e869000 	C:\WINDOWS\SYSTEM32\WSOCK32.dll
0x00007ffa4e280000 - 0x00007ffa4e2f1000 	C:\WINDOWS\System32\WS2_32.dll
0x00007ffa4a070000 - 0x00007ffa4a0a4000 	C:\WINDOWS\SYSTEM32\WINMM.dll
0x00007ffa3f6c0000 - 0x00007ffa3f6ca000 	C:\WINDOWS\SYSTEM32\VERSION.dll
0x00007ffa4b700000 - 0x00007ffa4b718000 	C:\WINDOWS\SYSTEM32\kernel.appcore.dll
0x00007ffa3e770000 - 0x00007ffa3e77a000 	c:\Users\thali\.vscode\extensions\redhat.java-1.12.0-win32-x64\jre\17.0.4.1-win32-x86_64\bin\jimage.dll
0x00007ffa49e00000 - 0x00007ffa4a02e000 	C:\WINDOWS\SYSTEM32\DBGHELP.DLL
0x00007ffa4e340000 - 0x00007ffa4e6ca000 	C:\WINDOWS\System32\combase.dll
0x00007ffa4e0f0000 - 0x00007ffa4e1c7000 	C:\WINDOWS\System32\OLEAUT32.dll
0x00007ffa4a030000 - 0x00007ffa4a062000 	C:\WINDOWS\SYSTEM32\dbgcore.DLL
0x00007ffa4c5c0000 - 0x00007ffa4c63b000 	C:\WINDOWS\System32\bcryptPrimitives.dll
0x00007ffa11ba0000 - 0x00007ffa11bc5000 	c:\Users\thali\.vscode\extensions\redhat.java-1.12.0-win32-x64\jre\17.0.4.1-win32-x86_64\bin\java.dll
0x00007ffa13e40000 - 0x00007ffa13e58000 	c:\Users\thali\.vscode\extensions\redhat.java-1.12.0-win32-x64\jre\17.0.4.1-win32-x86_64\bin\zip.dll
0x00007ffa4d1e0000 - 0x00007ffa4d9c0000 	C:\WINDOWS\System32\SHELL32.dll
0x00007ffa4a5c0000 - 0x00007ffa4ae85000 	C:\WINDOWS\SYSTEM32\windows.storage.dll
0x00007ffa4a480000 - 0x00007ffa4a5be000 	C:\WINDOWS\SYSTEM32\wintypes.dll
0x00007ffa4edd0000 - 0x00007ffa4eec1000 	C:\WINDOWS\System32\SHCORE.dll
0x00007ffa4e090000 - 0x00007ffa4e0ee000 	C:\WINDOWS\System32\shlwapi.dll
0x00007ffa4c4f0000 - 0x00007ffa4c511000 	C:\WINDOWS\SYSTEM32\profapi.dll
0x00007ffa134f0000 - 0x00007ffa13509000 	C:\Users\thali\.vscode\extensions\redhat.java-1.12.0-win32-x64\jre\17.0.4.1-win32-x86_64\bin\net.dll
0x00007ffa43920000 - 0x00007ffa43a4f000 	C:\WINDOWS\SYSTEM32\WINHTTP.dll
0x00007ffa4bb80000 - 0x00007ffa4bbe9000 	C:\WINDOWS\system32\mswsock.dll
0x00007ffa12630000 - 0x00007ffa12645000 	C:\Users\thali\.vscode\extensions\redhat.java-1.12.0-win32-x64\jre\17.0.4.1-win32-x86_64\bin\nio.dll
0x00007ffa3e4b0000 - 0x00007ffa3e4c0000 	c:\Users\thali\.vscode\extensions\redhat.java-1.12.0-win32-x64\jre\17.0.4.1-win32-x86_64\bin\verify.dll
0x00007ffa48fa0000 - 0x00007ffa48fa9000 	C:\Users\thali\.vscode\extensions\redhat.java-1.12.0-win32-x64\jre\17.0.4.1-win32-x86_64\bin\management.dll
0x00007ffa47440000 - 0x00007ffa4744b000 	C:\Users\thali\.vscode\extensions\redhat.java-1.12.0-win32-x64\jre\17.0.4.1-win32-x86_64\bin\management_ext.dll
0x00007ffa12710000 - 0x00007ffa12727000 	C:\WINDOWS\system32\napinsp.dll
0x00007ffa126f0000 - 0x00007ffa1270b000 	C:\WINDOWS\system32\pnrpnsp.dll
0x00007ffa4b1c0000 - 0x00007ffa4b2b2000 	C:\WINDOWS\SYSTEM32\DNSAPI.dll
0x00007ffa4b150000 - 0x00007ffa4b17d000 	C:\WINDOWS\SYSTEM32\IPHLPAPI.DLL
0x00007ffa4dc00000 - 0x00007ffa4dc09000 	C:\WINDOWS\System32\NSI.dll
0x00007ffa12500000 - 0x00007ffa12511000 	C:\WINDOWS\System32\winrnr.dll
0x00007ffa12450000 - 0x00007ffa12465000 	C:\WINDOWS\system32\wshbth.dll
0x00007ffa12420000 - 0x00007ffa12441000 	C:\WINDOWS\system32\nlansp_c.dll
0x00007ffa40ac0000 - 0x00007ffa40aca000 	C:\Windows\System32\rasadhlp.dll
0x00007ffa3b980000 - 0x00007ffa3ba03000 	C:\WINDOWS\System32\fwpuclnt.dll
0x00007ffa4bdc0000 - 0x00007ffa4bddb000 	C:\WINDOWS\SYSTEM32\CRYPTSP.dll
0x00007ffa4b670000 - 0x00007ffa4b6a5000 	C:\WINDOWS\system32\rsaenh.dll
0x00007ffa4bc70000 - 0x00007ffa4bc98000 	C:\WINDOWS\SYSTEM32\USERENV.dll
0x00007ffa4bf80000 - 0x00007ffa4bfa8000 	C:\WINDOWS\SYSTEM32\bcrypt.dll
0x00007ffa4bde0000 - 0x00007ffa4bdec000 	C:\WINDOWS\SYSTEM32\CRYPTBASE.dll
0x00007ffa41c90000 - 0x00007ffa41ca9000 	C:\WINDOWS\SYSTEM32\dhcpcsvc6.DLL
0x00007ffa41c70000 - 0x00007ffa41c8f000 	C:\WINDOWS\SYSTEM32\dhcpcsvc.DLL

dbghelp: loaded successfully - version: 4.0.5 - missing functions: none
symbol engine: initialized successfully - sym options: 0x614 - pdb path: .;c:\Users\thali\.vscode\extensions\redhat.java-1.12.0-win32-x64\jre\17.0.4.1-win32-x86_64\bin;C:\WINDOWS\SYSTEM32;C:\WINDOWS\WinSxS\amd64_microsoft.windows.common-controls_6595b64144ccf1df_6.0.22621.608_none_a9444ca7c10bb01d;c:\Users\thali\.vscode\extensions\redhat.java-1.12.0-win32-x64\jre\17.0.4.1-win32-x86_64\bin\server

VM Arguments:
jvm_args: -Dsts.lsp.client=vscode -Dsts.log.file=/dev/null -XX:TieredStopAtLevel=1 -Xlog:jni+resolve=off -Dspring.config.location=file:c:\Users\thali\.vscode\extensions\pivotal.vscode-spring-boot-1.40.0\language-server\BOOT-INF\classes\application.properties 
java_command: org.springframework.ide.vscode.boot.app.BootLanguageServerBootApp
java_class_path (initial): c:\Users\thali\.vscode\extensions\pivotal.vscode-spring-boot-1.40.0\language-server\BOOT-INF\classes;c:\Users\thali\.vscode\extensions\pivotal.vscode-spring-boot-1.40.0\language-server\BOOT-INF\lib\annotations-23.0.0.jar;c:\Users\thali\.vscode\extensions\pivotal.vscode-spring-boot-1.40.0\language-server\BOOT-INF\lib\ant-1.10.12.jar;c:\Users\thali\.vscode\extensions\pivotal.vscode-spring-boot-1.40.0\language-server\BOOT-INF\lib\ant-launcher-1.10.12.jar;c:\Users\thali\.vscode\extensions\pivotal.vscode-spring-boot-1.40.0\language-server\BOOT-INF\lib\antlr-runtime-3.5.2.jar;c:\Users\thali\.vscode\extensions\pivotal.vscode-spring-boot-1.40.0\language-server\BOOT-INF\lib\antlr4-4.9.3.jar;c:\Users\thali\.vscode\extensions\pivotal.vscode-spring-boot-1.40.0\language-server\BOOT-INF\lib\antlr4-runtime-4.9.3.jar;c:\Users\thali\.vscode\extensions\pivotal.vscode-spring-boot-1.40.0\language-server\BOOT-INF\lib\asm-9.3.jar;c:\Users\thali\.vscode\extensions\pivotal.vscode-spring-boot-1.40.0\language-server\BOOT-INF\lib\asm-analysis-9.3.jar;c:\Users\thali\.vscode\extensions\pivotal.vscode-spring-boot-1.40.0\language-server\BOOT-INF\lib\asm-tree-9.3.jar;c:\Users\thali\.vscode\extensions\pivotal.vscode-spring-boot-1.40.0\language-server\BOOT-INF\lib\asm-util-9.3.jar;c:\Users\thali\.vscode\extensions\pivotal.vscode-spring-boot-1.40.0\language-server\BOOT-INF\lib\byte-buddy-1.12.13.jar;c:\Users\thali\.vscode\extensions\pivotal.vscode-spring-boot-1.40.0\language-server\BOOT-INF\lib\caffeine-2.9.3.jar;c:\Users\thali\.vscode\extensions\pivotal.vscode-spring-boot-1.40.0\language-server\BOOT-INF\lib\checker-qual-3.12.0.jar;c:\Users\thali\.vscode\extensions\pivotal.vscode-spring-boot-1.40.0\language-server\BOOT-INF\lib\classgraph-4.8.149.jar;c:\Users\thali\.vscode\extensions\pivotal.vscode-spring-boot-1.40.0\language-server\BOOT-INF\lib\commons-codec-1.15.jar;c:\Users\thali\.vscode\extensions\pivotal.vscode-spring-boot-1.40.0\language-server\BOOT-INF\lib\commons-c
Launcher Type: SUN_STANDARD

[Global flags]
     intx CICompilerCount                          = 3                                         {product} {ergonomic}
     uint ConcGCThreads                            = 1                                         {product} {ergonomic}
     uint G1ConcRefinementThreads                  = 4                                         {product} {ergonomic}
   size_t G1HeapRegionSize                         = 1048576                                   {product} {ergonomic}
    uintx GCDrainStackTargetSize                   = 64                                        {product} {ergonomic}
   size_t InitialHeapSize                          = 62914560                                  {product} {ergonomic}
   size_t MarkStackSize                            = 4194304                                   {product} {ergonomic}
   size_t MaxHeapSize                              = 1002438656                                {product} {ergonomic}
   size_t MaxNewSize                               = 600834048                                 {product} {ergonomic}
   size_t MinHeapDeltaBytes                        = 1048576                                   {product} {ergonomic}
   size_t MinHeapSize                              = 8388608                                   {product} {ergonomic}
    uintx NonProfiledCodeHeapSize                  = 0                                      {pd product} {ergonomic}
     bool ProfileInterpreter                       = false                                  {pd product} {command line}
    uintx ProfiledCodeHeapSize                     = 0                                      {pd product} {ergonomic}
   size_t SoftMaxHeapSize                          = 1002438656                             {manageable} {ergonomic}
     intx TieredStopAtLevel                        = 1                                         {product} {command line}
     bool UseCompressedClassPointers               = true                           {product lp64_product} {ergonomic}
     bool UseCompressedOops                        = true                           {product lp64_product} {ergonomic}
     bool UseG1GC                                  = true                                      {product} {ergonomic}
     bool UseLargePagesIndividualAllocation        = false                                  {pd product} {ergonomic}

Logging:
Log output configuration:
 #0: stdout all=warning,jni+resolve=off uptime,level,tags
 #1: stderr all=off uptime,level,tags

Environment Variables:
JAVA_HOME=C:\Users\thali\AppData\Local\Programs\Eclipse Adoptium\jdk-17.0.4.101-hotspot\
PATH=C:\WINDOWS\system32;C:\WINDOWS;C:\WINDOWS\System32\Wbem;C:\WINDOWS\System32\WindowsPowerShell\v1.0\;C:\WINDOWS\System32\OpenSSH\;C:\Program Files\Git\cmd;C:\Program Files\PuTTY\;C:\Program Files\dotnet\;C:\Program Files\nodejs\;C:\ProgramData\chocolatey\bin;C:\Ruby31-x64\bin;C:\Program Files\MySQL\MySQL Shell 8.0\bin\;C:\Users\thali\AppData\Local\Programs\Eclipse Adoptium\jdk-17.0.4.101-hotspot\bin;C:\Users\thali\AppData\Local\Microsoft\WindowsApps;;C:\Users\thali\.dotnet\tools;C:\Users\thali\AppData\Local\Programs\Microsoft VS Code\bin;C:\Users\thali\AppData\Roaming\npm
USERNAME=thali
OS=Windows_NT
PROCESSOR_IDENTIFIER=Intel64 Family 6 Model 140 Stepping 1, GenuineIntel
TMP=C:\Users\thali\AppData\Local\Temp
TEMP=C:\Users\thali\AppData\Local\Temp



---------------  S Y S T E M  ---------------

OS:
 Windows 11 , 64 bit Build 22621 (10.0.22621.755)
OS uptime: 5 days 0:02 hours
Hyper-V role detected

CPU: total 4 (initial active 4) (2 cores per cpu, 2 threads per core) family 6 model 140 stepping 1 microcode 0xa4, cx8, cmov, fxsr, ht, mmx, 3dnowpref, sse, sse2, sse3, ssse3, sse4.1, sse4.2, popcnt, lzcnt, tsc, tscinvbit, avx, avx2, aes, erms, clmul, bmi1, bmi2, adx, avx512f, avx512dq, avx512cd, avx512bw, avx512vl, sha, fma, vzeroupper, avx512_vpopcntdq, avx512_vpclmulqdq, avx512_vaes, avx512_vnni, clflush, clflushopt, clwb, avx512_vbmi2, avx512_vbmi, hv

Memory: 4k page, system-wide physical 3818M (163M free)
TotalPageFile size 7914M (AvailPageFile size 117M)
current process WorkingSet (physical memory assigned to process): 168M, peak: 168M
current process commit charge ("private bytes"): 195M, peak: 339M

vm_info: OpenJDK 64-Bit Server VM (17.0.4.1+1) for windows-amd64 JRE (17.0.4.1+1), built on Aug 17 2022 07:42:43 by "temurin" with MS VC++ 16.7 (VS2019)

END.
